<?xml version="1.0" encoding="UTF-8"?>
<coverage generated="1765768948032" clover="3.2.0">
  <project timestamp="1765768948032" name="All files">
    <metrics statements="1475" coveredstatements="908" conditionals="868" coveredconditionals="393" methods="375" coveredmethods="214" elements="2718" coveredelements="1515" complexity="0" loc="1475" ncloc="1475" packages="10" files="24" classes="24"/>
    <package name="alerting">
      <metrics statements="100" coveredstatements="88" conditionals="49" coveredconditionals="33" methods="30" coveredmethods="26"/>
      <file name="AlertingSystem.js" path="/home/kareem/Desktop/dev-environment/minions/foundation/alerting/AlertingSystem.js">
        <metrics statements="100" coveredstatements="88" conditionals="49" coveredconditionals="33" methods="30" coveredmethods="26"/>
        <line num="6" count="2" type="stmt"/>
        <line num="11" count="2" type="stmt"/>
        <line num="23" count="13" type="stmt"/>
        <line num="24" count="13" type="stmt"/>
        <line num="25" count="13" type="stmt"/>
        <line num="26" count="13" type="stmt"/>
        <line num="27" count="13" type="stmt"/>
        <line num="28" count="13" type="stmt"/>
        <line num="29" count="13" type="stmt"/>
        <line num="36" count="13" type="stmt"/>
        <line num="37" count="13" type="stmt"/>
        <line num="38" count="13" type="stmt"/>
        <line num="45" count="13" type="stmt"/>
        <line num="71" count="13" type="stmt"/>
        <line num="72" count="0" type="stmt"/>
        <line num="82" count="13" type="stmt"/>
        <line num="83" count="0" type="stmt"/>
        <line num="93" count="13" type="stmt"/>
        <line num="94" count="6" type="stmt"/>
        <line num="102" count="6" type="cond" truecount="3" falsecount="1"/>
        <line num="105" count="6" type="stmt"/>
        <line num="106" count="6" type="cond" truecount="1" falsecount="1"/>
        <line num="107" count="0" type="stmt"/>
        <line num="114" count="6" type="cond" truecount="1" falsecount="1"/>
        <line num="115" count="0" type="stmt"/>
        <line num="125" count="6" type="stmt"/>
        <line num="126" count="6" type="cond" truecount="1" falsecount="1"/>
        <line num="127" count="0" type="stmt"/>
        <line num="137" count="6" type="cond" truecount="1" falsecount="1"/>
        <line num="138" count="6" type="stmt"/>
        <line num="139" count="9" type="stmt"/>
        <line num="148" count="9" type="stmt"/>
        <line num="151" count="9" type="cond" truecount="2" falsecount="0"/>
        <line num="152" count="4" type="stmt"/>
        <line num="159" count="5" type="cond" truecount="1" falsecount="1"/>
        <line num="160" count="0" type="stmt"/>
        <line num="170" count="9" type="stmt"/>
        <line num="171" count="9" type="cond" truecount="1" falsecount="1"/>
        <line num="172" count="0" type="stmt"/>
        <line num="186" count="17" type="stmt"/>
        <line num="195" count="17" type="stmt"/>
        <line num="196" count="7" type="cond" truecount="4" falsecount="0"/>
        <line num="202" count="17" type="cond" truecount="2" falsecount="0"/>
        <line num="203" count="4" type="stmt"/>
        <line num="204" count="4" type="stmt"/>
        <line num="207" count="13" type="stmt"/>
        <line num="208" count="13" type="stmt"/>
        <line num="210" count="13" type="cond" truecount="1" falsecount="1"/>
        <line num="211" count="0" type="stmt"/>
        <line num="215" count="13" type="stmt"/>
        <line num="221" count="13" type="stmt"/>
        <line num="223" count="13" type="stmt"/>
        <line num="224" count="13" type="stmt"/>
        <line num="231" count="1" type="stmt"/>
        <line num="232" count="1" type="stmt"/>
        <line num="239" count="13" type="stmt"/>
        <line num="240" count="1" type="stmt"/>
        <line num="241" count="1" type="stmt"/>
        <line num="243" count="0" type="stmt"/>
        <line num="252" count="1" type="stmt"/>
        <line num="253" count="1" type="cond" truecount="1" falsecount="1"/>
        <line num="254" count="1" type="stmt"/>
        <line num="255" count="1" type="stmt"/>
        <line num="256" count="1" type="stmt"/>
        <line num="264" count="2" type="stmt"/>
        <line num="265" count="2" type="cond" truecount="1" falsecount="1"/>
        <line num="266" count="2" type="stmt"/>
        <line num="267" count="2" type="stmt"/>
        <line num="268" count="2" type="stmt"/>
        <line num="269" count="2" type="stmt"/>
        <line num="277" count="7" type="stmt"/>
        <line num="279" count="5" type="cond" truecount="2" falsecount="0"/>
        <line num="280" count="2" type="stmt"/>
        <line num="283" count="5" type="cond" truecount="1" falsecount="1"/>
        <line num="284" count="0" type="stmt"/>
        <line num="287" count="5" type="stmt"/>
        <line num="289" count="1" type="stmt"/>
        <line num="290" count="1" type="stmt"/>
        <line num="291" count="1" type="cond" truecount="1" falsecount="1"/>
        <line num="299" count="1" type="stmt"/>
        <line num="301" count="1" type="cond" truecount="1" falsecount="1"/>
        <line num="302" count="0" type="stmt"/>
        <line num="305" count="1" type="cond" truecount="1" falsecount="1"/>
        <line num="306" count="0" type="stmt"/>
        <line num="309" count="1" type="stmt"/>
        <line num="316" count="1" type="stmt"/>
        <line num="317" count="1" type="stmt"/>
        <line num="324" count="17" type="stmt"/>
        <line num="331" count="1" type="stmt"/>
        <line num="332" count="1" type="stmt"/>
        <line num="334" count="1" type="stmt"/>
        <line num="335" count="1" type="cond" truecount="2" falsecount="0"/>
        <line num="338" count="1" type="stmt"/>
        <line num="339" count="1" type="cond" truecount="1" falsecount="1"/>
        <line num="340" count="1" type="stmt"/>
        <line num="342" count="1" type="stmt"/>
        <line num="347" count="2" type="stmt"/>
        <line num="350" count="4" type="cond" truecount="2" falsecount="0"/>
        <line num="351" count="2" type="stmt"/>
        <line num="353" count="4" type="stmt"/>
      </file>
      <file name="index.js" path="/home/kareem/Desktop/dev-environment/minions/foundation/alerting/index.js">
        <metrics statements="0" coveredstatements="0" conditionals="0" coveredconditionals="0" methods="0" coveredmethods="0"/>
      </file>
    </package>
    <package name="analyzers">
      <metrics statements="279" coveredstatements="0" conditionals="252" coveredconditionals="0" methods="85" coveredmethods="0"/>
      <file name="BaseAnalyzer.js" path="/home/kareem/Desktop/dev-environment/minions/foundation/analyzers/BaseAnalyzer.js">
        <metrics statements="56" coveredstatements="0" conditionals="22" coveredconditionals="0" methods="31" coveredmethods="0"/>
        <line num="18" count="0" type="cond" truecount="0" falsecount="2"/>
        <line num="19" count="0" type="stmt"/>
        <line num="22" count="0" type="stmt"/>
        <line num="23" count="0" type="stmt"/>
        <line num="24" count="0" type="stmt"/>
        <line num="25" count="0" type="stmt"/>
        <line num="33" count="0" type="stmt"/>
        <line num="43" count="0" type="stmt"/>
        <line num="52" count="0" type="cond" truecount="0" falsecount="2"/>
        <line num="53" count="0" type="stmt"/>
        <line num="55" count="0" type="stmt"/>
        <line num="64" count="0" type="cond" truecount="0" falsecount="4"/>
        <line num="65" count="0" type="stmt"/>
        <line num="73" count="0" type="stmt"/>
        <line num="81" count="0" type="stmt"/>
        <line num="87" count="0" type="stmt"/>
        <line num="94" count="0" type="stmt"/>
        <line num="102" count="0" type="stmt"/>
        <line num="111" count="0" type="stmt"/>
        <line num="119" count="0" type="stmt"/>
        <line num="133" count="0" type="stmt"/>
        <line num="135" count="0" type="stmt"/>
        <line num="166" count="0" type="stmt"/>
        <line num="186" count="0" type="stmt"/>
        <line num="199" count="0" type="stmt"/>
        <line num="201" count="0" type="cond" truecount="0" falsecount="2"/>
        <line num="202" count="0" type="stmt"/>
        <line num="209" count="0" type="stmt"/>
        <line num="220" count="0" type="stmt"/>
        <line num="222" count="0" type="stmt"/>
        <line num="231" count="0" type="stmt"/>
        <line num="240" count="0" type="stmt"/>
        <line num="242" count="0" type="stmt"/>
        <line num="243" count="0" type="cond" truecount="0" falsecount="2"/>
        <line num="244" count="0" type="stmt"/>
        <line num="246" count="0" type="stmt"/>
        <line num="249" count="0" type="stmt"/>
        <line num="258" count="0" type="stmt"/>
        <line num="266" count="0" type="stmt"/>
        <line num="274" count="0" type="stmt"/>
        <line num="282" count="0" type="stmt"/>
        <line num="290" count="0" type="stmt"/>
        <line num="297" count="0" type="stmt"/>
        <line num="307" count="0" type="stmt"/>
        <line num="308" count="0" type="stmt"/>
        <line num="310" count="0" type="stmt"/>
        <line num="311" count="0" type="stmt"/>
        <line num="312" count="0" type="cond" truecount="0" falsecount="2"/>
        <line num="313" count="0" type="stmt"/>
        <line num="322" count="0" type="stmt"/>
        <line num="332" count="0" type="stmt"/>
        <line num="333" count="0" type="cond" truecount="0" falsecount="2"/>
        <line num="340" count="0" type="stmt"/>
        <line num="354" count="0" type="stmt"/>
        <line num="371" count="0" type="stmt"/>
        <line num="382" count="0" type="stmt"/>
      </file>
      <file name="PerformanceAnalyzer.js" path="/home/kareem/Desktop/dev-environment/minions/foundation/analyzers/PerformanceAnalyzer.js">
        <metrics statements="132" coveredstatements="0" conditionals="112" coveredconditionals="0" methods="31" coveredmethods="0"/>
        <line num="22" count="0" type="stmt"/>
        <line num="32" count="0" type="stmt"/>
        <line num="33" count="0" type="stmt"/>
        <line num="35" count="0" type="stmt"/>
        <line num="37" count="0" type="cond" truecount="0" falsecount="2"/>
        <line num="38" count="0" type="stmt"/>
        <line num="46" count="0" type="stmt"/>
        <line num="49" count="0" type="stmt"/>
        <line num="52" count="0" type="stmt"/>
        <line num="53" count="0" type="stmt"/>
        <line num="54" count="0" type="stmt"/>
        <line num="55" count="0" type="stmt"/>
        <line num="56" count="0" type="stmt"/>
        <line num="58" count="0" type="stmt"/>
        <line num="59" count="0" type="stmt"/>
        <line num="67" count="0" type="cond" truecount="0" falsecount="2"/>
        <line num="70" count="0" type="stmt"/>
        <line num="71" count="0" type="stmt"/>
        <line num="72" count="0" type="stmt"/>
        <line num="73" count="0" type="stmt"/>
        <line num="74" count="0" type="stmt"/>
        <line num="75" count="0" type="stmt"/>
        <line num="79" count="0" type="stmt"/>
        <line num="81" count="0" type="stmt"/>
        <line num="83" count="0" type="cond" truecount="0" falsecount="2"/>
        <line num="84" count="0" type="stmt"/>
        <line num="86" count="0" type="cond" truecount="0" falsecount="4"/>
        <line num="88" count="0" type="stmt"/>
        <line num="89" count="0" type="cond" truecount="0" falsecount="5"/>
        <line num="90" count="0" type="cond" truecount="0" falsecount="2"/>
        <line num="91" count="0" type="stmt"/>
        <line num="113" count="0" type="stmt"/>
        <line num="116" count="0" type="stmt"/>
        <line num="118" count="0" type="stmt"/>
        <line num="119" count="0" type="cond" truecount="0" falsecount="2"/>
        <line num="121" count="0" type="cond" truecount="0" falsecount="2"/>
        <line num="122" count="0" type="stmt"/>
        <line num="123" count="0" type="cond" truecount="0" falsecount="2"/>
        <line num="124" count="0" type="stmt"/>
        <line num="129" count="0" type="cond" truecount="0" falsecount="2"/>
        <line num="130" count="0" type="cond" truecount="0" falsecount="2"/>
        <line num="131" count="0" type="stmt"/>
        <line num="133" count="0" type="stmt"/>
        <line num="138" count="0" type="stmt"/>
        <line num="140" count="0" type="cond" truecount="0" falsecount="2"/>
        <line num="141" count="0" type="stmt"/>
        <line num="158" count="0" type="cond" truecount="0" falsecount="2"/>
        <line num="160" count="0" type="stmt"/>
        <line num="162" count="0" type="stmt"/>
        <line num="163" count="0" type="stmt"/>
        <line num="166" count="0" type="cond" truecount="0" falsecount="2"/>
        <line num="168" count="0" type="cond" truecount="0" falsecount="4"/>
        <line num="170" count="0" type="stmt"/>
        <line num="172" count="0" type="cond" truecount="0" falsecount="2"/>
        <line num="173" count="0" type="stmt"/>
        <line num="186" count="0" type="cond" truecount="0" falsecount="4"/>
        <line num="187" count="0" type="stmt"/>
        <line num="207" count="0" type="cond" truecount="0" falsecount="2"/>
        <line num="209" count="0" type="stmt"/>
        <line num="211" count="0" type="stmt"/>
        <line num="212" count="0" type="stmt"/>
        <line num="215" count="0" type="cond" truecount="0" falsecount="4"/>
        <line num="216" count="0" type="stmt"/>
        <line num="229" count="0" type="cond" truecount="0" falsecount="5"/>
        <line num="230" count="0" type="cond" truecount="0" falsecount="5"/>
        <line num="231" count="0" type="stmt"/>
        <line num="251" count="0" type="cond" truecount="0" falsecount="2"/>
        <line num="254" count="0" type="stmt"/>
        <line num="256" count="0" type="stmt"/>
        <line num="258" count="0" type="stmt"/>
        <line num="259" count="0" type="stmt"/>
        <line num="261" count="0" type="cond" truecount="0" falsecount="2"/>
        <line num="262" count="0" type="stmt"/>
        <line num="268" count="0" type="stmt"/>
        <line num="269" count="0" type="stmt"/>
        <line num="270" count="0" type="stmt"/>
        <line num="271" count="0" type="cond" truecount="0" falsecount="2"/>
        <line num="272" count="0" type="stmt"/>
        <line num="282" count="0" type="stmt"/>
        <line num="292" count="0" type="cond" truecount="0" falsecount="2"/>
        <line num="294" count="0" type="stmt"/>
        <line num="296" count="0" type="stmt"/>
        <line num="297" count="0" type="stmt"/>
        <line num="300" count="0" type="stmt"/>
        <line num="305" count="0" type="stmt"/>
        <line num="306" count="0" type="cond" truecount="0" falsecount="2"/>
        <line num="307" count="0" type="stmt"/>
        <line num="329" count="0" type="stmt"/>
        <line num="331" count="0" type="stmt"/>
        <line num="332" count="0" type="cond" truecount="0" falsecount="4"/>
        <line num="334" count="0" type="cond" truecount="0" falsecount="2"/>
        <line num="335" count="0" type="stmt"/>
        <line num="336" count="0" type="cond" truecount="0" falsecount="2"/>
        <line num="337" count="0" type="stmt"/>
        <line num="338" count="0" type="stmt"/>
        <line num="343" count="0" type="stmt"/>
        <line num="344" count="0" type="cond" truecount="0" falsecount="4"/>
        <line num="345" count="0" type="stmt"/>
        <line num="346" count="0" type="cond" truecount="0" falsecount="4"/>
        <line num="347" count="0" type="cond" truecount="0" falsecount="2"/>
        <line num="348" count="0" type="stmt"/>
        <line num="350" count="0" type="stmt"/>
        <line num="356" count="0" type="stmt"/>
        <line num="357" count="0" type="stmt"/>
        <line num="366" count="0" type="stmt"/>
        <line num="374" count="0" type="stmt"/>
        <line num="383" count="0" type="stmt"/>
        <line num="385" count="0" type="cond" truecount="0" falsecount="2"/>
        <line num="386" count="0" type="cond" truecount="0" falsecount="2"/>
        <line num="387" count="0" type="cond" truecount="0" falsecount="2"/>
        <line num="388" count="0" type="stmt"/>
        <line num="390" count="0" type="cond" truecount="0" falsecount="2"/>
        <line num="391" count="0" type="stmt"/>
        <line num="395" count="0" type="cond" truecount="0" falsecount="4"/>
        <line num="396" count="0" type="stmt"/>
        <line num="397" count="0" type="cond" truecount="0" falsecount="4"/>
        <line num="398" count="0" type="cond" truecount="0" falsecount="2"/>
        <line num="399" count="0" type="cond" truecount="0" falsecount="2"/>
        <line num="400" count="0" type="stmt"/>
        <line num="405" count="0" type="stmt"/>
        <line num="407" count="0" type="stmt"/>
        <line num="417" count="0" type="stmt"/>
        <line num="420" count="0" type="stmt"/>
        <line num="427" count="0" type="stmt"/>
        <line num="429" count="0" type="stmt"/>
        <line num="430" count="0" type="cond" truecount="0" falsecount="2"/>
        <line num="431" count="0" type="stmt"/>
        <line num="436" count="0" type="stmt"/>
        <line num="443" count="0" type="stmt"/>
        <line num="446" count="0" type="cond" truecount="0" falsecount="2"/>
        <line num="447" count="0" type="stmt"/>
        <line num="449" count="0" type="stmt"/>
      </file>
      <file name="SecurityScanner.js" path="/home/kareem/Desktop/dev-environment/minions/foundation/analyzers/SecurityScanner.js">
        <metrics statements="91" coveredstatements="0" conditionals="118" coveredconditionals="0" methods="23" coveredmethods="0"/>
        <line num="26" count="0" type="stmt"/>
        <line num="37" count="0" type="stmt"/>
        <line num="38" count="0" type="stmt"/>
        <line num="41" count="0" type="stmt"/>
        <line num="42" count="0" type="stmt"/>
        <line num="43" count="0" type="stmt"/>
        <line num="44" count="0" type="stmt"/>
        <line num="45" count="0" type="stmt"/>
        <line num="46" count="0" type="stmt"/>
        <line num="47" count="0" type="stmt"/>
        <line num="48" count="0" type="stmt"/>
        <line num="50" count="0" type="stmt"/>
        <line num="51" count="0" type="stmt"/>
        <line num="60" count="0" type="stmt"/>
        <line num="72" count="0" type="stmt"/>
        <line num="73" count="0" type="stmt"/>
        <line num="75" count="0" type="cond" truecount="0" falsecount="5"/>
        <line num="76" count="0" type="stmt"/>
        <line num="79" count="0" type="stmt"/>
        <line num="80" count="0" type="cond" truecount="0" falsecount="2"/>
        <line num="81" count="0" type="stmt"/>
        <line num="101" count="0" type="cond" truecount="0" falsecount="2"/>
        <line num="103" count="0" type="stmt"/>
        <line num="105" count="0" type="cond" truecount="0" falsecount="2"/>
        <line num="108" count="0" type="cond" truecount="0" falsecount="4"/>
        <line num="109" count="0" type="stmt"/>
        <line num="112" count="0" type="stmt"/>
        <line num="114" count="0" type="cond" truecount="0" falsecount="2"/>
        <line num="115" count="0" type="stmt"/>
        <line num="136" count="0" type="cond" truecount="0" falsecount="2"/>
        <line num="138" count="0" type="stmt"/>
        <line num="141" count="0" type="cond" truecount="0" falsecount="4"/>
        <line num="144" count="0" type="cond" truecount="0" falsecount="2"/>
        <line num="145" count="0" type="stmt"/>
        <line num="148" count="0" type="stmt"/>
        <line num="150" count="0" type="cond" truecount="0" falsecount="7"/>
        <line num="156" count="0" type="stmt"/>
        <line num="177" count="0" type="cond" truecount="0" falsecount="2"/>
        <line num="179" count="0" type="stmt"/>
        <line num="182" count="0" type="cond" truecount="0" falsecount="4"/>
        <line num="186" count="0" type="stmt"/>
        <line num="187" count="0" type="cond" truecount="0" falsecount="2"/>
        <line num="188" count="0" type="stmt"/>
        <line num="192" count="0" type="cond" truecount="0" falsecount="2"/>
        <line num="193" count="0" type="stmt"/>
        <line num="215" count="0" type="cond" truecount="0" falsecount="2"/>
        <line num="217" count="0" type="stmt"/>
        <line num="219" count="0" type="stmt"/>
        <line num="222" count="0" type="cond" truecount="0" falsecount="2"/>
        <line num="224" count="0" type="stmt"/>
        <line num="225" count="0" type="stmt"/>
        <line num="227" count="0" type="cond" truecount="0" falsecount="5"/>
        <line num="228" count="0" type="stmt"/>
        <line num="250" count="0" type="cond" truecount="0" falsecount="2"/>
        <line num="252" count="0" type="stmt"/>
        <line num="255" count="0" type="cond" truecount="0" falsecount="5"/>
        <line num="259" count="0" type="stmt"/>
        <line num="260" count="0" type="stmt"/>
        <line num="263" count="0" type="cond" truecount="0" falsecount="5"/>
        <line num="264" count="0" type="stmt"/>
        <line num="266" count="0" type="cond" truecount="0" falsecount="2"/>
        <line num="267" count="0" type="stmt"/>
        <line num="290" count="0" type="cond" truecount="0" falsecount="2"/>
        <line num="292" count="0" type="stmt"/>
        <line num="295" count="0" type="cond" truecount="0" falsecount="2"/>
        <line num="296" count="0" type="stmt"/>
        <line num="298" count="0" type="cond" truecount="0" falsecount="2"/>
        <line num="299" count="0" type="stmt"/>
        <line num="308" count="0" type="cond" truecount="0" falsecount="2"/>
        <line num="309" count="0" type="stmt"/>
        <line num="311" count="0" type="cond" truecount="0" falsecount="4"/>
        <line num="312" count="0" type="stmt"/>
        <line num="334" count="0" type="cond" truecount="0" falsecount="2"/>
        <line num="336" count="0" type="stmt"/>
        <line num="338" count="0" type="stmt"/>
        <line num="341" count="0" type="cond" truecount="0" falsecount="4"/>
        <line num="342" count="0" type="stmt"/>
        <line num="343" count="0" type="cond" truecount="0" falsecount="4"/>
        <line num="344" count="0" type="stmt"/>
        <line num="346" count="0" type="cond" truecount="0" falsecount="2"/>
        <line num="347" count="0" type="stmt"/>
        <line num="361" count="0" type="cond" truecount="0" falsecount="2"/>
        <line num="362" count="0" type="stmt"/>
        <line num="363" count="0" type="cond" truecount="0" falsecount="2"/>
        <line num="364" count="0" type="stmt"/>
        <line num="365" count="0" type="cond" truecount="0" falsecount="4"/>
        <line num="366" count="0" type="stmt"/>
        <line num="386" count="0" type="stmt"/>
        <line num="389" count="0" type="cond" truecount="0" falsecount="2"/>
        <line num="390" count="0" type="stmt"/>
        <line num="392" count="0" type="stmt"/>
      </file>
      <file name="index.js" path="/home/kareem/Desktop/dev-environment/minions/foundation/analyzers/index.js">
        <metrics statements="0" coveredstatements="0" conditionals="0" coveredconditionals="0" methods="0" coveredmethods="0"/>
      </file>
    </package>
    <package name="common">
      <metrics statements="10" coveredstatements="9" conditionals="8" coveredconditionals="6" methods="2" coveredmethods="2"/>
      <file name="logger.js" path="/home/kareem/Desktop/dev-environment/minions/foundation/common/logger.js">
        <metrics statements="10" coveredstatements="9" conditionals="8" coveredconditionals="6" methods="2" coveredmethods="2"/>
        <line num="6" count="15" type="stmt"/>
        <line num="7" count="15" type="stmt"/>
        <line num="15" count="53" type="stmt"/>
        <line num="17" count="53" type="stmt"/>
        <line num="24" count="2396" type="stmt"/>
        <line num="27" count="53" type="cond" truecount="1" falsecount="1"/>
        <line num="29" count="53" type="stmt"/>
        <line num="35" count="53" type="stmt"/>
        <line num="39" count="0" type="stmt"/>
        <line num="51" count="15" type="stmt"/>
      </file>
    </package>
    <package name="event-bus">
      <metrics statements="230" coveredstatements="197" conditionals="113" coveredconditionals="77" methods="62" coveredmethods="53"/>
      <file name="AgentEventBus.js" path="/home/kareem/Desktop/dev-environment/minions/foundation/event-bus/AgentEventBus.js">
        <metrics statements="46" coveredstatements="45" conditionals="20" coveredconditionals="16" methods="15" coveredmethods="15"/>
        <line num="4" count="12" type="stmt"/>
        <line num="12" count="26" type="stmt"/>
        <line num="13" count="26" type="stmt"/>
        <line num="14" count="26" type="stmt"/>
        <line num="15" count="26" type="stmt"/>
        <line num="25" count="1270" type="stmt"/>
        <line num="33" count="1270" type="stmt"/>
        <line num="34" count="1270" type="cond" truecount="2" falsecount="0"/>
        <line num="35" count="14" type="stmt"/>
        <line num="38" count="1270" type="stmt"/>
        <line num="39" count="1270" type="stmt"/>
        <line num="42" count="1270" type="stmt"/>
        <line num="52" count="148" type="stmt"/>
        <line num="53" count="2691" type="stmt"/>
        <line num="54" count="2691" type="stmt"/>
        <line num="56" count="1" type="stmt"/>
        <line num="58" count="1" type="stmt"/>
        <line num="67" count="148" type="stmt"/>
        <line num="70" count="148" type="cond" truecount="2" falsecount="0"/>
        <line num="71" count="32" type="stmt"/>
        <line num="73" count="148" type="stmt"/>
        <line num="75" count="148" type="stmt"/>
        <line num="78" count="148" type="stmt"/>
        <line num="79" count="1" type="stmt"/>
        <line num="80" count="1" type="stmt"/>
        <line num="81" count="1" type="stmt"/>
        <line num="82" count="1" type="cond" truecount="1" falsecount="1"/>
        <line num="83" count="1" type="stmt"/>
        <line num="92" count="1" type="stmt"/>
        <line num="99" count="50" type="stmt"/>
        <line num="101" count="50" type="cond" truecount="2" falsecount="0"/>
        <line num="102" count="3" type="stmt"/>
        <line num="105" count="50" type="cond" truecount="2" falsecount="0"/>
        <line num="106" count="3" type="stmt"/>
        <line num="109" count="50" type="cond" truecount="2" falsecount="0"/>
        <line num="110" count="402" type="stmt"/>
        <line num="113" count="50" type="stmt"/>
        <line num="120" count="3" type="cond" truecount="1" falsecount="1"/>
        <line num="121" count="3" type="cond" truecount="1" falsecount="1"/>
        <line num="123" count="0" type="stmt"/>
        <line num="130" count="1370" type="stmt"/>
        <line num="137" count="1" type="stmt"/>
        <line num="142" count="12" type="stmt"/>
        <line num="145" count="196" type="cond" truecount="2" falsecount="0"/>
        <line num="146" count="11" type="stmt"/>
        <line num="148" count="196" type="stmt"/>
      </file>
      <file name="EnhancedEventBus.js" path="/home/kareem/Desktop/dev-environment/minions/foundation/event-bus/EnhancedEventBus.js">
        <metrics statements="183" coveredstatements="151" conditionals="93" coveredconditionals="61" methods="47" coveredmethods="38"/>
        <line num="5" count="1" type="stmt"/>
        <line num="10" count="1" type="stmt"/>
        <line num="21" count="1" type="stmt"/>
        <line num="34" count="25" type="stmt"/>
        <line num="35" count="25" type="stmt"/>
        <line num="36" count="25" type="stmt"/>
        <line num="37" count="25" type="cond" truecount="2" falsecount="0"/>
        <line num="40" count="25" type="stmt"/>
        <line num="49" count="25" type="stmt"/>
        <line num="50" count="25" type="cond" truecount="2" falsecount="0"/>
        <line num="53" count="25" type="stmt"/>
        <line num="54" count="25" type="stmt"/>
        <line num="55" count="25" type="stmt"/>
        <line num="58" count="25" type="stmt"/>
        <line num="59" count="25" type="stmt"/>
        <line num="62" count="25" type="stmt"/>
        <line num="65" count="25" type="stmt"/>
        <line num="78" count="24" type="cond" truecount="1" falsecount="1"/>
        <line num="79" count="0" type="stmt"/>
        <line num="80" count="0" type="stmt"/>
        <line num="83" count="0" type="stmt"/>
        <line num="87" count="24" type="stmt"/>
        <line num="89" count="24" type="stmt"/>
        <line num="96" count="25" type="cond" truecount="1" falsecount="1"/>
        <line num="98" count="25" type="stmt"/>
        <line num="99" count="100" type="stmt"/>
        <line num="107" count="26" type="cond" truecount="2" falsecount="0"/>
        <line num="108" count="25" type="stmt"/>
        <line num="109" count="25" type="stmt"/>
        <line num="117" count="102" type="cond" truecount="1" falsecount="1"/>
        <line num="118" count="102" type="stmt"/>
        <line num="120" count="102" type="stmt"/>
        <line num="122" count="102" type="stmt"/>
        <line num="129" count="510" type="stmt"/>
        <line num="130" count="510" type="stmt"/>
        <line num="131" count="24" type="stmt"/>
        <line num="132" count="24" type="stmt"/>
        <line num="136" count="24" type="cond" truecount="2" falsecount="0"/>
        <line num="140" count="102" type="stmt"/>
        <line num="149" count="24" type="stmt"/>
        <line num="151" count="24" type="stmt"/>
        <line num="154" count="24" type="stmt"/>
        <line num="157" count="24" type="stmt"/>
        <line num="158" count="24" type="cond" truecount="1" falsecount="1"/>
        <line num="159" count="0" type="stmt"/>
        <line num="162" count="24" type="stmt"/>
        <line num="165" count="24" type="cond" truecount="2" falsecount="2"/>
        <line num="166" count="0" type="stmt"/>
        <line num="170" count="0" type="stmt"/>
        <line num="183" count="27" type="cond" truecount="2" falsecount="0"/>
        <line num="184" count="27" type="cond" truecount="2" falsecount="0"/>
        <line num="186" count="27" type="stmt"/>
        <line num="195" count="27" type="cond" truecount="2" falsecount="2"/>
        <line num="196" count="0" type="stmt"/>
        <line num="200" count="27" type="stmt"/>
        <line num="201" count="27" type="cond" truecount="1" falsecount="1"/>
        <line num="202" count="27" type="stmt"/>
        <line num="205" count="0" type="stmt"/>
        <line num="208" count="27" type="stmt"/>
        <line num="209" count="27" type="stmt"/>
        <line num="212" count="27" type="cond" truecount="2" falsecount="0"/>
        <line num="213" count="2" type="stmt"/>
        <line num="216" count="27" type="stmt"/>
        <line num="223" count="1" type="stmt"/>
        <line num="230" count="1" type="stmt"/>
        <line num="242" count="4" type="cond" truecount="2" falsecount="0"/>
        <line num="243" count="4" type="stmt"/>
        <line num="245" count="4" type="stmt"/>
        <line num="247" count="4" type="stmt"/>
        <line num="248" count="1" type="stmt"/>
        <line num="249" count="1" type="stmt"/>
        <line num="250" count="1" type="stmt"/>
        <line num="254" count="4" type="stmt"/>
        <line num="257" count="2" type="stmt"/>
        <line num="258" count="2" type="stmt"/>
        <line num="259" count="2" type="stmt"/>
        <line num="260" count="2" type="stmt"/>
        <line num="263" count="1" type="stmt"/>
        <line num="264" count="1" type="stmt"/>
        <line num="265" count="1" type="stmt"/>
        <line num="271" count="4" type="stmt"/>
        <line num="277" count="4" type="stmt"/>
        <line num="288" count="3" type="stmt"/>
        <line num="289" count="3" type="cond" truecount="1" falsecount="1"/>
        <line num="290" count="0" type="stmt"/>
        <line num="291" count="0" type="stmt"/>
        <line num="294" count="3" type="cond" truecount="2" falsecount="0"/>
        <line num="295" count="1" type="stmt"/>
        <line num="297" count="2" type="stmt"/>
        <line num="309" count="17" type="stmt"/>
        <line num="310" count="13" type="stmt"/>
        <line num="312" count="13" type="cond" truecount="2" falsecount="0"/>
        <line num="313" count="3" type="stmt"/>
        <line num="314" count="3" type="stmt"/>
        <line num="317" count="2" type="cond" truecount="1" falsecount="1"/>
        <line num="318" count="2" type="stmt"/>
        <line num="321" count="10" type="stmt"/>
        <line num="324" count="2" type="stmt"/>
        <line num="327" count="2" type="cond" truecount="2" falsecount="0"/>
        <line num="328" count="1" type="stmt"/>
        <line num="332" count="2" type="stmt"/>
        <line num="341" count="17" type="stmt"/>
        <line num="344" count="17" type="cond" truecount="2" falsecount="0"/>
        <line num="345" count="15" type="stmt"/>
        <line num="347" count="17" type="stmt"/>
        <line num="349" count="17" type="stmt"/>
        <line num="352" count="17" type="stmt"/>
        <line num="353" count="1" type="stmt"/>
        <line num="354" count="1" type="stmt"/>
        <line num="355" count="1" type="stmt"/>
        <line num="356" count="1" type="cond" truecount="1" falsecount="1"/>
        <line num="357" count="1" type="stmt"/>
        <line num="366" count="2" type="stmt"/>
        <line num="377" count="3" type="cond" truecount="2" falsecount="0"/>
        <line num="378" count="2" type="stmt"/>
        <line num="381" count="3" type="stmt"/>
        <line num="382" count="3" type="stmt"/>
        <line num="384" count="3" type="stmt"/>
        <line num="385" count="1" type="stmt"/>
        <line num="386" count="1" type="stmt"/>
        <line num="387" count="1" type="cond" truecount="1" falsecount="1"/>
        <line num="388" count="1" type="stmt"/>
        <line num="399" count="3" type="cond" truecount="1" falsecount="1"/>
        <line num="401" count="3" type="stmt"/>
        <line num="408" count="3" type="stmt"/>
        <line num="410" count="3" type="stmt"/>
        <line num="411" count="3" type="stmt"/>
        <line num="412" count="3" type="stmt"/>
        <line num="414" count="0" type="stmt"/>
        <line num="419" count="3" type="stmt"/>
        <line num="428" count="0" type="stmt"/>
        <line num="439" count="0" type="cond" truecount="0" falsecount="2"/>
        <line num="441" count="0" type="stmt"/>
        <line num="442" count="0" type="stmt"/>
        <line num="453" count="0" type="stmt"/>
        <line num="461" count="0" type="cond" truecount="0" falsecount="2"/>
        <line num="462" count="0" type="stmt"/>
        <line num="469" count="0" type="cond" truecount="0" falsecount="2"/>
        <line num="471" count="0" type="stmt"/>
        <line num="472" count="0" type="stmt"/>
        <line num="473" count="0" type="stmt"/>
        <line num="474" count="0" type="cond" truecount="0" falsecount="2"/>
        <line num="476" count="0" type="cond" truecount="0" falsecount="2"/>
        <line num="477" count="0" type="stmt"/>
        <line num="479" count="0" type="stmt"/>
        <line num="480" count="0" type="cond" truecount="0" falsecount="2"/>
        <line num="481" count="0" type="stmt"/>
        <line num="492" count="4" type="stmt"/>
        <line num="494" count="4" type="cond" truecount="2" falsecount="0"/>
        <line num="495" count="3" type="stmt"/>
        <line num="498" count="4" type="cond" truecount="1" falsecount="1"/>
        <line num="499" count="0" type="stmt"/>
        <line num="502" count="4" type="cond" truecount="1" falsecount="1"/>
        <line num="503" count="0" type="stmt"/>
        <line num="506" count="4" type="cond" truecount="2" falsecount="0"/>
        <line num="507" count="2" type="stmt"/>
        <line num="510" count="4" type="stmt"/>
        <line num="517" count="2" type="cond" truecount="2" falsecount="0"/>
        <line num="518" count="1" type="cond" truecount="1" falsecount="1"/>
        <line num="520" count="1" type="stmt"/>
        <line num="527" count="3" type="stmt"/>
        <line num="528" count="3" type="stmt"/>
        <line num="529" count="15" type="cond" truecount="1" falsecount="1"/>
        <line num="530" count="45" type="stmt"/>
        <line num="531" count="15" type="stmt"/>
        <line num="533" count="3" type="stmt"/>
        <line num="540" count="2" type="stmt"/>
        <line num="545" count="1" type="stmt"/>
        <line num="547" count="0" type="stmt"/>
        <line num="555" count="34" type="stmt"/>
        <line num="562" count="1" type="stmt"/>
        <line num="569" count="25" type="stmt"/>
        <line num="572" count="25" type="stmt"/>
        <line num="573" count="0" type="stmt"/>
        <line num="575" count="25" type="stmt"/>
        <line num="577" count="25" type="stmt"/>
        <line num="582" count="1" type="stmt"/>
        <line num="590" count="2" type="cond" truecount="2" falsecount="0"/>
        <line num="591" count="1" type="stmt"/>
        <line num="593" count="2" type="stmt"/>
        <line num="600" count="49" type="cond" truecount="2" falsecount="0"/>
        <line num="601" count="1" type="stmt"/>
        <line num="602" count="1" type="stmt"/>
      </file>
      <file name="eventTypes.js" path="/home/kareem/Desktop/dev-environment/minions/foundation/event-bus/eventTypes.js">
        <metrics statements="1" coveredstatements="1" conditionals="0" coveredconditionals="0" methods="0" coveredmethods="0"/>
        <line num="5" count="10" type="stmt"/>
      </file>
      <file name="index.js" path="/home/kareem/Desktop/dev-environment/minions/foundation/event-bus/index.js">
        <metrics statements="0" coveredstatements="0" conditionals="0" coveredconditionals="0" methods="0" coveredmethods="0"/>
      </file>
    </package>
    <package name="health-monitor">
      <metrics statements="113" coveredstatements="102" conditionals="65" coveredconditionals="51" methods="22" coveredmethods="21"/>
      <file name="HealthMonitor.js" path="/home/kareem/Desktop/dev-environment/minions/foundation/health-monitor/HealthMonitor.js">
        <metrics statements="113" coveredstatements="102" conditionals="65" coveredconditionals="51" methods="22" coveredmethods="21"/>
        <line num="6" count="2" type="stmt"/>
        <line num="11" count="2" type="stmt"/>
        <line num="24" count="14" type="stmt"/>
        <line num="25" count="14" type="stmt"/>
        <line num="26" count="14" type="stmt"/>
        <line num="27" count="14" type="stmt"/>
        <line num="28" count="14" type="stmt"/>
        <line num="29" count="14" type="stmt"/>
        <line num="37" count="14" type="cond" truecount="1" falsecount="1"/>
        <line num="38" count="14" type="stmt"/>
        <line num="45" count="1" type="stmt"/>
        <line num="48" count="1" type="stmt"/>
        <line num="51" count="1" type="stmt"/>
        <line num="52" count="0" type="stmt"/>
        <line num="60" count="15" type="cond" truecount="2" falsecount="0"/>
        <line num="61" count="1" type="stmt"/>
        <line num="62" count="1" type="stmt"/>
        <line num="63" count="1" type="stmt"/>
        <line num="71" count="8" type="stmt"/>
        <line num="72" count="8" type="stmt"/>
        <line num="79" count="8" type="cond" truecount="1" falsecount="1"/>
        <line num="81" count="8" type="stmt"/>
        <line num="82" count="13" type="stmt"/>
        <line num="86" count="8" type="stmt"/>
        <line num="87" count="13" type="stmt"/>
        <line num="91" count="8" type="stmt"/>
        <line num="96" count="8" type="stmt"/>
        <line num="97" count="8" type="stmt"/>
        <line num="104" count="16" type="stmt"/>
        <line num="113" count="16" type="cond" truecount="1" falsecount="1"/>
        <line num="114" count="0" type="stmt"/>
        <line num="115" count="0" type="stmt"/>
        <line num="116" count="0" type="stmt"/>
        <line num="120" count="16" type="cond" truecount="2" falsecount="0"/>
        <line num="121" count="16" type="stmt"/>
        <line num="126" count="16" type="cond" truecount="2" falsecount="0"/>
        <line num="127" count="4" type="stmt"/>
        <line num="128" count="12" type="cond" truecount="1" falsecount="1"/>
        <line num="129" count="0" type="stmt"/>
        <line num="133" count="16" type="cond" truecount="2" falsecount="0"/>
        <line num="134" count="16" type="stmt"/>
        <line num="139" count="16" type="cond" truecount="2" falsecount="0"/>
        <line num="140" count="1" type="stmt"/>
        <line num="144" count="16" type="cond" truecount="2" falsecount="0"/>
        <line num="145" count="16" type="stmt"/>
        <line num="150" count="16" type="cond" truecount="1" falsecount="1"/>
        <line num="151" count="0" type="stmt"/>
        <line num="155" count="16" type="cond" truecount="2" falsecount="0"/>
        <line num="156" count="16" type="stmt"/>
        <line num="157" count="16" type="stmt"/>
        <line num="162" count="16" type="cond" truecount="4" falsecount="0"/>
        <line num="163" count="4" type="stmt"/>
        <line num="167" count="16" type="cond" truecount="2" falsecount="0"/>
        <line num="168" count="1" type="stmt"/>
        <line num="169" count="1" type="stmt"/>
        <line num="170" count="1" type="stmt"/>
        <line num="171" count="1" type="cond" truecount="1" falsecount="1"/>
        <line num="172" count="1" type="cond" truecount="1" falsecount="1"/>
        <line num="175" count="0" type="stmt"/>
        <line num="176" count="0" type="stmt"/>
        <line num="181" count="16" type="stmt"/>
        <line num="184" count="16" type="cond" truecount="4" falsecount="0"/>
        <line num="185" count="11" type="stmt"/>
        <line num="186" count="5" type="cond" truecount="4" falsecount="0"/>
        <line num="187" count="4" type="stmt"/>
        <line num="189" count="1" type="stmt"/>
        <line num="192" count="16" type="stmt"/>
        <line num="199" count="9" type="stmt"/>
        <line num="207" count="9" type="cond" truecount="1" falsecount="1"/>
        <line num="208" count="9" type="stmt"/>
        <line num="211" count="9" type="stmt"/>
        <line num="215" count="9" type="cond" truecount="2" falsecount="0"/>
        <line num="216" count="2" type="stmt"/>
        <line num="220" count="9" type="stmt"/>
        <line num="221" count="9" type="stmt"/>
        <line num="226" count="9" type="cond" truecount="1" falsecount="1"/>
        <line num="227" count="0" type="stmt"/>
        <line num="231" count="9" type="stmt"/>
        <line num="232" count="9" type="stmt"/>
        <line num="238" count="9" type="stmt"/>
        <line num="239" count="9" type="stmt"/>
        <line num="245" count="9" type="stmt"/>
        <line num="248" count="9" type="cond" truecount="4" falsecount="0"/>
        <line num="249" count="7" type="stmt"/>
        <line num="250" count="2" type="cond" truecount="1" falsecount="1"/>
        <line num="251" count="2" type="stmt"/>
        <line num="253" count="0" type="stmt"/>
        <line num="256" count="9" type="stmt"/>
        <line num="263" count="26" type="stmt"/>
        <line num="264" count="26" type="cond" truecount="1" falsecount="1"/>
        <line num="266" count="104" type="stmt"/>
        <line num="267" count="26" type="stmt"/>
        <line num="274" count="1" type="stmt"/>
        <line num="275" count="1" type="stmt"/>
        <line num="282" count="2" type="stmt"/>
        <line num="289" count="2" type="stmt"/>
        <line num="296" count="1" type="stmt"/>
        <line num="297" count="1" type="stmt"/>
        <line num="298" count="2" type="cond" truecount="1" falsecount="1"/>
        <line num="299" count="0" type="stmt"/>
        <line num="302" count="1" type="stmt"/>
        <line num="309" count="1" type="stmt"/>
        <line num="310" count="1" type="stmt"/>
        <line num="312" count="1" type="stmt"/>
        <line num="314" count="2" type="stmt"/>
        <line num="315" count="2" type="stmt"/>
        <line num="316" count="2" type="stmt"/>
        <line num="317" count="2" type="stmt"/>
        <line num="319" count="2" type="stmt"/>
        <line num="326" count="2" type="stmt"/>
        <line num="329" count="4" type="cond" truecount="2" falsecount="0"/>
        <line num="330" count="2" type="stmt"/>
        <line num="332" count="4" type="stmt"/>
      </file>
      <file name="index.js" path="/home/kareem/Desktop/dev-environment/minions/foundation/health-monitor/index.js">
        <metrics statements="0" coveredstatements="0" conditionals="0" coveredconditionals="0" methods="0" coveredmethods="0"/>
      </file>
    </package>
    <package name="memory-store">
      <metrics statements="315" coveredstatements="219" conditionals="171" coveredconditionals="106" methods="56" coveredmethods="46"/>
      <file name="DecisionLogger.js" path="/home/kareem/Desktop/dev-environment/minions/foundation/memory-store/DecisionLogger.js">
        <metrics statements="126" coveredstatements="106" conditionals="65" coveredconditionals="45" methods="28" coveredmethods="21"/>
        <line num="5" count="1" type="stmt"/>
        <line num="10" count="1" type="stmt"/>
        <line num="43" count="1" type="stmt"/>
        <line num="58" count="16" type="stmt"/>
        <line num="59" count="16" type="stmt"/>
        <line num="60" count="16" type="stmt"/>
        <line num="61" count="16" type="stmt"/>
        <line num="62" count="16" type="stmt"/>
        <line num="69" count="0" type="cond" truecount="0" falsecount="2"/>
        <line num="71" count="0" type="stmt"/>
        <line num="72" count="0" type="stmt"/>
        <line num="74" count="0" type="stmt"/>
        <line num="76" count="0" type="stmt"/>
        <line num="77" count="0" type="stmt"/>
        <line num="84" count="42" type="cond" truecount="1" falsecount="1"/>
        <line num="85" count="0" type="stmt"/>
        <line num="101" count="24" type="stmt"/>
        <line num="103" count="24" type="stmt"/>
        <line num="117" count="24" type="stmt"/>
        <line num="124" count="24" type="stmt"/>
        <line num="127" count="24" type="stmt"/>
        <line num="130" count="24" type="stmt"/>
        <line num="136" count="24" type="stmt"/>
        <line num="138" count="24" type="stmt"/>
        <line num="148" count="5" type="stmt"/>
        <line num="150" count="5" type="stmt"/>
        <line num="152" count="5" type="cond" truecount="1" falsecount="1"/>
        <line num="153" count="0" type="stmt"/>
        <line num="154" count="0" type="stmt"/>
        <line num="157" count="5" type="stmt"/>
        <line num="158" count="5" type="stmt"/>
        <line num="159" count="5" type="stmt"/>
        <line num="160" count="5" type="stmt"/>
        <line num="162" count="5" type="stmt"/>
        <line num="165" count="5" type="stmt"/>
        <line num="168" count="5" type="cond" truecount="3" falsecount="1"/>
        <line num="169" count="0" type="stmt"/>
        <line num="173" count="5" type="stmt"/>
        <line num="175" count="5" type="stmt"/>
        <line num="183" count="0" type="stmt"/>
        <line num="204" count="4" type="stmt"/>
        <line num="205" count="4" type="stmt"/>
        <line num="220" count="5" type="stmt"/>
        <line num="222" count="5" type="stmt"/>
        <line num="223" count="5" type="stmt"/>
        <line num="226" count="5" type="cond" truecount="2" falsecount="0"/>
        <line num="227" count="5" type="stmt"/>
        <line num="230" count="5" type="cond" truecount="2" falsecount="0"/>
        <line num="231" count="3" type="stmt"/>
        <line num="234" count="5" type="cond" truecount="2" falsecount="0"/>
        <line num="235" count="1" type="stmt"/>
        <line num="238" count="5" type="cond" truecount="1" falsecount="1"/>
        <line num="239" count="0" type="stmt"/>
        <line num="242" count="5" type="cond" truecount="1" falsecount="1"/>
        <line num="243" count="0" type="stmt"/>
        <line num="247" count="5" type="stmt"/>
        <line num="250" count="5" type="cond" truecount="2" falsecount="0"/>
        <line num="251" count="3" type="stmt"/>
        <line num="254" count="5" type="stmt"/>
        <line num="263" count="2" type="stmt"/>
        <line num="265" count="2" type="stmt"/>
        <line num="266" count="2" type="stmt"/>
        <line num="268" count="2" type="cond" truecount="1" falsecount="1"/>
        <line num="270" count="2" type="stmt"/>
        <line num="273" count="2" type="stmt"/>
        <line num="274" count="2" type="stmt"/>
        <line num="275" count="4" type="stmt"/>
        <line num="276" count="0" type="stmt"/>
        <line num="278" count="2" type="stmt"/>
        <line num="279" count="1" type="stmt"/>
        <line num="280" count="1" type="stmt"/>
        <line num="283" count="2" type="stmt"/>
        <line num="293" count="1" type="stmt"/>
        <line num="296" count="1" type="stmt"/>
        <line num="299" count="1" type="stmt"/>
        <line num="305" count="1" type="cond" truecount="1" falsecount="1"/>
        <line num="306" count="1" type="stmt"/>
        <line num="307" count="0" type="stmt"/>
        <line num="308" count="0" type="cond" truecount="0" falsecount="2"/>
        <line num="312" count="1" type="stmt"/>
        <line num="328" count="1" type="stmt"/>
        <line num="333" count="1" type="stmt"/>
        <line num="342" count="1" type="stmt"/>
        <line num="343" count="1" type="stmt"/>
        <line num="345" count="1" type="stmt"/>
        <line num="347" count="2" type="cond" truecount="2" falsecount="0"/>
        <line num="350" count="2" type="cond" truecount="2" falsecount="0"/>
        <line num="353" count="2" type="cond" truecount="2" falsecount="0"/>
        <line num="354" count="1" type="stmt"/>
        <line num="355" count="1" type="stmt"/>
        <line num="359" count="1" type="cond" truecount="1" falsecount="1"/>
        <line num="360" count="1" type="stmt"/>
        <line num="363" count="1" type="stmt"/>
        <line num="372" count="2" type="stmt"/>
        <line num="373" count="2" type="stmt"/>
        <line num="374" count="1" type="stmt"/>
        <line num="375" count="1" type="cond" truecount="1" falsecount="1"/>
        <line num="376" count="1" type="stmt"/>
        <line num="387" count="29" type="stmt"/>
        <line num="388" count="2" type="stmt"/>
        <line num="389" count="2" type="stmt"/>
        <line num="391" count="0" type="stmt"/>
        <line num="401" count="3" type="stmt"/>
        <line num="409" count="1" type="stmt"/>
        <line num="411" count="1" type="stmt"/>
        <line num="412" count="1" type="stmt"/>
        <line num="414" count="1" type="stmt"/>
        <line num="423" count="1" type="stmt"/>
        <line num="424" count="1" type="stmt"/>
        <line num="426" count="1" type="stmt"/>
        <line num="427" count="1" type="cond" truecount="2" falsecount="0"/>
        <line num="428" count="1" type="cond" truecount="2" falsecount="0"/>
        <line num="429" count="1" type="cond" truecount="2" falsecount="0"/>
        <line num="431" count="1" type="cond" truecount="1" falsecount="1"/>
        <line num="432" count="1" type="stmt"/>
        <line num="433" count="1" type="cond" truecount="1" falsecount="1"/>
        <line num="434" count="1" type="stmt"/>
        <line num="439" count="1" type="cond" truecount="1" falsecount="1"/>
        <line num="440" count="1" type="stmt"/>
        <line num="443" count="1" type="stmt"/>
        <line num="451" count="24" type="stmt"/>
        <line num="456" count="1" type="stmt"/>
        <line num="463" count="0" type="cond" truecount="0" falsecount="2"/>
        <line num="464" count="0" type="stmt"/>
        <line num="466" count="0" type="stmt"/>
        <line num="473" count="32" type="stmt"/>
      </file>
      <file name="MemoryStore.js" path="/home/kareem/Desktop/dev-environment/minions/foundation/memory-store/MemoryStore.js">
        <metrics statements="189" coveredstatements="113" conditionals="106" coveredconditionals="61" methods="28" coveredmethods="25"/>
        <line num="5" count="4" type="stmt"/>
        <line num="10" count="4" type="stmt"/>
        <line num="27" count="35" type="cond" truecount="2" falsecount="0"/>
        <line num="28" count="35" type="stmt"/>
        <line num="29" count="35" type="stmt"/>
        <line num="30" count="35" type="stmt"/>
        <line num="31" count="35" type="cond" truecount="1" falsecount="1"/>
        <line num="34" count="35" type="stmt"/>
        <line num="35" count="35" type="cond" truecount="3" falsecount="1"/>
        <line num="36" count="0" type="stmt"/>
        <line num="45" count="34" type="cond" truecount="1" falsecount="1"/>
        <line num="47" count="34" type="stmt"/>
        <line num="48" count="34" type="cond" truecount="1" falsecount="1"/>
        <line num="49" count="34" type="stmt"/>
        <line num="50" count="34" type="stmt"/>
        <line num="51" count="34" type="stmt"/>
        <line num="55" count="0" type="stmt"/>
        <line num="56" count="0" type="stmt"/>
        <line num="59" count="0" type="stmt"/>
        <line num="62" count="0" type="stmt"/>
        <line num="79" count="0" type="stmt"/>
        <line num="99" count="0" type="stmt"/>
        <line num="116" count="0" type="stmt"/>
        <line num="117" count="0" type="stmt"/>
        <line num="119" count="0" type="stmt"/>
        <line num="120" count="0" type="stmt"/>
        <line num="121" count="0" type="stmt"/>
        <line num="129" count="103" type="cond" truecount="1" falsecount="1"/>
        <line num="130" count="0" type="stmt"/>
        <line num="146" count="52" type="stmt"/>
        <line num="148" count="52" type="stmt"/>
        <line num="149" count="52" type="stmt"/>
        <line num="150" count="52" type="cond" truecount="1" falsecount="1"/>
        <line num="151" count="52" type="cond" truecount="2" falsecount="0"/>
        <line num="153" count="52" type="cond" truecount="1" falsecount="1"/>
        <line num="154" count="52" type="stmt"/>
        <line num="155" count="52" type="stmt"/>
        <line num="162" count="52" type="stmt"/>
        <line num="165" count="0" type="stmt"/>
        <line num="175" count="0" type="stmt"/>
        <line num="176" count="0" type="stmt"/>
        <line num="186" count="23" type="stmt"/>
        <line num="188" count="23" type="stmt"/>
        <line num="190" count="23" type="cond" truecount="1" falsecount="1"/>
        <line num="191" count="23" type="stmt"/>
        <line num="192" count="23" type="stmt"/>
        <line num="193" count="23" type="cond" truecount="2" falsecount="0"/>
        <line num="194" count="18" type="cond" truecount="4" falsecount="0"/>
        <line num="195" count="1" type="stmt"/>
        <line num="196" count="1" type="stmt"/>
        <line num="198" count="17" type="stmt"/>
        <line num="201" count="0" type="stmt"/>
        <line num="206" count="0" type="stmt"/>
        <line num="208" count="0" type="cond" truecount="0" falsecount="2"/>
        <line num="211" count="0" type="cond" truecount="0" falsecount="4"/>
        <line num="212" count="0" type="stmt"/>
        <line num="213" count="0" type="stmt"/>
        <line num="216" count="0" type="stmt"/>
        <line num="225" count="1" type="stmt"/>
        <line num="227" count="1" type="cond" truecount="1" falsecount="1"/>
        <line num="228" count="1" type="stmt"/>
        <line num="229" count="1" type="stmt"/>
        <line num="230" count="1" type="stmt"/>
        <line num="233" count="0" type="stmt"/>
        <line num="234" count="0" type="stmt"/>
        <line num="235" count="0" type="stmt"/>
        <line num="245" count="2" type="stmt"/>
        <line num="246" count="2" type="stmt"/>
        <line num="255" count="3" type="stmt"/>
        <line num="257" count="3" type="cond" truecount="1" falsecount="1"/>
        <line num="258" count="3" type="stmt"/>
        <line num="259" count="3" type="stmt"/>
        <line num="260" count="5" type="stmt"/>
        <line num="261" count="3" type="stmt"/>
        <line num="264" count="0" type="stmt"/>
        <line num="265" count="0" type="stmt"/>
        <line num="266" count="0" type="stmt"/>
        <line num="275" count="9" type="stmt"/>
        <line num="277" count="9" type="stmt"/>
        <line num="279" count="9" type="cond" truecount="1" falsecount="1"/>
        <line num="280" count="9" type="stmt"/>
        <line num="281" count="9" type="stmt"/>
        <line num="282" count="9" type="stmt"/>
        <line num="283" count="19" type="cond" truecount="1" falsecount="1"/>
        <line num="284" count="19" type="cond" truecount="2" falsecount="2"/>
        <line num="285" count="19" type="stmt"/>
        <line num="289" count="9" type="stmt"/>
        <line num="292" count="0" type="stmt"/>
        <line num="297" count="0" type="stmt"/>
        <line num="298" count="0" type="stmt"/>
        <line num="299" count="0" type="stmt"/>
        <line num="300" count="0" type="stmt"/>
        <line num="302" count="0" type="stmt"/>
        <line num="310" count="1" type="stmt"/>
        <line num="312" count="1" type="cond" truecount="1" falsecount="1"/>
        <line num="313" count="1" type="stmt"/>
        <line num="314" count="1" type="stmt"/>
        <line num="315" count="3" type="cond" truecount="2" falsecount="0"/>
        <line num="316" count="2" type="stmt"/>
        <line num="319" count="1" type="stmt"/>
        <line num="322" count="0" type="stmt"/>
        <line num="323" count="0" type="stmt"/>
        <line num="324" count="0" type="stmt"/>
        <line num="335" count="1" type="stmt"/>
        <line num="347" count="1" type="stmt"/>
        <line num="356" count="1" type="stmt"/>
        <line num="368" count="1" type="stmt"/>
        <line num="381" count="4" type="stmt"/>
        <line num="383" count="4" type="stmt"/>
        <line num="385" count="4" type="cond" truecount="1" falsecount="1"/>
        <line num="386" count="4" type="stmt"/>
        <line num="387" count="4" type="stmt"/>
        <line num="397" count="4" type="stmt"/>
        <line num="400" count="0" type="stmt"/>
        <line num="405" count="0" type="stmt"/>
        <line num="415" count="0" type="stmt"/>
        <line num="427" count="6" type="stmt"/>
        <line num="429" count="6" type="cond" truecount="1" falsecount="1"/>
        <line num="430" count="6" type="stmt"/>
        <line num="431" count="6" type="stmt"/>
        <line num="432" count="9" type="cond" truecount="2" falsecount="0"/>
        <line num="433" count="5" type="cond" truecount="3" falsecount="1"/>
        <line num="434" count="5" type="cond" truecount="4" falsecount="0"/>
        <line num="435" count="4" type="stmt"/>
        <line num="441" count="6" type="cond" truecount="2" falsecount="0"/>
        <line num="442" count="5" type="stmt"/>
        <line num="444" count="6" type="stmt"/>
        <line num="447" count="0" type="stmt"/>
        <line num="448" count="0" type="stmt"/>
        <line num="450" count="0" type="cond" truecount="0" falsecount="2"/>
        <line num="451" count="0" type="stmt"/>
        <line num="452" count="0" type="stmt"/>
        <line num="455" count="0" type="cond" truecount="0" falsecount="2"/>
        <line num="456" count="0" type="stmt"/>
        <line num="457" count="0" type="stmt"/>
        <line num="460" count="0" type="stmt"/>
        <line num="462" count="0" type="cond" truecount="0" falsecount="2"/>
        <line num="463" count="0" type="stmt"/>
        <line num="464" count="0" type="stmt"/>
        <line num="467" count="0" type="stmt"/>
        <line num="468" count="0" type="stmt"/>
        <line num="470" count="0" type="stmt"/>
        <line num="489" count="3" type="stmt"/>
        <line num="505" count="2" type="stmt"/>
        <line num="507" count="2" type="stmt"/>
        <line num="515" count="2" type="cond" truecount="1" falsecount="1"/>
        <line num="516" count="2" type="stmt"/>
        <line num="517" count="3" type="cond" truecount="3" falsecount="2"/>
        <line num="520" count="0" type="stmt"/>
        <line num="524" count="0" type="stmt"/>
        <line num="530" count="0" type="stmt"/>
        <line num="543" count="2" type="stmt"/>
        <line num="546" count="2" type="stmt"/>
        <line num="548" count="2" type="stmt"/>
        <line num="557" count="1" type="stmt"/>
        <line num="559" count="1" type="stmt"/>
        <line num="561" count="1" type="cond" truecount="1" falsecount="1"/>
        <line num="562" count="1" type="stmt"/>
        <line num="563" count="3" type="cond" truecount="4" falsecount="0"/>
        <line num="564" count="2" type="stmt"/>
        <line num="567" count="1" type="stmt"/>
        <line num="570" count="0" type="stmt"/>
        <line num="571" count="0" type="stmt"/>
        <line num="573" count="0" type="cond" truecount="0" falsecount="2"/>
        <line num="574" count="0" type="stmt"/>
        <line num="583" count="1" type="stmt"/>
        <line num="585" count="1" type="cond" truecount="1" falsecount="1"/>
        <line num="586" count="1" type="stmt"/>
        <line num="593" count="0" type="stmt"/>
        <line num="599" count="0" type="stmt"/>
        <line num="602" count="0" type="stmt"/>
        <line num="603" count="0" type="stmt"/>
        <line num="606" count="0" type="stmt"/>
        <line num="607" count="0" type="stmt"/>
        <line num="609" count="0" type="stmt"/>
        <line num="610" count="0" type="stmt"/>
        <line num="612" count="0" type="stmt"/>
        <line num="619" count="35" type="cond" truecount="1" falsecount="1"/>
        <line num="620" count="0" type="stmt"/>
        <line num="621" count="0" type="stmt"/>
        <line num="622" count="0" type="stmt"/>
        <line num="623" count="0" type="stmt"/>
        <line num="629" count="4" type="stmt"/>
        <line num="637" count="2" type="cond" truecount="2" falsecount="0"/>
        <line num="638" count="1" type="stmt"/>
        <line num="640" count="2" type="stmt"/>
        <line num="647" count="156" type="cond" truecount="2" falsecount="0"/>
        <line num="648" count="1" type="stmt"/>
        <line num="649" count="1" type="stmt"/>
      </file>
      <file name="index.js" path="/home/kareem/Desktop/dev-environment/minions/foundation/memory-store/index.js">
        <metrics statements="0" coveredstatements="0" conditionals="0" coveredconditionals="0" methods="0" coveredmethods="0"/>
      </file>
    </package>
    <package name="metrics-collector">
      <metrics statements="99" coveredstatements="88" conditionals="50" coveredconditionals="42" methods="24" coveredmethods="21"/>
      <file name="MetricsCollector.js" path="/home/kareem/Desktop/dev-environment/minions/foundation/metrics-collector/MetricsCollector.js">
        <metrics statements="99" coveredstatements="88" conditionals="50" coveredconditionals="42" methods="24" coveredmethods="21"/>
        <line num="5" count="6" type="stmt"/>
        <line num="13" count="41" type="stmt"/>
        <line num="14" count="41" type="stmt"/>
        <line num="15" count="41" type="stmt"/>
        <line num="16" count="41" type="stmt"/>
        <line num="17" count="41" type="stmt"/>
        <line num="18" count="41" type="stmt"/>
        <line num="25" count="22" type="stmt"/>
        <line num="28" count="22" type="stmt"/>
        <line num="31" count="22" type="stmt"/>
        <line num="32" count="0" type="stmt"/>
        <line num="36" count="22" type="stmt"/>
        <line num="43" count="59" type="cond" truecount="2" falsecount="0"/>
        <line num="44" count="22" type="stmt"/>
        <line num="45" count="22" type="stmt"/>
        <line num="46" count="22" type="stmt"/>
        <line num="54" count="33" type="stmt"/>
        <line num="55" count="33" type="stmt"/>
        <line num="62" count="33" type="stmt"/>
        <line num="63" count="113" type="stmt"/>
        <line num="67" count="33" type="stmt"/>
        <line num="68" count="33" type="cond" truecount="2" falsecount="0"/>
        <line num="69" count="2" type="stmt"/>
        <line num="73" count="33" type="stmt"/>
        <line num="78" count="33" type="stmt"/>
        <line num="85" count="372" type="cond" truecount="2" falsecount="0"/>
        <line num="86" count="49" type="stmt"/>
        <line num="113" count="49" type="stmt"/>
        <line num="121" count="635" type="cond" truecount="1" falsecount="1"/>
        <line num="122" count="0" type="stmt"/>
        <line num="125" count="635" type="stmt"/>
        <line num="128" count="635" type="stmt"/>
        <line num="129" count="636" type="cond" truecount="4" falsecount="0"/>
        <line num="130" count="3" type="stmt"/>
        <line num="132" count="633" type="stmt"/>
        <line num="136" count="635" type="stmt"/>
        <line num="143" count="433" type="stmt"/>
        <line num="144" count="433" type="cond" truecount="1" falsecount="1"/>
        <line num="147" count="433" type="stmt"/>
        <line num="148" count="433" type="cond" truecount="2" falsecount="0"/>
        <line num="149" count="358" type="stmt"/>
        <line num="151" count="75" type="stmt"/>
        <line num="153" count="433" type="stmt"/>
        <line num="157" count="433" type="stmt"/>
        <line num="163" count="1299" type="stmt"/>
        <line num="164" count="433" type="stmt"/>
        <line num="167" count="433" type="cond" truecount="2" falsecount="0"/>
        <line num="168" count="433" type="stmt"/>
        <line num="169" count="433" type="stmt"/>
        <line num="173" count="433" type="cond" truecount="4" falsecount="0"/>
        <line num="174" count="75" type="stmt"/>
        <line num="175" count="75" type="stmt"/>
        <line num="176" count="75" type="cond" truecount="2" falsecount="0"/>
        <line num="177" count="75" type="stmt"/>
        <line num="180" count="433" type="stmt"/>
        <line num="187" count="33" type="stmt"/>
        <line num="189" count="33" type="stmt"/>
        <line num="203" count="34" type="cond" truecount="2" falsecount="0"/>
        <line num="205" count="30" type="stmt"/>
        <line num="206" count="30" type="stmt"/>
        <line num="208" count="30" type="stmt"/>
        <line num="209" count="114" type="stmt"/>
        <line num="210" count="114" type="stmt"/>
        <line num="211" count="114" type="stmt"/>
        <line num="214" count="30" type="cond" truecount="1" falsecount="1"/>
        <line num="221" count="117" type="stmt"/>
        <line num="233" count="117" type="cond" truecount="2" falsecount="0"/>
        <line num="241" count="22" type="stmt"/>
        <line num="242" count="316" type="stmt"/>
        <line num="243" count="316" type="stmt"/>
        <line num="246" count="22" type="stmt"/>
        <line num="247" count="307" type="stmt"/>
        <line num="248" count="307" type="cond" truecount="2" falsecount="0"/>
        <line num="249" count="293" type="stmt"/>
        <line num="253" count="22" type="stmt"/>
        <line num="254" count="9" type="stmt"/>
        <line num="255" count="9" type="cond" truecount="1" falsecount="1"/>
        <line num="259" count="22" type="stmt"/>
        <line num="260" count="0" type="stmt"/>
        <line num="261" count="0" type="cond" truecount="0" falsecount="2"/>
        <line num="262" count="0" type="stmt"/>
        <line num="263" count="0" type="stmt"/>
        <line num="264" count="0" type="stmt"/>
        <line num="265" count="0" type="stmt"/>
        <line num="266" count="0" type="stmt"/>
        <line num="275" count="10" type="stmt"/>
        <line num="282" count="18" type="stmt"/>
        <line num="289" count="3" type="stmt"/>
        <line num="291" count="3" type="cond" truecount="2" falsecount="0"/>
        <line num="292" count="2" type="stmt"/>
        <line num="295" count="3" type="cond" truecount="1" falsecount="1"/>
        <line num="296" count="0" type="stmt"/>
        <line num="299" count="3" type="cond" truecount="1" falsecount="1"/>
        <line num="300" count="0" type="stmt"/>
        <line num="303" count="3" type="stmt"/>
        <line num="308" count="6" type="stmt"/>
        <line num="311" count="42" type="cond" truecount="2" falsecount="0"/>
        <line num="312" count="5" type="stmt"/>
        <line num="314" count="42" type="stmt"/>
      </file>
      <file name="index.js" path="/home/kareem/Desktop/dev-environment/minions/foundation/metrics-collector/index.js">
        <metrics statements="0" coveredstatements="0" conditionals="0" coveredconditionals="0" methods="0" coveredmethods="0"/>
      </file>
    </package>
    <package name="parsers">
      <metrics statements="75" coveredstatements="0" conditionals="29" coveredconditionals="0" methods="42" coveredmethods="0"/>
      <file name="ASTParser.js" path="/home/kareem/Desktop/dev-environment/minions/foundation/parsers/ASTParser.js">
        <metrics statements="75" coveredstatements="0" conditionals="29" coveredconditionals="0" methods="42" coveredmethods="0"/>
        <line num="22" count="0" type="stmt"/>
        <line num="30" count="0" type="stmt"/>
        <line num="31" count="0" type="stmt"/>
        <line num="54" count="0" type="stmt"/>
        <line num="55" count="0" type="stmt"/>
        <line num="57" count="0" type="stmt"/>
        <line num="62" count="0" type="stmt"/>
        <line num="71" count="0" type="stmt"/>
        <line num="72" count="0" type="stmt"/>
        <line num="86" count="0" type="stmt"/>
        <line num="87" count="0" type="cond" truecount="0" falsecount="2"/>
        <line num="88" count="0" type="stmt"/>
        <line num="90" count="0" type="stmt"/>
        <line num="91" count="0" type="stmt"/>
        <line num="101" count="0" type="stmt"/>
        <line num="102" count="0" type="stmt"/>
        <line num="104" count="0" type="stmt"/>
        <line num="107" count="0" type="stmt"/>
        <line num="116" count="0" type="stmt"/>
        <line num="118" count="0" type="stmt"/>
        <line num="120" count="0" type="stmt"/>
        <line num="123" count="0" type="cond" truecount="0" falsecount="2"/>
        <line num="130" count="0" type="stmt"/>
        <line num="133" count="0" type="cond" truecount="0" falsecount="2"/>
        <line num="140" count="0" type="stmt"/>
        <line num="143" count="0" type="cond" truecount="0" falsecount="2"/>
        <line num="150" count="0" type="stmt"/>
        <line num="159" count="0" type="stmt"/>
        <line num="161" count="0" type="stmt"/>
        <line num="163" count="0" type="stmt"/>
        <line num="165" count="0" type="stmt"/>
        <line num="175" count="0" type="stmt"/>
        <line num="184" count="0" type="stmt"/>
        <line num="186" count="0" type="stmt"/>
        <line num="188" count="0" type="stmt"/>
        <line num="191" count="0" type="stmt"/>
        <line num="196" count="0" type="stmt"/>
        <line num="204" count="0" type="stmt"/>
        <line num="213" count="0" type="stmt"/>
        <line num="214" count="0" type="stmt"/>
        <line num="216" count="0" type="stmt"/>
        <line num="218" count="0" type="stmt"/>
        <line num="228" count="0" type="stmt"/>
        <line num="237" count="0" type="stmt"/>
        <line num="238" count="0" type="stmt"/>
        <line num="239" count="0" type="stmt"/>
        <line num="244" count="0" type="cond" truecount="0" falsecount="2"/>
        <line num="254" count="0" type="stmt"/>
        <line num="256" count="0" type="stmt"/>
        <line num="258" count="0" type="stmt"/>
        <line num="259" count="0" type="stmt"/>
        <line num="269" count="0" type="stmt"/>
        <line num="278" count="0" type="stmt"/>
        <line num="281" count="0" type="stmt"/>
        <line num="290" count="0" type="cond" truecount="0" falsecount="2"/>
        <line num="291" count="0" type="stmt"/>
        <line num="293" count="0" type="stmt"/>
        <line num="294" count="0" type="stmt"/>
        <line num="296" count="0" type="cond" truecount="0" falsecount="2"/>
        <line num="298" count="0" type="stmt"/>
        <line num="299" count="0" type="stmt"/>
        <line num="300" count="0" type="stmt"/>
        <line num="301" count="0" type="stmt"/>
        <line num="302" count="0" type="stmt"/>
        <line num="303" count="0" type="stmt"/>
        <line num="305" count="0" type="cond" truecount="0" falsecount="4"/>
        <line num="306" count="0" type="stmt"/>
        <line num="311" count="0" type="stmt"/>
        <line num="320" count="0" type="cond" truecount="0" falsecount="4"/>
        <line num="332" count="0" type="cond" truecount="0" falsecount="2"/>
        <line num="334" count="0" type="stmt"/>
        <line num="350" count="0" type="stmt"/>
        <line num="353" count="0" type="cond" truecount="0" falsecount="2"/>
        <line num="354" count="0" type="stmt"/>
        <line num="356" count="0" type="stmt"/>
      </file>
      <file name="index.js" path="/home/kareem/Desktop/dev-environment/minions/foundation/parsers/index.js">
        <metrics statements="0" coveredstatements="0" conditionals="0" coveredconditionals="0" methods="0" coveredmethods="0"/>
      </file>
    </package>
    <package name="rollback-manager">
      <metrics statements="91" coveredstatements="81" conditionals="29" coveredconditionals="20" methods="22" coveredmethods="20"/>
      <file name="RollbackManager.js" path="/home/kareem/Desktop/dev-environment/minions/foundation/rollback-manager/RollbackManager.js">
        <metrics statements="91" coveredstatements="81" conditionals="29" coveredconditionals="20" methods="22" coveredmethods="20"/>
        <line num="9" count="4" type="stmt"/>
        <line num="10" count="4" type="stmt"/>
        <line num="18" count="4" type="stmt"/>
        <line num="19" count="4" type="stmt"/>
        <line num="20" count="4" type="stmt"/>
        <line num="28" count="23" type="stmt"/>
        <line num="29" count="23" type="stmt"/>
        <line num="36" count="19" type="stmt"/>
        <line num="37" count="19" type="stmt"/>
        <line num="39" count="19" type="stmt"/>
        <line num="50" count="19" type="stmt"/>
        <line num="51" count="19" type="stmt"/>
        <line num="53" count="19" type="stmt"/>
        <line num="54" count="19" type="stmt"/>
        <line num="61" count="19" type="stmt"/>
        <line num="62" count="19" type="stmt"/>
        <line num="63" count="19" type="stmt"/>
        <line num="64" count="19" type="stmt"/>
        <line num="65" count="19" type="stmt"/>
        <line num="69" count="19" type="stmt"/>
        <line num="70" count="19" type="cond" truecount="1" falsecount="1"/>
        <line num="71" count="19" type="stmt"/>
        <line num="72" count="17" type="cond" truecount="1" falsecount="1"/>
        <line num="73" count="0" type="stmt"/>
        <line num="77" count="17" type="stmt"/>
        <line num="84" count="2" type="stmt"/>
        <line num="85" count="2" type="stmt"/>
        <line num="93" count="2" type="stmt"/>
        <line num="95" count="2" type="stmt"/>
        <line num="96" count="2" type="cond" truecount="1" falsecount="1"/>
        <line num="97" count="0" type="stmt"/>
        <line num="100" count="2" type="stmt"/>
        <line num="102" count="2" type="stmt"/>
        <line num="104" count="2" type="cond" truecount="2" falsecount="0"/>
        <line num="105" count="1" type="stmt"/>
        <line num="109" count="2" type="stmt"/>
        <line num="110" count="2" type="stmt"/>
        <line num="111" count="2" type="stmt"/>
        <line num="112" count="2" type="stmt"/>
        <line num="114" count="2" type="stmt"/>
        <line num="117" count="2" type="stmt"/>
        <line num="124" count="2" type="stmt"/>
        <line num="125" count="2" type="stmt"/>
        <line num="128" count="0" type="stmt"/>
        <line num="129" count="0" type="stmt"/>
        <line num="137" count="1" type="stmt"/>
        <line num="139" count="1" type="stmt"/>
        <line num="140" count="1" type="stmt"/>
        <line num="143" count="1" type="cond" truecount="1" falsecount="1"/>
        <line num="144" count="0" type="stmt"/>
        <line num="145" count="0" type="stmt"/>
        <line num="149" count="1" type="stmt"/>
        <line num="150" count="1" type="stmt"/>
        <line num="152" count="1" type="cond" truecount="1" falsecount="1"/>
        <line num="153" count="0" type="stmt"/>
        <line num="154" count="0" type="stmt"/>
        <line num="158" count="0" type="stmt"/>
        <line num="159" count="0" type="stmt"/>
        <line num="167" count="29" type="stmt"/>
        <line num="168" count="29" type="stmt"/>
        <line num="175" count="8" type="stmt"/>
        <line num="176" count="8" type="cond" truecount="1" falsecount="1"/>
        <line num="178" count="8" type="stmt"/>
        <line num="179" count="8" type="stmt"/>
        <line num="180" count="8" type="stmt"/>
        <line num="182" count="8" type="stmt"/>
        <line num="189" count="19" type="stmt"/>
        <line num="190" count="19" type="stmt"/>
        <line num="191" count="19" type="stmt"/>
        <line num="198" count="3" type="stmt"/>
        <line num="205" count="3" type="stmt"/>
        <line num="207" count="3" type="cond" truecount="2" falsecount="0"/>
        <line num="208" count="4" type="stmt"/>
        <line num="211" count="3" type="cond" truecount="2" falsecount="0"/>
        <line num="212" count="18" type="stmt"/>
        <line num="215" count="7" type="stmt"/>
        <line num="222" count="1" type="stmt"/>
        <line num="223" count="1" type="stmt"/>
        <line num="225" count="1" type="stmt"/>
        <line num="226" count="5" type="cond" truecount="4" falsecount="0"/>
        <line num="227" count="2" type="stmt"/>
        <line num="231" count="1" type="stmt"/>
        <line num="232" count="2" type="stmt"/>
        <line num="233" count="2" type="stmt"/>
        <line num="234" count="2" type="stmt"/>
        <line num="237" count="1" type="stmt"/>
        <line num="238" count="1" type="stmt"/>
        <line num="243" count="4" type="stmt"/>
        <line num="246" count="26" type="cond" truecount="2" falsecount="0"/>
        <line num="247" count="3" type="stmt"/>
        <line num="249" count="26" type="stmt"/>
      </file>
      <file name="index.js" path="/home/kareem/Desktop/dev-environment/minions/foundation/rollback-manager/index.js">
        <metrics statements="0" coveredstatements="0" conditionals="0" coveredconditionals="0" methods="0" coveredmethods="0"/>
      </file>
    </package>
    <package name="state-machine">
      <metrics statements="163" coveredstatements="124" conditionals="102" coveredconditionals="58" methods="30" coveredmethods="25"/>
      <file name="StateMachine.js" path="/home/kareem/Desktop/dev-environment/minions/foundation/state-machine/StateMachine.js">
        <metrics statements="163" coveredstatements="124" conditionals="102" coveredconditionals="58" methods="30" coveredmethods="25"/>
        <line num="5" count="1" type="stmt"/>
        <line num="10" count="1" type="stmt"/>
        <line num="24" count="1" type="stmt"/>
        <line num="46" count="32" type="stmt"/>
        <line num="47" count="32" type="cond" truecount="1" falsecount="1"/>
        <line num="48" count="32" type="stmt"/>
        <line num="49" count="32" type="cond" truecount="2" falsecount="0"/>
        <line num="50" count="32" type="cond" truecount="1" falsecount="1"/>
        <line num="51" count="32" type="stmt"/>
        <line num="54" count="32" type="cond" truecount="2" falsecount="0"/>
        <line num="57" count="32" type="stmt"/>
        <line num="58" count="32" type="cond" truecount="2" falsecount="0"/>
        <line num="61" count="32" type="stmt"/>
        <line num="62" count="32" type="stmt"/>
        <line num="63" count="32" type="stmt"/>
        <line num="66" count="32" type="stmt"/>
        <line num="67" count="32" type="stmt"/>
        <line num="70" count="32" type="stmt"/>
        <line num="71" count="32" type="stmt"/>
        <line num="72" count="32" type="stmt"/>
        <line num="75" count="32" type="stmt"/>
        <line num="76" count="32" type="stmt"/>
        <line num="83" count="21" type="cond" truecount="1" falsecount="1"/>
        <line num="85" count="21" type="stmt"/>
        <line num="87" count="21" type="cond" truecount="1" falsecount="1"/>
        <line num="88" count="0" type="stmt"/>
        <line num="89" count="0" type="stmt"/>
        <line num="92" count="0" type="stmt"/>
        <line num="95" count="21" type="stmt"/>
        <line num="96" count="21" type="stmt"/>
        <line num="103" count="26" type="cond" truecount="1" falsecount="1"/>
        <line num="104" count="0" type="stmt"/>
        <line num="113" count="7" type="stmt"/>
        <line num="122" count="2" type="stmt"/>
        <line num="132" count="29" type="stmt"/>
        <line num="133" count="29" type="cond" truecount="1" falsecount="1"/>
        <line num="135" count="29" type="cond" truecount="1" falsecount="1"/>
        <line num="136" count="0" type="stmt"/>
        <line num="139" count="29" type="stmt"/>
        <line num="152" count="26" type="stmt"/>
        <line num="154" count="26" type="stmt"/>
        <line num="157" count="26" type="cond" truecount="2" falsecount="0"/>
        <line num="158" count="1" type="stmt"/>
        <line num="159" count="1" type="stmt"/>
        <line num="168" count="25" type="stmt"/>
        <line num="171" count="25" type="cond" truecount="4" falsecount="0"/>
        <line num="172" count="2" type="stmt"/>
        <line num="173" count="2" type="stmt"/>
        <line num="174" count="2" type="cond" truecount="2" falsecount="0"/>
        <line num="175" count="1" type="stmt"/>
        <line num="176" count="1" type="stmt"/>
        <line num="184" count="0" type="stmt"/>
        <line num="185" count="0" type="stmt"/>
        <line num="195" count="24" type="stmt"/>
        <line num="198" count="24" type="stmt"/>
        <line num="199" count="24" type="stmt"/>
        <line num="200" count="24" type="stmt"/>
        <line num="201" count="24" type="stmt"/>
        <line num="204" count="24" type="cond" truecount="2" falsecount="0"/>
        <line num="205" count="6" type="stmt"/>
        <line num="209" count="24" type="stmt"/>
        <line num="216" count="24" type="stmt"/>
        <line num="217" count="24" type="cond" truecount="1" falsecount="1"/>
        <line num="218" count="0" type="stmt"/>
        <line num="222" count="24" type="stmt"/>
        <line num="225" count="24" type="cond" truecount="1" falsecount="1"/>
        <line num="226" count="0" type="stmt"/>
        <line num="227" count="0" type="stmt"/>
        <line num="229" count="0" type="stmt"/>
        <line num="234" count="24" type="stmt"/>
        <line num="237" count="24" type="cond" truecount="1" falsecount="1"/>
        <line num="238" count="0" type="stmt"/>
        <line num="242" count="24" type="stmt"/>
        <line num="250" count="24" type="cond" truecount="2" falsecount="0"/>
        <line num="252" count="24" type="stmt"/>
        <line num="264" count="25" type="stmt"/>
        <line num="265" count="25" type="cond" truecount="1" falsecount="1"/>
        <line num="267" count="25" type="cond" truecount="1" falsecount="1"/>
        <line num="268" count="0" type="cond" truecount="0" falsecount="2"/>
        <line num="271" count="25" type="stmt"/>
        <line num="281" count="2" type="cond" truecount="1" falsecount="1"/>
        <line num="282" count="2" type="stmt"/>
        <line num="284" count="2" type="stmt"/>
        <line num="286" count="2" type="stmt"/>
        <line num="287" count="1" type="stmt"/>
        <line num="288" count="1" type="stmt"/>
        <line num="289" count="1" type="cond" truecount="1" falsecount="1"/>
        <line num="300" count="1" type="cond" truecount="1" falsecount="1"/>
        <line num="301" count="1" type="stmt"/>
        <line num="303" count="1" type="stmt"/>
        <line num="305" count="1" type="stmt"/>
        <line num="306" count="0" type="stmt"/>
        <line num="307" count="0" type="stmt"/>
        <line num="308" count="0" type="cond" truecount="0" falsecount="2"/>
        <line num="318" count="1" type="stmt"/>
        <line num="319" count="1" type="stmt"/>
        <line num="320" count="0" type="stmt"/>
        <line num="321" count="0" type="cond" truecount="0" falsecount="2"/>
        <line num="329" count="24" type="cond" truecount="2" falsecount="0"/>
        <line num="330" count="24" type="stmt"/>
        <line num="331" count="1" type="stmt"/>
        <line num="332" count="1" type="stmt"/>
        <line num="334" count="0" type="stmt"/>
        <line num="343" count="24" type="cond" truecount="2" falsecount="0"/>
        <line num="344" count="24" type="stmt"/>
        <line num="345" count="1" type="stmt"/>
        <line num="346" count="1" type="stmt"/>
        <line num="348" count="0" type="stmt"/>
        <line num="357" count="24" type="stmt"/>
        <line num="358" count="1" type="stmt"/>
        <line num="359" count="1" type="stmt"/>
        <line num="361" count="0" type="stmt"/>
        <line num="372" count="3" type="cond" truecount="1" falsecount="1"/>
        <line num="373" count="3" type="stmt"/>
        <line num="375" count="3" type="stmt"/>
        <line num="392" count="2" type="cond" truecount="2" falsecount="0"/>
        <line num="393" count="1" type="stmt"/>
        <line num="394" count="1" type="stmt"/>
        <line num="398" count="1" type="stmt"/>
        <line num="404" count="1" type="stmt"/>
        <line num="415" count="2" type="cond" truecount="2" falsecount="0"/>
        <line num="417" count="2" type="stmt"/>
        <line num="418" count="2" type="stmt"/>
        <line num="419" count="2" type="cond" truecount="2" falsecount="0"/>
        <line num="420" count="2" type="stmt"/>
        <line num="421" count="2" type="stmt"/>
        <line num="423" count="2" type="cond" truecount="1" falsecount="1"/>
        <line num="424" count="2" type="stmt"/>
        <line num="427" count="2" type="cond" truecount="1" falsecount="1"/>
        <line num="428" count="0" type="stmt"/>
        <line num="431" count="2" type="stmt"/>
        <line num="436" count="2" type="stmt"/>
        <line num="445" count="0" type="cond" truecount="0" falsecount="2"/>
        <line num="447" count="0" type="stmt"/>
        <line num="458" count="0" type="stmt"/>
        <line num="469" count="0" type="cond" truecount="0" falsecount="2"/>
        <line num="471" count="0" type="stmt"/>
        <line num="476" count="0" type="cond" truecount="0" falsecount="2"/>
        <line num="477" count="0" type="stmt"/>
        <line num="478" count="0" type="stmt"/>
        <line num="479" count="0" type="cond" truecount="0" falsecount="2"/>
        <line num="480" count="0" type="cond" truecount="0" falsecount="2"/>
        <line num="481" count="0" type="cond" truecount="0" falsecount="2"/>
        <line num="482" count="0" type="cond" truecount="0" falsecount="2"/>
        <line num="484" count="0" type="cond" truecount="0" falsecount="2"/>
        <line num="485" count="0" type="stmt"/>
        <line num="488" count="0" type="stmt"/>
        <line num="499" count="2" type="stmt"/>
        <line num="518" count="1" type="stmt"/>
        <line num="526" count="1" type="stmt"/>
        <line num="527" count="1" type="cond" truecount="1" falsecount="1"/>
        <line num="529" count="1" type="cond" truecount="1" falsecount="1"/>
        <line num="530" count="0" type="stmt"/>
        <line num="533" count="1" type="stmt"/>
        <line num="544" count="28" type="stmt"/>
        <line num="601" count="1" type="stmt"/>
        <line num="610" count="10" type="cond" truecount="2" falsecount="0"/>
        <line num="611" count="9" type="stmt"/>
        <line num="612" count="9" type="stmt"/>
        <line num="614" count="10" type="stmt"/>
        <line num="622" count="1" type="stmt"/>
        <line num="630" count="0" type="stmt"/>
        <line num="637" count="59" type="stmt"/>
      </file>
      <file name="index.js" path="/home/kareem/Desktop/dev-environment/minions/foundation/state-machine/index.js">
        <metrics statements="0" coveredstatements="0" conditionals="0" coveredconditionals="0" methods="0" coveredmethods="0"/>
      </file>
    </package>
  </project>
</coverage>
