{"/home/kareem/Desktop/dev-environment/minions/foundation/alerting/AlertingSystem.js": {"path":"/home/kareem/Desktop/dev-environment/minions/foundation/alerting/AlertingSystem.js","statementMap":{"0":{"start":{"line":6,"column":15},"end":{"line":6,"column":45}},"1":{"start":{"line":11,"column":29},"end":{"line":15,"column":1}},"2":{"start":{"line":23,"column":4},"end":{"line":23,"column":34}},"3":{"start":{"line":24,"column":4},"end":{"line":24,"column":33}},"4":{"start":{"line":25,"column":4},"end":{"line":25,"column":21}},"5":{"start":{"line":26,"column":4},"end":{"line":26,"column":27}},"6":{"start":{"line":27,"column":4},"end":{"line":27,"column":31}},"7":{"start":{"line":28,"column":4},"end":{"line":28,"column":50}},"8":{"start":{"line":29,"column":4},"end":{"line":29,"column":35}},"9":{"start":{"line":36,"column":4},"end":{"line":36,"column":50}},"10":{"start":{"line":37,"column":4},"end":{"line":37,"column":29}},"11":{"start":{"line":38,"column":4},"end":{"line":38,"column":47}},"12":{"start":{"line":45,"column":4},"end":{"line":63,"column":6}},"13":{"start":{"line":71,"column":4},"end":{"line":79,"column":7}},"14":{"start":{"line":72,"column":6},"end":{"line":78,"column":9}},"15":{"start":{"line":82,"column":4},"end":{"line":90,"column":7}},"16":{"start":{"line":83,"column":6},"end":{"line":89,"column":9}},"17":{"start":{"line":93,"column":4},"end":{"line":95,"column":7}},"18":{"start":{"line":94,"column":6},"end":{"line":94,"column":49}},"19":{"start":{"line":102,"column":4},"end":{"line":102,"column":46}},"20":{"start":{"line":102,"column":39},"end":{"line":102,"column":46}},"21":{"start":{"line":105,"column":25},"end":{"line":105,"column":60}},"22":{"start":{"line":106,"column":4},"end":{"line":122,"column":5}},"23":{"start":{"line":107,"column":6},"end":{"line":113,"column":9}},"24":{"start":{"line":114,"column":11},"end":{"line":122,"column":5}},"25":{"start":{"line":115,"column":6},"end":{"line":121,"column":9}},"26":{"start":{"line":125,"column":24},"end":{"line":125,"column":55}},"27":{"start":{"line":126,"column":4},"end":{"line":134,"column":5}},"28":{"start":{"line":127,"column":6},"end":{"line":133,"column":9}},"29":{"start":{"line":137,"column":4},"end":{"line":141,"column":5}},"30":{"start":{"line":138,"column":6},"end":{"line":140,"column":9}},"31":{"start":{"line":139,"column":8},"end":{"line":139,"column":48}},"32":{"start":{"line":148,"column":42},"end":{"line":148,"column":54}},"33":{"start":{"line":151,"column":4},"end":{"line":167,"column":5}},"34":{"start":{"line":152,"column":6},"end":{"line":158,"column":9}},"35":{"start":{"line":159,"column":11},"end":{"line":167,"column":5}},"36":{"start":{"line":160,"column":6},"end":{"line":166,"column":9}},"37":{"start":{"line":170,"column":24},"end":{"line":170,"column":57}},"38":{"start":{"line":171,"column":4},"end":{"line":179,"column":5}},"39":{"start":{"line":172,"column":6},"end":{"line":178,"column":9}},"40":{"start":{"line":186,"column":18},"end":{"line":192,"column":5}},"41":{"start":{"line":195,"column":24},"end":{"line":200,"column":5}},"42":{"start":{"line":196,"column":6},"end":{"line":199,"column":34}},"43":{"start":{"line":202,"column":4},"end":{"line":205,"column":5}},"44":{"start":{"line":203,"column":6},"end":{"line":203,"column":65}},"45":{"start":{"line":204,"column":6},"end":{"line":204,"column":18}},"46":{"start":{"line":207,"column":4},"end":{"line":207,"column":28}},"47":{"start":{"line":208,"column":4},"end":{"line":208,"column":34}},"48":{"start":{"line":210,"column":4},"end":{"line":212,"column":5}},"49":{"start":{"line":211,"column":6},"end":{"line":211,"column":32}},"50":{"start":{"line":215,"column":4},"end":{"line":218,"column":7}},"51":{"start":{"line":221,"column":4},"end":{"line":221,"column":37}},"52":{"start":{"line":223,"column":4},"end":{"line":223,"column":69}},"53":{"start":{"line":224,"column":4},"end":{"line":224,"column":17}},"54":{"start":{"line":231,"column":4},"end":{"line":231,"column":42}},"55":{"start":{"line":232,"column":4},"end":{"line":232,"column":53}},"56":{"start":{"line":239,"column":4},"end":{"line":245,"column":5}},"57":{"start":{"line":240,"column":6},"end":{"line":244,"column":7}},"58":{"start":{"line":241,"column":8},"end":{"line":241,"column":29}},"59":{"start":{"line":243,"column":8},"end":{"line":243,"column":63}},"60":{"start":{"line":252,"column":18},"end":{"line":252,"column":57}},"61":{"start":{"line":252,"column":40},"end":{"line":252,"column":56}},"62":{"start":{"line":253,"column":4},"end":{"line":257,"column":5}},"63":{"start":{"line":254,"column":6},"end":{"line":254,"column":32}},"64":{"start":{"line":255,"column":6},"end":{"line":255,"column":41}},"65":{"start":{"line":256,"column":6},"end":{"line":256,"column":52}},"66":{"start":{"line":264,"column":18},"end":{"line":264,"column":62}},"67":{"start":{"line":264,"column":45},"end":{"line":264,"column":61}},"68":{"start":{"line":265,"column":4},"end":{"line":270,"column":5}},"69":{"start":{"line":266,"column":6},"end":{"line":266,"column":45}},"70":{"start":{"line":267,"column":6},"end":{"line":267,"column":50}},"71":{"start":{"line":268,"column":6},"end":{"line":268,"column":49}},"72":{"start":{"line":269,"column":6},"end":{"line":269,"column":48}},"73":{"start":{"line":277,"column":17},"end":{"line":277,"column":63}},"74":{"start":{"line":277,"column":41},"end":{"line":277,"column":62}},"75":{"start":{"line":279,"column":4},"end":{"line":281,"column":5}},"76":{"start":{"line":280,"column":6},"end":{"line":280,"column":66}},"77":{"start":{"line":280,"column":34},"end":{"line":280,"column":64}},"78":{"start":{"line":283,"column":4},"end":{"line":285,"column":5}},"79":{"start":{"line":284,"column":6},"end":{"line":284,"column":62}},"80":{"start":{"line":284,"column":34},"end":{"line":284,"column":60}},"81":{"start":{"line":287,"column":4},"end":{"line":292,"column":7}},"82":{"start":{"line":289,"column":28},"end":{"line":289,"column":72}},"83":{"start":{"line":290,"column":27},"end":{"line":290,"column":80}},"84":{"start":{"line":291,"column":6},"end":{"line":291,"column":75}},"85":{"start":{"line":299,"column":18},"end":{"line":299,"column":40}},"86":{"start":{"line":301,"column":4},"end":{"line":303,"column":5}},"87":{"start":{"line":302,"column":6},"end":{"line":302,"column":66}},"88":{"start":{"line":302,"column":36},"end":{"line":302,"column":64}},"89":{"start":{"line":305,"column":4},"end":{"line":307,"column":5}},"90":{"start":{"line":306,"column":6},"end":{"line":306,"column":46}},"91":{"start":{"line":309,"column":4},"end":{"line":309,"column":19}},"92":{"start":{"line":316,"column":4},"end":{"line":316,"column":80}},"93":{"start":{"line":317,"column":4},"end":{"line":317,"column":54}},"94":{"start":{"line":324,"column":4},"end":{"line":324,"column":76}},"95":{"start":{"line":331,"column":16},"end":{"line":331,"column":26}},"96":{"start":{"line":332,"column":25},"end":{"line":332,"column":43}},"97":{"start":{"line":334,"column":4},"end":{"line":336,"column":6}},"98":{"start":{"line":335,"column":6},"end":{"line":335,"column":67}},"99":{"start":{"line":338,"column":25},"end":{"line":338,"column":58}},"100":{"start":{"line":339,"column":4},"end":{"line":341,"column":5}},"101":{"start":{"line":340,"column":6},"end":{"line":340,"column":56}},"102":{"start":{"line":342,"column":4},"end":{"line":342,"column":24}},"103":{"start":{"line":347,"column":15},"end":{"line":347,"column":19}},"104":{"start":{"line":350,"column":2},"end":{"line":352,"column":3}},"105":{"start":{"line":351,"column":4},"end":{"line":351,"column":36}},"106":{"start":{"line":353,"column":2},"end":{"line":353,"column":18}}},"fnMap":{"0":{"name":"(anonymous_0)","decl":{"start":{"line":22,"column":2},"end":{"line":22,"column":3}},"loc":{"start":{"line":22,"column":16},"end":{"line":30,"column":3}},"line":22},"1":{"name":"(anonymous_1)","decl":{"start":{"line":35,"column":2},"end":{"line":35,"column":3}},"loc":{"start":{"line":35,"column":21},"end":{"line":39,"column":3}},"line":35},"2":{"name":"(anonymous_2)","decl":{"start":{"line":44,"column":2},"end":{"line":44,"column":3}},"loc":{"start":{"line":44,"column":25},"end":{"line":64,"column":3}},"line":44},"3":{"name":"(anonymous_3)","decl":{"start":{"line":69,"column":2},"end":{"line":69,"column":3}},"loc":{"start":{"line":69,"column":22},"end":{"line":96,"column":3}},"line":69},"4":{"name":"(anonymous_4)","decl":{"start":{"line":71,"column":72},"end":{"line":71,"column":73}},"loc":{"start":{"line":71,"column":82},"end":{"line":79,"column":5}},"line":71},"5":{"name":"(anonymous_5)","decl":{"start":{"line":82,"column":74},"end":{"line":82,"column":75}},"loc":{"start":{"line":82,"column":84},"end":{"line":90,"column":5}},"line":82},"6":{"name":"(anonymous_6)","decl":{"start":{"line":93,"column":77},"end":{"line":93,"column":78}},"loc":{"start":{"line":93,"column":87},"end":{"line":95,"column":5}},"line":93},"7":{"name":"(anonymous_7)","decl":{"start":{"line":101,"column":2},"end":{"line":101,"column":3}},"loc":{"start":{"line":101,"column":35},"end":{"line":142,"column":3}},"line":101},"8":{"name":"(anonymous_8)","decl":{"start":{"line":138,"column":45},"end":{"line":138,"column":46}},"loc":{"start":{"line":138,"column":61},"end":{"line":140,"column":7}},"line":138},"9":{"name":"(anonymous_9)","decl":{"start":{"line":147,"column":2},"end":{"line":147,"column":3}},"loc":{"start":{"line":147,"column":37},"end":{"line":180,"column":3}},"line":147},"10":{"name":"(anonymous_10)","decl":{"start":{"line":185,"column":2},"end":{"line":185,"column":3}},"loc":{"start":{"line":185,"column":25},"end":{"line":225,"column":3}},"line":185},"11":{"name":"(anonymous_11)","decl":{"start":{"line":195,"column":41},"end":{"line":195,"column":42}},"loc":{"start":{"line":196,"column":6},"end":{"line":199,"column":34}},"line":196},"12":{"name":"(anonymous_12)","decl":{"start":{"line":230,"column":2},"end":{"line":230,"column":3}},"loc":{"start":{"line":230,"column":33},"end":{"line":233,"column":3}},"line":230},"13":{"name":"(anonymous_13)","decl":{"start":{"line":238,"column":2},"end":{"line":238,"column":3}},"loc":{"start":{"line":238,"column":36},"end":{"line":246,"column":3}},"line":238},"14":{"name":"(anonymous_14)","decl":{"start":{"line":251,"column":2},"end":{"line":251,"column":3}},"loc":{"start":{"line":251,"column":28},"end":{"line":258,"column":3}},"line":251},"15":{"name":"(anonymous_15)","decl":{"start":{"line":252,"column":35},"end":{"line":252,"column":36}},"loc":{"start":{"line":252,"column":40},"end":{"line":252,"column":56}},"line":252},"16":{"name":"(anonymous_16)","decl":{"start":{"line":263,"column":2},"end":{"line":263,"column":3}},"loc":{"start":{"line":263,"column":36},"end":{"line":271,"column":3}},"line":263},"17":{"name":"(anonymous_17)","decl":{"start":{"line":264,"column":40},"end":{"line":264,"column":41}},"loc":{"start":{"line":264,"column":45},"end":{"line":264,"column":61}},"line":264},"18":{"name":"(anonymous_18)","decl":{"start":{"line":276,"column":2},"end":{"line":276,"column":3}},"loc":{"start":{"line":276,"column":31},"end":{"line":293,"column":3}},"line":276},"19":{"name":"(anonymous_19)","decl":{"start":{"line":277,"column":36},"end":{"line":277,"column":37}},"loc":{"start":{"line":277,"column":41},"end":{"line":277,"column":62}},"line":277},"20":{"name":"(anonymous_20)","decl":{"start":{"line":280,"column":29},"end":{"line":280,"column":30}},"loc":{"start":{"line":280,"column":34},"end":{"line":280,"column":64}},"line":280},"21":{"name":"(anonymous_21)","decl":{"start":{"line":284,"column":29},"end":{"line":284,"column":30}},"loc":{"start":{"line":284,"column":34},"end":{"line":284,"column":60}},"line":284},"22":{"name":"(anonymous_22)","decl":{"start":{"line":287,"column":23},"end":{"line":287,"column":24}},"loc":{"start":{"line":287,"column":33},"end":{"line":292,"column":5}},"line":287},"23":{"name":"(anonymous_23)","decl":{"start":{"line":298,"column":2},"end":{"line":298,"column":3}},"loc":{"start":{"line":298,"column":32},"end":{"line":310,"column":3}},"line":298},"24":{"name":"(anonymous_24)","decl":{"start":{"line":302,"column":31},"end":{"line":302,"column":32}},"loc":{"start":{"line":302,"column":36},"end":{"line":302,"column":64}},"line":302},"25":{"name":"(anonymous_25)","decl":{"start":{"line":315,"column":2},"end":{"line":315,"column":3}},"loc":{"start":{"line":315,"column":41},"end":{"line":318,"column":3}},"line":315},"26":{"name":"(anonymous_26)","decl":{"start":{"line":323,"column":2},"end":{"line":323,"column":3}},"loc":{"start":{"line":323,"column":20},"end":{"line":325,"column":3}},"line":323},"27":{"name":"(anonymous_27)","decl":{"start":{"line":330,"column":2},"end":{"line":330,"column":3}},"loc":{"start":{"line":330,"column":36},"end":{"line":343,"column":3}},"line":330},"28":{"name":"(anonymous_28)","decl":{"start":{"line":334,"column":37},"end":{"line":334,"column":38}},"loc":{"start":{"line":335,"column":6},"end":{"line":335,"column":67}},"line":335},"29":{"name":"getAlertingSystem","decl":{"start":{"line":349,"column":16},"end":{"line":349,"column":33}},"loc":{"start":{"line":349,"column":36},"end":{"line":354,"column":1}},"line":349}},"branchMap":{"0":{"loc":{"start":{"line":102,"column":4},"end":{"line":102,"column":46}},"type":"if","locations":[{"start":{"line":102,"column":4},"end":{"line":102,"column":46}},{"start":{},"end":{}}],"line":102},"1":{"loc":{"start":{"line":102,"column":8},"end":{"line":102,"column":37}},"type":"binary-expr","locations":[{"start":{"line":102,"column":8},"end":{"line":102,"column":17}},{"start":{"line":102,"column":21},"end":{"line":102,"column":37}}],"line":102},"2":{"loc":{"start":{"line":106,"column":4},"end":{"line":122,"column":5}},"type":"if","locations":[{"start":{"line":106,"column":4},"end":{"line":122,"column":5}},{"start":{"line":114,"column":11},"end":{"line":122,"column":5}}],"line":106},"3":{"loc":{"start":{"line":114,"column":11},"end":{"line":122,"column":5}},"type":"if","locations":[{"start":{"line":114,"column":11},"end":{"line":122,"column":5}},{"start":{},"end":{}}],"line":114},"4":{"loc":{"start":{"line":126,"column":4},"end":{"line":134,"column":5}},"type":"if","locations":[{"start":{"line":126,"column":4},"end":{"line":134,"column":5}},{"start":{},"end":{}}],"line":126},"5":{"loc":{"start":{"line":137,"column":4},"end":{"line":141,"column":5}},"type":"if","locations":[{"start":{"line":137,"column":4},"end":{"line":141,"column":5}},{"start":{},"end":{}}],"line":137},"6":{"loc":{"start":{"line":151,"column":4},"end":{"line":167,"column":5}},"type":"if","locations":[{"start":{"line":151,"column":4},"end":{"line":167,"column":5}},{"start":{"line":159,"column":11},"end":{"line":167,"column":5}}],"line":151},"7":{"loc":{"start":{"line":159,"column":11},"end":{"line":167,"column":5}},"type":"if","locations":[{"start":{"line":159,"column":11},"end":{"line":167,"column":5}},{"start":{},"end":{}}],"line":159},"8":{"loc":{"start":{"line":171,"column":4},"end":{"line":179,"column":5}},"type":"if","locations":[{"start":{"line":171,"column":4},"end":{"line":179,"column":5}},{"start":{},"end":{}}],"line":171},"9":{"loc":{"start":{"line":196,"column":6},"end":{"line":199,"column":34}},"type":"binary-expr","locations":[{"start":{"line":196,"column":6},"end":{"line":196,"column":36}},{"start":{"line":197,"column":6},"end":{"line":197,"column":38}},{"start":{"line":198,"column":6},"end":{"line":198,"column":46}},{"start":{"line":199,"column":6},"end":{"line":199,"column":34}}],"line":196},"10":{"loc":{"start":{"line":202,"column":4},"end":{"line":205,"column":5}},"type":"if","locations":[{"start":{"line":202,"column":4},"end":{"line":205,"column":5}},{"start":{},"end":{}}],"line":202},"11":{"loc":{"start":{"line":210,"column":4},"end":{"line":212,"column":5}},"type":"if","locations":[{"start":{"line":210,"column":4},"end":{"line":212,"column":5}},{"start":{},"end":{}}],"line":210},"12":{"loc":{"start":{"line":253,"column":4},"end":{"line":257,"column":5}},"type":"if","locations":[{"start":{"line":253,"column":4},"end":{"line":257,"column":5}},{"start":{},"end":{}}],"line":253},"13":{"loc":{"start":{"line":265,"column":4},"end":{"line":270,"column":5}},"type":"if","locations":[{"start":{"line":265,"column":4},"end":{"line":270,"column":5}},{"start":{},"end":{}}],"line":265},"14":{"loc":{"start":{"line":276,"column":18},"end":{"line":276,"column":29}},"type":"default-arg","locations":[{"start":{"line":276,"column":27},"end":{"line":276,"column":29}}],"line":276},"15":{"loc":{"start":{"line":279,"column":4},"end":{"line":281,"column":5}},"type":"if","locations":[{"start":{"line":279,"column":4},"end":{"line":281,"column":5}},{"start":{},"end":{}}],"line":279},"16":{"loc":{"start":{"line":283,"column":4},"end":{"line":285,"column":5}},"type":"if","locations":[{"start":{"line":283,"column":4},"end":{"line":285,"column":5}},{"start":{},"end":{}}],"line":283},"17":{"loc":{"start":{"line":291,"column":13},"end":{"line":291,"column":74}},"type":"cond-expr","locations":[{"start":{"line":291,"column":34},"end":{"line":291,"column":46}},{"start":{"line":291,"column":49},"end":{"line":291,"column":74}}],"line":291},"18":{"loc":{"start":{"line":298,"column":18},"end":{"line":298,"column":30}},"type":"default-arg","locations":[{"start":{"line":298,"column":28},"end":{"line":298,"column":30}}],"line":298},"19":{"loc":{"start":{"line":301,"column":4},"end":{"line":303,"column":5}},"type":"if","locations":[{"start":{"line":301,"column":4},"end":{"line":303,"column":5}},{"start":{},"end":{}}],"line":301},"20":{"loc":{"start":{"line":305,"column":4},"end":{"line":307,"column":5}},"type":"if","locations":[{"start":{"line":305,"column":4},"end":{"line":307,"column":5}},{"start":{},"end":{}}],"line":305},"21":{"loc":{"start":{"line":330,"column":17},"end":{"line":330,"column":34}},"type":"default-arg","locations":[{"start":{"line":330,"column":26},"end":{"line":330,"column":34}}],"line":330},"22":{"loc":{"start":{"line":335,"column":6},"end":{"line":335,"column":67}},"type":"binary-expr","locations":[{"start":{"line":335,"column":6},"end":{"line":335,"column":31}},{"start":{"line":335,"column":35},"end":{"line":335,"column":67}}],"line":335},"23":{"loc":{"start":{"line":339,"column":4},"end":{"line":341,"column":5}},"type":"if","locations":[{"start":{"line":339,"column":4},"end":{"line":341,"column":5}},{"start":{},"end":{}}],"line":339},"24":{"loc":{"start":{"line":350,"column":2},"end":{"line":352,"column":3}},"type":"if","locations":[{"start":{"line":350,"column":2},"end":{"line":352,"column":3}},{"start":{},"end":{}}],"line":350}},"s":{"0":2,"1":2,"2":13,"3":13,"4":13,"5":13,"6":13,"7":13,"8":13,"9":13,"10":13,"11":13,"12":13,"13":13,"14":0,"15":13,"16":0,"17":13,"18":6,"19":6,"20":0,"21":6,"22":6,"23":0,"24":6,"25":0,"26":6,"27":6,"28":0,"29":6,"30":6,"31":9,"32":9,"33":9,"34":4,"35":5,"36":0,"37":9,"38":9,"39":0,"40":17,"41":17,"42":7,"43":17,"44":4,"45":4,"46":13,"47":13,"48":13,"49":0,"50":13,"51":13,"52":13,"53":13,"54":1,"55":1,"56":13,"57":1,"58":1,"59":0,"60":1,"61":1,"62":1,"63":1,"64":1,"65":1,"66":2,"67":2,"68":2,"69":2,"70":2,"71":2,"72":2,"73":5,"74":7,"75":5,"76":1,"77":2,"78":5,"79":0,"80":0,"81":5,"82":1,"83":1,"84":1,"85":1,"86":1,"87":0,"88":0,"89":1,"90":0,"91":1,"92":1,"93":1,"94":17,"95":1,"96":1,"97":1,"98":1,"99":1,"100":1,"101":1,"102":1,"103":2,"104":4,"105":2,"106":4},"f":{"0":13,"1":13,"2":13,"3":13,"4":0,"5":0,"6":6,"7":6,"8":9,"9":9,"10":17,"11":7,"12":1,"13":13,"14":1,"15":1,"16":2,"17":2,"18":5,"19":7,"20":2,"21":0,"22":1,"23":1,"24":0,"25":1,"26":17,"27":1,"28":1,"29":4},"b":{"0":[0,6],"1":[6,6],"2":[0,6],"3":[0,6],"4":[0,6],"5":[6,0],"6":[4,5],"7":[0,5],"8":[0,9],"9":[7,4,4,4],"10":[4,13],"11":[0,13],"12":[1,0],"13":[2,0],"14":[4],"15":[1,4],"16":[0,5],"17":[1,0],"18":[1],"19":[0,1],"20":[0,1],"21":[0],"22":[1,1],"23":[1,0],"24":[2,2]},"inputSourceMap":null,"_coverageSchema":"1a1c01bbd47fc00a2c39e90264f33305004495a9","hash":"b009f48359e6c3a069f9091611bb122ef6f9b9b3"}
,"/home/kareem/Desktop/dev-environment/minions/foundation/alerting/index.js": {"path":"/home/kareem/Desktop/dev-environment/minions/foundation/alerting/index.js","statementMap":{},"fnMap":{},"branchMap":{},"s":{},"f":{},"b":{},"inputSourceMap":null}
,"/home/kareem/Desktop/dev-environment/minions/foundation/analyzers/BaseAnalyzer.js": {"path":"/home/kareem/Desktop/dev-environment/minions/foundation/analyzers/BaseAnalyzer.js","statementMap":{"0":{"start":{"line":18,"column":4},"end":{"line":20,"column":5}},"1":{"start":{"line":19,"column":6},"end":{"line":19,"column":86}},"2":{"start":{"line":22,"column":4},"end":{"line":22,"column":21}},"3":{"start":{"line":23,"column":4},"end":{"line":23,"column":37}},"4":{"start":{"line":24,"column":4},"end":{"line":24,"column":23}},"5":{"start":{"line":25,"column":4},"end":{"line":25,"column":21}},"6":{"start":{"line":33,"column":4},"end":{"line":33,"column":25}},"7":{"start":{"line":43,"column":4},"end":{"line":43,"column":65}},"8":{"start":{"line":52,"column":4},"end":{"line":54,"column":5}},"9":{"start":{"line":53,"column":6},"end":{"line":53,"column":65}},"10":{"start":{"line":55,"column":4},"end":{"line":55,"column":35}},"11":{"start":{"line":64,"column":4},"end":{"line":66,"column":5}},"12":{"start":{"line":65,"column":6},"end":{"line":65,"column":42}},"13":{"start":{"line":73,"column":4},"end":{"line":73,"column":33}},"14":{"start":{"line":81,"column":22},"end":{"line":85,"column":5}},"15":{"start":{"line":87,"column":4},"end":{"line":87,"column":32}},"16":{"start":{"line":94,"column":4},"end":{"line":94,"column":21}},"17":{"start":{"line":102,"column":4},"end":{"line":102,"column":23}},"18":{"start":{"line":111,"column":4},"end":{"line":111,"column":68}},"19":{"start":{"line":111,"column":39},"end":{"line":111,"column":66}},"20":{"start":{"line":119,"column":4},"end":{"line":124,"column":6}},"21":{"start":{"line":133,"column":19},"end":{"line":133,"column":40}},"22":{"start":{"line":135,"column":4},"end":{"line":148,"column":6}},"23":{"start":{"line":166,"column":4},"end":{"line":176,"column":6}},"24":{"start":{"line":186,"column":4},"end":{"line":190,"column":6}},"25":{"start":{"line":199,"column":24},"end":{"line":199,"column":44}},"26":{"start":{"line":201,"column":4},"end":{"line":207,"column":5}},"27":{"start":{"line":202,"column":6},"end":{"line":206,"column":8}},"28":{"start":{"line":209,"column":4},"end":{"line":212,"column":6}},"29":{"start":{"line":220,"column":19},"end":{"line":220,"column":40}},"30":{"start":{"line":222,"column":4},"end":{"line":232,"column":6}},"31":{"start":{"line":231,"column":45},"end":{"line":231,"column":54}},"32":{"start":{"line":240,"column":20},"end":{"line":240,"column":22}},"33":{"start":{"line":242,"column":4},"end":{"line":247,"column":7}},"34":{"start":{"line":243,"column":6},"end":{"line":245,"column":7}},"35":{"start":{"line":244,"column":8},"end":{"line":244,"column":32}},"36":{"start":{"line":246,"column":6},"end":{"line":246,"column":28}},"37":{"start":{"line":249,"column":4},"end":{"line":249,"column":19}},"38":{"start":{"line":258,"column":4},"end":{"line":258,"column":41}},"39":{"start":{"line":266,"column":4},"end":{"line":266,"column":62}},"40":{"start":{"line":266,"column":38},"end":{"line":266,"column":60}},"41":{"start":{"line":274,"column":4},"end":{"line":274,"column":45}},"42":{"start":{"line":282,"column":4},"end":{"line":282,"column":34}},"43":{"start":{"line":290,"column":4},"end":{"line":290,"column":47}},"44":{"start":{"line":297,"column":4},"end":{"line":297,"column":23}},"45":{"start":{"line":307,"column":20},"end":{"line":307,"column":22}},"46":{"start":{"line":308,"column":18},"end":{"line":308,"column":34}},"47":{"start":{"line":310,"column":4},"end":{"line":320,"column":7}},"48":{"start":{"line":311,"column":20},"end":{"line":311,"column":39}},"49":{"start":{"line":312,"column":6},"end":{"line":319,"column":7}},"50":{"start":{"line":313,"column":8},"end":{"line":318,"column":11}},"51":{"start":{"line":322,"column":4},"end":{"line":322,"column":19}},"52":{"start":{"line":332,"column":20},"end":{"line":332,"column":39}},"53":{"start":{"line":333,"column":4},"end":{"line":333,"column":40}},"54":{"start":{"line":340,"column":24},"end":{"line":349,"column":1}},"55":{"start":{"line":354,"column":24},"end":{"line":366,"column":1}},"56":{"start":{"line":371,"column":24},"end":{"line":376,"column":1}},"57":{"start":{"line":382,"column":2},"end":{"line":382,"column":22}}},"fnMap":{"0":{"name":"(anonymous_0)","decl":{"start":{"line":17,"column":2},"end":{"line":17,"column":3}},"loc":{"start":{"line":17,"column":20},"end":{"line":26,"column":3}},"line":17},"1":{"name":"(anonymous_1)","decl":{"start":{"line":32,"column":2},"end":{"line":32,"column":3}},"loc":{"start":{"line":32,"column":20},"end":{"line":34,"column":3}},"line":32},"2":{"name":"(anonymous_2)","decl":{"start":{"line":42,"column":2},"end":{"line":42,"column":3}},"loc":{"start":{"line":42,"column":36},"end":{"line":44,"column":3}},"line":42},"3":{"name":"(anonymous_3)","decl":{"start":{"line":51,"column":2},"end":{"line":51,"column":3}},"loc":{"start":{"line":51,"column":18},"end":{"line":56,"column":3}},"line":51},"4":{"name":"(anonymous_4)","decl":{"start":{"line":63,"column":2},"end":{"line":63,"column":3}},"loc":{"start":{"line":63,"column":26},"end":{"line":67,"column":3}},"line":63},"5":{"name":"(anonymous_5)","decl":{"start":{"line":72,"column":2},"end":{"line":72,"column":3}},"loc":{"start":{"line":72,"column":29},"end":{"line":74,"column":3}},"line":72},"6":{"name":"(anonymous_6)","decl":{"start":{"line":80,"column":2},"end":{"line":80,"column":3}},"loc":{"start":{"line":80,"column":18},"end":{"line":88,"column":3}},"line":80},"7":{"name":"(anonymous_7)","decl":{"start":{"line":93,"column":2},"end":{"line":93,"column":3}},"loc":{"start":{"line":93,"column":16},"end":{"line":95,"column":3}},"line":93},"8":{"name":"(anonymous_8)","decl":{"start":{"line":101,"column":2},"end":{"line":101,"column":3}},"loc":{"start":{"line":101,"column":14},"end":{"line":103,"column":3}},"line":101},"9":{"name":"(anonymous_9)","decl":{"start":{"line":110,"column":2},"end":{"line":110,"column":3}},"loc":{"start":{"line":110,"column":32},"end":{"line":112,"column":3}},"line":110},"10":{"name":"(anonymous_10)","decl":{"start":{"line":111,"column":30},"end":{"line":111,"column":31}},"loc":{"start":{"line":111,"column":39},"end":{"line":111,"column":66}},"line":111},"11":{"name":"(anonymous_11)","decl":{"start":{"line":118,"column":2},"end":{"line":118,"column":3}},"loc":{"start":{"line":118,"column":19},"end":{"line":125,"column":3}},"line":118},"12":{"name":"(anonymous_12)","decl":{"start":{"line":132,"column":2},"end":{"line":132,"column":3}},"loc":{"start":{"line":132,"column":37},"end":{"line":149,"column":3}},"line":132},"13":{"name":"(anonymous_13)","decl":{"start":{"line":156,"column":2},"end":{"line":156,"column":3}},"loc":{"start":{"line":165,"column":5},"end":{"line":177,"column":3}},"line":165},"14":{"name":"(anonymous_14)","decl":{"start":{"line":184,"column":2},"end":{"line":184,"column":3}},"loc":{"start":{"line":184,"column":16},"end":{"line":191,"column":3}},"line":184},"15":{"name":"(anonymous_15)","decl":{"start":{"line":198,"column":2},"end":{"line":198,"column":3}},"loc":{"start":{"line":198,"column":23},"end":{"line":213,"column":3}},"line":198},"16":{"name":"(anonymous_16)","decl":{"start":{"line":219,"column":2},"end":{"line":219,"column":3}},"loc":{"start":{"line":219,"column":18},"end":{"line":233,"column":3}},"line":219},"17":{"name":"(anonymous_17)","decl":{"start":{"line":231,"column":40},"end":{"line":231,"column":41}},"loc":{"start":{"line":231,"column":45},"end":{"line":231,"column":54}},"line":231},"18":{"name":"(anonymous_18)","decl":{"start":{"line":239,"column":2},"end":{"line":239,"column":3}},"loc":{"start":{"line":239,"column":22},"end":{"line":250,"column":3}},"line":239},"19":{"name":"(anonymous_19)","decl":{"start":{"line":242,"column":24},"end":{"line":242,"column":25}},"loc":{"start":{"line":242,"column":33},"end":{"line":247,"column":5}},"line":242},"20":{"name":"(anonymous_20)","decl":{"start":{"line":257,"column":2},"end":{"line":257,"column":3}},"loc":{"start":{"line":257,"column":26},"end":{"line":259,"column":3}},"line":257},"21":{"name":"(anonymous_21)","decl":{"start":{"line":265,"column":2},"end":{"line":265,"column":3}},"loc":{"start":{"line":265,"column":21},"end":{"line":267,"column":3}},"line":265},"22":{"name":"(anonymous_22)","decl":{"start":{"line":266,"column":29},"end":{"line":266,"column":30}},"loc":{"start":{"line":266,"column":38},"end":{"line":266,"column":60}},"line":266},"23":{"name":"(anonymous_23)","decl":{"start":{"line":273,"column":2},"end":{"line":273,"column":3}},"loc":{"start":{"line":273,"column":22},"end":{"line":275,"column":3}},"line":273},"24":{"name":"(anonymous_24)","decl":{"start":{"line":281,"column":2},"end":{"line":281,"column":3}},"loc":{"start":{"line":281,"column":14},"end":{"line":283,"column":3}},"line":281},"25":{"name":"(anonymous_25)","decl":{"start":{"line":289,"column":2},"end":{"line":289,"column":3}},"loc":{"start":{"line":289,"column":22},"end":{"line":291,"column":3}},"line":289},"26":{"name":"(anonymous_26)","decl":{"start":{"line":296,"column":2},"end":{"line":296,"column":3}},"loc":{"start":{"line":296,"column":10},"end":{"line":298,"column":3}},"line":296},"27":{"name":"(anonymous_27)","decl":{"start":{"line":306,"column":2},"end":{"line":306,"column":3}},"loc":{"start":{"line":306,"column":29},"end":{"line":323,"column":3}},"line":306},"28":{"name":"(anonymous_28)","decl":{"start":{"line":310,"column":18},"end":{"line":310,"column":19}},"loc":{"start":{"line":310,"column":35},"end":{"line":320,"column":5}},"line":310},"29":{"name":"(anonymous_29)","decl":{"start":{"line":331,"column":2},"end":{"line":331,"column":3}},"loc":{"start":{"line":331,"column":30},"end":{"line":334,"column":3}},"line":331},"30":{"name":"getBaseAnalyzer","decl":{"start":{"line":381,"column":16},"end":{"line":381,"column":31}},"loc":{"start":{"line":381,"column":34},"end":{"line":383,"column":1}},"line":381}},"branchMap":{"0":{"loc":{"start":{"line":18,"column":4},"end":{"line":20,"column":5}},"type":"if","locations":[{"start":{"line":18,"column":4},"end":{"line":20,"column":5}},{"start":{},"end":{}}],"line":18},"1":{"loc":{"start":{"line":42,"column":22},"end":{"line":42,"column":34}},"type":"default-arg","locations":[{"start":{"line":42,"column":32},"end":{"line":42,"column":34}}],"line":42},"2":{"loc":{"start":{"line":52,"column":4},"end":{"line":54,"column":5}},"type":"if","locations":[{"start":{"line":52,"column":4},"end":{"line":54,"column":5}},{"start":{},"end":{}}],"line":52},"3":{"loc":{"start":{"line":64,"column":4},"end":{"line":66,"column":5}},"type":"if","locations":[{"start":{"line":64,"column":4},"end":{"line":66,"column":5}},{"start":{},"end":{}}],"line":64},"4":{"loc":{"start":{"line":64,"column":8},"end":{"line":64,"column":65}},"type":"binary-expr","locations":[{"start":{"line":64,"column":8},"end":{"line":64,"column":19}},{"start":{"line":64,"column":23},"end":{"line":64,"column":65}}],"line":64},"5":{"loc":{"start":{"line":132,"column":16},"end":{"line":132,"column":35}},"type":"default-arg","locations":[{"start":{"line":132,"column":33},"end":{"line":132,"column":35}}],"line":132},"6":{"loc":{"start":{"line":158,"column":4},"end":{"line":158,"column":24}},"type":"default-arg","locations":[{"start":{"line":158,"column":15},"end":{"line":158,"column":24}}],"line":158},"7":{"loc":{"start":{"line":162,"column":4},"end":{"line":162,"column":24}},"type":"default-arg","locations":[{"start":{"line":162,"column":15},"end":{"line":162,"column":24}}],"line":162},"8":{"loc":{"start":{"line":163,"column":4},"end":{"line":163,"column":21}},"type":"default-arg","locations":[{"start":{"line":163,"column":17},"end":{"line":163,"column":21}}],"line":163},"9":{"loc":{"start":{"line":164,"column":4},"end":{"line":164,"column":19}},"type":"default-arg","locations":[{"start":{"line":164,"column":14},"end":{"line":164,"column":19}}],"line":164},"10":{"loc":{"start":{"line":201,"column":4},"end":{"line":207,"column":5}},"type":"if","locations":[{"start":{"line":201,"column":4},"end":{"line":207,"column":5}},{"start":{},"end":{}}],"line":201},"11":{"loc":{"start":{"line":243,"column":6},"end":{"line":245,"column":7}},"type":"if","locations":[{"start":{"line":243,"column":6},"end":{"line":245,"column":7}},{"start":{},"end":{}}],"line":243},"12":{"loc":{"start":{"line":312,"column":6},"end":{"line":319,"column":7}},"type":"if","locations":[{"start":{"line":312,"column":6},"end":{"line":319,"column":7}},{"start":{},"end":{}}],"line":312},"13":{"loc":{"start":{"line":333,"column":11},"end":{"line":333,"column":39}},"type":"cond-expr","locations":[{"start":{"line":333,"column":21},"end":{"line":333,"column":35}},{"start":{"line":333,"column":38},"end":{"line":333,"column":39}}],"line":333}},"s":{"0":0,"1":0,"2":0,"3":0,"4":0,"5":0,"6":0,"7":0,"8":0,"9":0,"10":0,"11":0,"12":0,"13":0,"14":0,"15":0,"16":0,"17":0,"18":0,"19":0,"20":0,"21":0,"22":0,"23":0,"24":0,"25":0,"26":0,"27":0,"28":0,"29":0,"30":0,"31":0,"32":0,"33":0,"34":0,"35":0,"36":0,"37":0,"38":0,"39":0,"40":0,"41":0,"42":0,"43":0,"44":0,"45":0,"46":0,"47":0,"48":0,"49":0,"50":0,"51":0,"52":0,"53":0,"54":0,"55":0,"56":0,"57":0},"f":{"0":0,"1":0,"2":0,"3":0,"4":0,"5":0,"6":0,"7":0,"8":0,"9":0,"10":0,"11":0,"12":0,"13":0,"14":0,"15":0,"16":0,"17":0,"18":0,"19":0,"20":0,"21":0,"22":0,"23":0,"24":0,"25":0,"26":0,"27":0,"28":0,"29":0,"30":0},"b":{"0":[0,0],"1":[0],"2":[0,0],"3":[0,0],"4":[0,0],"5":[0],"6":[0],"7":[0],"8":[0],"9":[0],"10":[0,0],"11":[0,0],"12":[0,0],"13":[0,0]},"inputSourceMap":null}
,"/home/kareem/Desktop/dev-environment/minions/foundation/analyzers/PerformanceAnalyzer.js": {"path":"/home/kareem/Desktop/dev-environment/minions/foundation/analyzers/PerformanceAnalyzer.js","statementMap":{"0":{"start":{"line":22,"column":4},"end":{"line":22,"column":33}},"1":{"start":{"line":32,"column":4},"end":{"line":32,"column":54}},"2":{"start":{"line":33,"column":4},"end":{"line":33,"column":23}},"3":{"start":{"line":35,"column":24},"end":{"line":35,"column":44}},"4":{"start":{"line":37,"column":4},"end":{"line":47,"column":5}},"5":{"start":{"line":38,"column":6},"end":{"line":45,"column":10}},"6":{"start":{"line":46,"column":6},"end":{"line":46,"column":34}},"7":{"start":{"line":49,"column":20},"end":{"line":49,"column":31}},"8":{"start":{"line":52,"column":4},"end":{"line":52,"column":36}},"9":{"start":{"line":53,"column":4},"end":{"line":53,"column":35}},"10":{"start":{"line":54,"column":4},"end":{"line":54,"column":39}},"11":{"start":{"line":55,"column":4},"end":{"line":55,"column":35}},"12":{"start":{"line":56,"column":4},"end":{"line":56,"column":40}},"13":{"start":{"line":58,"column":4},"end":{"line":58,"column":90}},"14":{"start":{"line":59,"column":4},"end":{"line":59,"column":32}},"15":{"start":{"line":67,"column":4},"end":{"line":67,"column":21}},"16":{"start":{"line":67,"column":14},"end":{"line":67,"column":21}},"17":{"start":{"line":70,"column":4},"end":{"line":76,"column":7}},"18":{"start":{"line":71,"column":30},"end":{"line":71,"column":60}},"19":{"start":{"line":72,"column":32},"end":{"line":72,"column":62}},"20":{"start":{"line":73,"column":32},"end":{"line":73,"column":62}},"21":{"start":{"line":74,"column":32},"end":{"line":74,"column":62}},"22":{"start":{"line":75,"column":34},"end":{"line":75,"column":64}},"23":{"start":{"line":79,"column":4},"end":{"line":105,"column":7}},"24":{"start":{"line":81,"column":25},"end":{"line":81,"column":29}},"25":{"start":{"line":83,"column":8},"end":{"line":103,"column":9}},"26":{"start":{"line":84,"column":27},"end":{"line":84,"column":47}},"27":{"start":{"line":86,"column":10},"end":{"line":102,"column":11}},"28":{"start":{"line":88,"column":29},"end":{"line":88,"column":46}},"29":{"start":{"line":89,"column":12},"end":{"line":101,"column":13}},"30":{"start":{"line":90,"column":14},"end":{"line":100,"column":15}},"31":{"start":{"line":91,"column":16},"end":{"line":99,"column":20}},"32":{"start":{"line":113,"column":21},"end":{"line":113,"column":25}},"33":{"start":{"line":116,"column":19},"end":{"line":116,"column":24}},"34":{"start":{"line":118,"column":22},"end":{"line":136,"column":5}},"35":{"start":{"line":119,"column":6},"end":{"line":119,"column":21}},"36":{"start":{"line":119,"column":14},"end":{"line":119,"column":21}},"37":{"start":{"line":121,"column":6},"end":{"line":126,"column":7}},"38":{"start":{"line":122,"column":21},"end":{"line":122,"column":40}},"39":{"start":{"line":123,"column":8},"end":{"line":125,"column":9}},"40":{"start":{"line":124,"column":10},"end":{"line":124,"column":26}},"41":{"start":{"line":129,"column":6},"end":{"line":135,"column":7}},"42":{"start":{"line":130,"column":8},"end":{"line":134,"column":9}},"43":{"start":{"line":131,"column":10},"end":{"line":131,"column":36}},"44":{"start":{"line":133,"column":10},"end":{"line":133,"column":28}},"45":{"start":{"line":138,"column":4},"end":{"line":138,"column":25}},"46":{"start":{"line":140,"column":4},"end":{"line":150,"column":5}},"47":{"start":{"line":141,"column":6},"end":{"line":149,"column":10}},"48":{"start":{"line":158,"column":4},"end":{"line":158,"column":21}},"49":{"start":{"line":158,"column":14},"end":{"line":158,"column":21}},"50":{"start":{"line":160,"column":4},"end":{"line":199,"column":7}},"51":{"start":{"line":162,"column":25},"end":{"line":162,"column":29}},"52":{"start":{"line":163,"column":21},"end":{"line":163,"column":43}},"53":{"start":{"line":166,"column":8},"end":{"line":197,"column":9}},"54":{"start":{"line":168,"column":10},"end":{"line":183,"column":11}},"55":{"start":{"line":170,"column":27},"end":{"line":170,"column":56}},"56":{"start":{"line":172,"column":12},"end":{"line":182,"column":13}},"57":{"start":{"line":173,"column":14},"end":{"line":181,"column":18}},"58":{"start":{"line":186,"column":10},"end":{"line":196,"column":11}},"59":{"start":{"line":187,"column":12},"end":{"line":195,"column":16}},"60":{"start":{"line":207,"column":4},"end":{"line":207,"column":21}},"61":{"start":{"line":207,"column":14},"end":{"line":207,"column":21}},"62":{"start":{"line":209,"column":4},"end":{"line":243,"column":7}},"63":{"start":{"line":211,"column":25},"end":{"line":211,"column":29}},"64":{"start":{"line":212,"column":21},"end":{"line":212,"column":43}},"65":{"start":{"line":215,"column":8},"end":{"line":226,"column":9}},"66":{"start":{"line":216,"column":10},"end":{"line":225,"column":14}},"67":{"start":{"line":229,"column":8},"end":{"line":241,"column":9}},"68":{"start":{"line":230,"column":10},"end":{"line":240,"column":11}},"69":{"start":{"line":231,"column":12},"end":{"line":239,"column":16}},"70":{"start":{"line":251,"column":4},"end":{"line":251,"column":21}},"71":{"start":{"line":251,"column":14},"end":{"line":251,"column":21}},"72":{"start":{"line":254,"column":20},"end":{"line":254,"column":22}},"73":{"start":{"line":256,"column":4},"end":{"line":265,"column":7}},"74":{"start":{"line":258,"column":25},"end":{"line":258,"column":29}},"75":{"start":{"line":259,"column":21},"end":{"line":259,"column":43}},"76":{"start":{"line":261,"column":8},"end":{"line":263,"column":9}},"77":{"start":{"line":262,"column":10},"end":{"line":262,"column":45}},"78":{"start":{"line":268,"column":17},"end":{"line":268,"column":26}},"79":{"start":{"line":269,"column":4},"end":{"line":284,"column":7}},"80":{"start":{"line":270,"column":25},"end":{"line":270,"column":36}},"81":{"start":{"line":271,"column":6},"end":{"line":283,"column":7}},"82":{"start":{"line":272,"column":8},"end":{"line":280,"column":12}},"83":{"start":{"line":282,"column":8},"end":{"line":282,"column":35}},"84":{"start":{"line":292,"column":4},"end":{"line":292,"column":21}},"85":{"start":{"line":292,"column":14},"end":{"line":292,"column":21}},"86":{"start":{"line":294,"column":4},"end":{"line":320,"column":7}},"87":{"start":{"line":296,"column":25},"end":{"line":296,"column":29}},"88":{"start":{"line":297,"column":21},"end":{"line":297,"column":43}},"89":{"start":{"line":300,"column":29},"end":{"line":303,"column":9}},"90":{"start":{"line":305,"column":8},"end":{"line":318,"column":11}},"91":{"start":{"line":306,"column":10},"end":{"line":317,"column":11}},"92":{"start":{"line":307,"column":12},"end":{"line":316,"column":16}},"93":{"start":{"line":329,"column":19},"end":{"line":329,"column":24}},"94":{"start":{"line":331,"column":21},"end":{"line":354,"column":5}},"95":{"start":{"line":332,"column":6},"end":{"line":332,"column":33}},"96":{"start":{"line":332,"column":26},"end":{"line":332,"column":33}},"97":{"start":{"line":334,"column":6},"end":{"line":340,"column":7}},"98":{"start":{"line":335,"column":21},"end":{"line":335,"column":40}},"99":{"start":{"line":336,"column":8},"end":{"line":339,"column":9}},"100":{"start":{"line":337,"column":10},"end":{"line":337,"column":26}},"101":{"start":{"line":338,"column":10},"end":{"line":338,"column":17}},"102":{"start":{"line":343,"column":6},"end":{"line":353,"column":9}},"103":{"start":{"line":344,"column":8},"end":{"line":344,"column":52}},"104":{"start":{"line":344,"column":45},"end":{"line":344,"column":52}},"105":{"start":{"line":345,"column":22},"end":{"line":345,"column":28}},"106":{"start":{"line":346,"column":8},"end":{"line":352,"column":9}},"107":{"start":{"line":347,"column":10},"end":{"line":351,"column":11}},"108":{"start":{"line":348,"column":12},"end":{"line":348,"column":36}},"109":{"start":{"line":350,"column":12},"end":{"line":350,"column":28}},"110":{"start":{"line":356,"column":4},"end":{"line":356,"column":19}},"111":{"start":{"line":357,"column":4},"end":{"line":357,"column":20}},"112":{"start":{"line":366,"column":21},"end":{"line":372,"column":5}},"113":{"start":{"line":374,"column":4},"end":{"line":374,"column":60}},"114":{"start":{"line":374,"column":36},"end":{"line":374,"column":58}},"115":{"start":{"line":383,"column":4},"end":{"line":408,"column":5}},"116":{"start":{"line":385,"column":6},"end":{"line":389,"column":7}},"117":{"start":{"line":386,"column":20},"end":{"line":386,"column":49}},"118":{"start":{"line":387,"column":21},"end":{"line":387,"column":52}},"119":{"start":{"line":388,"column":8},"end":{"line":388,"column":32}},"120":{"start":{"line":390,"column":6},"end":{"line":392,"column":7}},"121":{"start":{"line":391,"column":8},"end":{"line":391,"column":32}},"122":{"start":{"line":395,"column":6},"end":{"line":403,"column":7}},"123":{"start":{"line":396,"column":25},"end":{"line":396,"column":42}},"124":{"start":{"line":397,"column":8},"end":{"line":402,"column":9}},"125":{"start":{"line":398,"column":10},"end":{"line":398,"column":52}},"126":{"start":{"line":398,"column":30},"end":{"line":398,"column":52}},"127":{"start":{"line":399,"column":10},"end":{"line":401,"column":11}},"128":{"start":{"line":400,"column":12},"end":{"line":400,"column":66}},"129":{"start":{"line":400,"column":44},"end":{"line":400,"column":55}},"130":{"start":{"line":405,"column":6},"end":{"line":405,"column":16}},"131":{"start":{"line":407,"column":6},"end":{"line":407,"column":16}},"132":{"start":{"line":417,"column":19},"end":{"line":417,"column":21}},"133":{"start":{"line":420,"column":21},"end":{"line":425,"column":5}},"134":{"start":{"line":427,"column":4},"end":{"line":434,"column":7}},"135":{"start":{"line":429,"column":6},"end":{"line":433,"column":7}},"136":{"start":{"line":430,"column":8},"end":{"line":432,"column":9}},"137":{"start":{"line":431,"column":10},"end":{"line":431,"column":32}},"138":{"start":{"line":436,"column":4},"end":{"line":436,"column":18}},"139":{"start":{"line":443,"column":23},"end":{"line":443,"column":27}},"140":{"start":{"line":446,"column":2},"end":{"line":448,"column":3}},"141":{"start":{"line":447,"column":4},"end":{"line":447,"column":49}},"142":{"start":{"line":449,"column":2},"end":{"line":449,"column":26}}},"fnMap":{"0":{"name":"(anonymous_0)","decl":{"start":{"line":21,"column":2},"end":{"line":21,"column":3}},"loc":{"start":{"line":21,"column":16},"end":{"line":23,"column":3}},"line":21},"1":{"name":"(anonymous_1)","decl":{"start":{"line":31,"column":2},"end":{"line":31,"column":3}},"loc":{"start":{"line":31,"column":36},"end":{"line":60,"column":3}},"line":31},"2":{"name":"(anonymous_2)","decl":{"start":{"line":66,"column":2},"end":{"line":66,"column":3}},"loc":{"start":{"line":66,"column":29},"end":{"line":106,"column":3}},"line":66},"3":{"name":"(anonymous_3)","decl":{"start":{"line":71,"column":20},"end":{"line":71,"column":21}},"loc":{"start":{"line":71,"column":30},"end":{"line":71,"column":60}},"line":71},"4":{"name":"(anonymous_4)","decl":{"start":{"line":72,"column":22},"end":{"line":72,"column":23}},"loc":{"start":{"line":72,"column":32},"end":{"line":72,"column":62}},"line":72},"5":{"name":"(anonymous_5)","decl":{"start":{"line":73,"column":22},"end":{"line":73,"column":23}},"loc":{"start":{"line":73,"column":32},"end":{"line":73,"column":62}},"line":73},"6":{"name":"(anonymous_6)","decl":{"start":{"line":74,"column":22},"end":{"line":74,"column":23}},"loc":{"start":{"line":74,"column":32},"end":{"line":74,"column":62}},"line":74},"7":{"name":"(anonymous_7)","decl":{"start":{"line":75,"column":24},"end":{"line":75,"column":25}},"loc":{"start":{"line":75,"column":34},"end":{"line":75,"column":64}},"line":75},"8":{"name":"(anonymous_8)","decl":{"start":{"line":80,"column":22},"end":{"line":80,"column":23}},"loc":{"start":{"line":80,"column":32},"end":{"line":104,"column":7}},"line":80},"9":{"name":"(anonymous_9)","decl":{"start":{"line":112,"column":2},"end":{"line":112,"column":3}},"loc":{"start":{"line":112,"column":28},"end":{"line":151,"column":3}},"line":112},"10":{"name":"(anonymous_10)","decl":{"start":{"line":118,"column":22},"end":{"line":118,"column":23}},"loc":{"start":{"line":118,"column":29},"end":{"line":136,"column":5}},"line":118},"11":{"name":"(anonymous_11)","decl":{"start":{"line":157,"column":2},"end":{"line":157,"column":3}},"loc":{"start":{"line":157,"column":28},"end":{"line":200,"column":3}},"line":157},"12":{"name":"(anonymous_12)","decl":{"start":{"line":161,"column":22},"end":{"line":161,"column":23}},"loc":{"start":{"line":161,"column":32},"end":{"line":198,"column":7}},"line":161},"13":{"name":"(anonymous_13)","decl":{"start":{"line":206,"column":2},"end":{"line":206,"column":3}},"loc":{"start":{"line":206,"column":32},"end":{"line":244,"column":3}},"line":206},"14":{"name":"(anonymous_14)","decl":{"start":{"line":210,"column":22},"end":{"line":210,"column":23}},"loc":{"start":{"line":210,"column":32},"end":{"line":242,"column":7}},"line":210},"15":{"name":"(anonymous_15)","decl":{"start":{"line":250,"column":2},"end":{"line":250,"column":3}},"loc":{"start":{"line":250,"column":28},"end":{"line":285,"column":3}},"line":250},"16":{"name":"(anonymous_16)","decl":{"start":{"line":257,"column":22},"end":{"line":257,"column":23}},"loc":{"start":{"line":257,"column":32},"end":{"line":264,"column":7}},"line":257},"17":{"name":"(anonymous_17)","decl":{"start":{"line":269,"column":20},"end":{"line":269,"column":21}},"loc":{"start":{"line":269,"column":40},"end":{"line":284,"column":5}},"line":269},"18":{"name":"(anonymous_18)","decl":{"start":{"line":291,"column":2},"end":{"line":291,"column":3}},"loc":{"start":{"line":291,"column":33},"end":{"line":321,"column":3}},"line":291},"19":{"name":"(anonymous_19)","decl":{"start":{"line":295,"column":22},"end":{"line":295,"column":23}},"loc":{"start":{"line":295,"column":32},"end":{"line":319,"column":7}},"line":295},"20":{"name":"(anonymous_20)","decl":{"start":{"line":305,"column":29},"end":{"line":305,"column":30}},"loc":{"start":{"line":305,"column":40},"end":{"line":318,"column":9}},"line":305},"21":{"name":"(anonymous_21)","decl":{"start":{"line":328,"column":2},"end":{"line":328,"column":3}},"loc":{"start":{"line":328,"column":30},"end":{"line":358,"column":3}},"line":328},"22":{"name":"(anonymous_22)","decl":{"start":{"line":331,"column":21},"end":{"line":331,"column":22}},"loc":{"start":{"line":331,"column":28},"end":{"line":354,"column":5}},"line":331},"23":{"name":"(anonymous_23)","decl":{"start":{"line":343,"column":29},"end":{"line":343,"column":30}},"loc":{"start":{"line":343,"column":36},"end":{"line":353,"column":7}},"line":343},"24":{"name":"(anonymous_24)","decl":{"start":{"line":365,"column":2},"end":{"line":365,"column":3}},"loc":{"start":{"line":365,"column":24},"end":{"line":375,"column":3}},"line":365},"25":{"name":"(anonymous_25)","decl":{"start":{"line":374,"column":25},"end":{"line":374,"column":26}},"loc":{"start":{"line":374,"column":36},"end":{"line":374,"column":58}},"line":374},"26":{"name":"(anonymous_26)","decl":{"start":{"line":382,"column":2},"end":{"line":382,"column":3}},"loc":{"start":{"line":382,"column":20},"end":{"line":409,"column":3}},"line":382},"27":{"name":"(anonymous_27)","decl":{"start":{"line":400,"column":39},"end":{"line":400,"column":40}},"loc":{"start":{"line":400,"column":44},"end":{"line":400,"column":55}},"line":400},"28":{"name":"(anonymous_28)","decl":{"start":{"line":416,"column":2},"end":{"line":416,"column":3}},"loc":{"start":{"line":416,"column":28},"end":{"line":437,"column":3}},"line":416},"29":{"name":"(anonymous_29)","decl":{"start":{"line":427,"column":21},"end":{"line":427,"column":22}},"loc":{"start":{"line":427,"column":32},"end":{"line":434,"column":5}},"line":427},"30":{"name":"getPerformanceAnalyzer","decl":{"start":{"line":445,"column":16},"end":{"line":445,"column":38}},"loc":{"start":{"line":445,"column":41},"end":{"line":450,"column":1}},"line":445}},"branchMap":{"0":{"loc":{"start":{"line":31,"column":22},"end":{"line":31,"column":34}},"type":"default-arg","locations":[{"start":{"line":31,"column":32},"end":{"line":31,"column":34}}],"line":31},"1":{"loc":{"start":{"line":37,"column":4},"end":{"line":47,"column":5}},"type":"if","locations":[{"start":{"line":37,"column":4},"end":{"line":47,"column":5}},{"start":{},"end":{}}],"line":37},"2":{"loc":{"start":{"line":67,"column":4},"end":{"line":67,"column":21}},"type":"if","locations":[{"start":{"line":67,"column":4},"end":{"line":67,"column":21}},{"start":{},"end":{}}],"line":67},"3":{"loc":{"start":{"line":83,"column":8},"end":{"line":103,"column":9}},"type":"if","locations":[{"start":{"line":83,"column":8},"end":{"line":103,"column":9}},{"start":{},"end":{}}],"line":83},"4":{"loc":{"start":{"line":86,"column":10},"end":{"line":102,"column":11}},"type":"if","locations":[{"start":{"line":86,"column":10},"end":{"line":102,"column":11}},{"start":{},"end":{}}],"line":86},"5":{"loc":{"start":{"line":86,"column":14},"end":{"line":86,"column":68}},"type":"binary-expr","locations":[{"start":{"line":86,"column":14},"end":{"line":86,"column":37}},{"start":{"line":86,"column":41},"end":{"line":86,"column":68}}],"line":86},"6":{"loc":{"start":{"line":89,"column":12},"end":{"line":101,"column":13}},"type":"if","locations":[{"start":{"line":89,"column":12},"end":{"line":101,"column":13}},{"start":{},"end":{}}],"line":89},"7":{"loc":{"start":{"line":89,"column":16},"end":{"line":89,"column":115}},"type":"binary-expr","locations":[{"start":{"line":89,"column":16},"end":{"line":89,"column":24}},{"start":{"line":89,"column":29},"end":{"line":89,"column":72}},{"start":{"line":89,"column":76},"end":{"line":89,"column":114}}],"line":89},"8":{"loc":{"start":{"line":90,"column":14},"end":{"line":100,"column":15}},"type":"if","locations":[{"start":{"line":90,"column":14},"end":{"line":100,"column":15}},{"start":{},"end":{}}],"line":90},"9":{"loc":{"start":{"line":119,"column":6},"end":{"line":119,"column":21}},"type":"if","locations":[{"start":{"line":119,"column":6},"end":{"line":119,"column":21}},{"start":{},"end":{}}],"line":119},"10":{"loc":{"start":{"line":121,"column":6},"end":{"line":126,"column":7}},"type":"if","locations":[{"start":{"line":121,"column":6},"end":{"line":126,"column":7}},{"start":{},"end":{}}],"line":121},"11":{"loc":{"start":{"line":123,"column":8},"end":{"line":125,"column":9}},"type":"if","locations":[{"start":{"line":123,"column":8},"end":{"line":125,"column":9}},{"start":{},"end":{}}],"line":123},"12":{"loc":{"start":{"line":129,"column":6},"end":{"line":135,"column":7}},"type":"if","locations":[{"start":{"line":129,"column":6},"end":{"line":135,"column":7}},{"start":{},"end":{}}],"line":129},"13":{"loc":{"start":{"line":130,"column":8},"end":{"line":134,"column":9}},"type":"if","locations":[{"start":{"line":130,"column":8},"end":{"line":134,"column":9}},{"start":{"line":132,"column":15},"end":{"line":134,"column":9}}],"line":130},"14":{"loc":{"start":{"line":140,"column":4},"end":{"line":150,"column":5}},"type":"if","locations":[{"start":{"line":140,"column":4},"end":{"line":150,"column":5}},{"start":{},"end":{}}],"line":140},"15":{"loc":{"start":{"line":158,"column":4},"end":{"line":158,"column":21}},"type":"if","locations":[{"start":{"line":158,"column":4},"end":{"line":158,"column":21}},{"start":{},"end":{}}],"line":158},"16":{"loc":{"start":{"line":166,"column":8},"end":{"line":197,"column":9}},"type":"if","locations":[{"start":{"line":166,"column":8},"end":{"line":197,"column":9}},{"start":{},"end":{}}],"line":166},"17":{"loc":{"start":{"line":168,"column":10},"end":{"line":183,"column":11}},"type":"if","locations":[{"start":{"line":168,"column":10},"end":{"line":183,"column":11}},{"start":{},"end":{}}],"line":168},"18":{"loc":{"start":{"line":168,"column":14},"end":{"line":168,"column":62}},"type":"binary-expr","locations":[{"start":{"line":168,"column":14},"end":{"line":168,"column":36}},{"start":{"line":168,"column":40},"end":{"line":168,"column":62}}],"line":168},"19":{"loc":{"start":{"line":172,"column":12},"end":{"line":182,"column":13}},"type":"if","locations":[{"start":{"line":172,"column":12},"end":{"line":182,"column":13}},{"start":{},"end":{}}],"line":172},"20":{"loc":{"start":{"line":186,"column":10},"end":{"line":196,"column":11}},"type":"if","locations":[{"start":{"line":186,"column":10},"end":{"line":196,"column":11}},{"start":{},"end":{}}],"line":186},"21":{"loc":{"start":{"line":186,"column":14},"end":{"line":186,"column":60}},"type":"binary-expr","locations":[{"start":{"line":186,"column":14},"end":{"line":186,"column":35}},{"start":{"line":186,"column":39},"end":{"line":186,"column":60}}],"line":186},"22":{"loc":{"start":{"line":207,"column":4},"end":{"line":207,"column":21}},"type":"if","locations":[{"start":{"line":207,"column":4},"end":{"line":207,"column":21}},{"start":{},"end":{}}],"line":207},"23":{"loc":{"start":{"line":215,"column":8},"end":{"line":226,"column":9}},"type":"if","locations":[{"start":{"line":215,"column":8},"end":{"line":226,"column":9}},{"start":{},"end":{}}],"line":215},"24":{"loc":{"start":{"line":215,"column":12},"end":{"line":215,"column":66}},"type":"binary-expr","locations":[{"start":{"line":215,"column":12},"end":{"line":215,"column":37}},{"start":{"line":215,"column":41},"end":{"line":215,"column":66}}],"line":215},"25":{"loc":{"start":{"line":229,"column":8},"end":{"line":241,"column":9}},"type":"if","locations":[{"start":{"line":229,"column":8},"end":{"line":241,"column":9}},{"start":{},"end":{}}],"line":229},"26":{"loc":{"start":{"line":229,"column":12},"end":{"line":229,"column":92}},"type":"binary-expr","locations":[{"start":{"line":229,"column":12},"end":{"line":229,"column":38}},{"start":{"line":229,"column":42},"end":{"line":229,"column":65}},{"start":{"line":229,"column":69},"end":{"line":229,"column":92}}],"line":229},"27":{"loc":{"start":{"line":230,"column":10},"end":{"line":240,"column":11}},"type":"if","locations":[{"start":{"line":230,"column":10},"end":{"line":240,"column":11}},{"start":{},"end":{}}],"line":230},"28":{"loc":{"start":{"line":230,"column":14},"end":{"line":230,"column":91}},"type":"binary-expr","locations":[{"start":{"line":230,"column":14},"end":{"line":230,"column":38}},{"start":{"line":230,"column":42},"end":{"line":230,"column":64}},{"start":{"line":230,"column":68},"end":{"line":230,"column":91}}],"line":230},"29":{"loc":{"start":{"line":251,"column":4},"end":{"line":251,"column":21}},"type":"if","locations":[{"start":{"line":251,"column":4},"end":{"line":251,"column":21}},{"start":{},"end":{}}],"line":251},"30":{"loc":{"start":{"line":261,"column":8},"end":{"line":263,"column":9}},"type":"if","locations":[{"start":{"line":261,"column":8},"end":{"line":263,"column":9}},{"start":{},"end":{}}],"line":261},"31":{"loc":{"start":{"line":271,"column":6},"end":{"line":283,"column":7}},"type":"if","locations":[{"start":{"line":271,"column":6},"end":{"line":283,"column":7}},{"start":{"line":281,"column":13},"end":{"line":283,"column":7}}],"line":271},"32":{"loc":{"start":{"line":292,"column":4},"end":{"line":292,"column":21}},"type":"if","locations":[{"start":{"line":292,"column":4},"end":{"line":292,"column":21}},{"start":{},"end":{}}],"line":292},"33":{"loc":{"start":{"line":306,"column":10},"end":{"line":317,"column":11}},"type":"if","locations":[{"start":{"line":306,"column":10},"end":{"line":317,"column":11}},{"start":{},"end":{}}],"line":306},"34":{"loc":{"start":{"line":332,"column":6},"end":{"line":332,"column":33}},"type":"if","locations":[{"start":{"line":332,"column":6},"end":{"line":332,"column":33}},{"start":{},"end":{}}],"line":332},"35":{"loc":{"start":{"line":332,"column":10},"end":{"line":332,"column":24}},"type":"binary-expr","locations":[{"start":{"line":332,"column":10},"end":{"line":332,"column":12}},{"start":{"line":332,"column":16},"end":{"line":332,"column":24}}],"line":332},"36":{"loc":{"start":{"line":334,"column":6},"end":{"line":340,"column":7}},"type":"if","locations":[{"start":{"line":334,"column":6},"end":{"line":340,"column":7}},{"start":{},"end":{}}],"line":334},"37":{"loc":{"start":{"line":336,"column":8},"end":{"line":339,"column":9}},"type":"if","locations":[{"start":{"line":336,"column":8},"end":{"line":339,"column":9}},{"start":{},"end":{}}],"line":336},"38":{"loc":{"start":{"line":344,"column":8},"end":{"line":344,"column":52}},"type":"if","locations":[{"start":{"line":344,"column":8},"end":{"line":344,"column":52}},{"start":{},"end":{}}],"line":344},"39":{"loc":{"start":{"line":344,"column":12},"end":{"line":344,"column":43}},"type":"binary-expr","locations":[{"start":{"line":344,"column":12},"end":{"line":344,"column":25}},{"start":{"line":344,"column":29},"end":{"line":344,"column":43}}],"line":344},"40":{"loc":{"start":{"line":346,"column":8},"end":{"line":352,"column":9}},"type":"if","locations":[{"start":{"line":346,"column":8},"end":{"line":352,"column":9}},{"start":{},"end":{}}],"line":346},"41":{"loc":{"start":{"line":346,"column":12},"end":{"line":346,"column":46}},"type":"binary-expr","locations":[{"start":{"line":346,"column":12},"end":{"line":346,"column":17}},{"start":{"line":346,"column":21},"end":{"line":346,"column":46}}],"line":346},"42":{"loc":{"start":{"line":347,"column":10},"end":{"line":351,"column":11}},"type":"if","locations":[{"start":{"line":347,"column":10},"end":{"line":351,"column":11}},{"start":{"line":349,"column":17},"end":{"line":351,"column":11}}],"line":347},"43":{"loc":{"start":{"line":385,"column":6},"end":{"line":389,"column":7}},"type":"if","locations":[{"start":{"line":385,"column":6},"end":{"line":389,"column":7}},{"start":{},"end":{}}],"line":385},"44":{"loc":{"start":{"line":386,"column":20},"end":{"line":386,"column":49}},"type":"binary-expr","locations":[{"start":{"line":386,"column":20},"end":{"line":386,"column":43}},{"start":{"line":386,"column":47},"end":{"line":386,"column":49}}],"line":386},"45":{"loc":{"start":{"line":387,"column":21},"end":{"line":387,"column":52}},"type":"binary-expr","locations":[{"start":{"line":387,"column":21},"end":{"line":387,"column":46}},{"start":{"line":387,"column":50},"end":{"line":387,"column":52}}],"line":387},"46":{"loc":{"start":{"line":390,"column":6},"end":{"line":392,"column":7}},"type":"if","locations":[{"start":{"line":390,"column":6},"end":{"line":392,"column":7}},{"start":{},"end":{}}],"line":390},"47":{"loc":{"start":{"line":395,"column":6},"end":{"line":403,"column":7}},"type":"if","locations":[{"start":{"line":395,"column":6},"end":{"line":403,"column":7}},{"start":{},"end":{}}],"line":395},"48":{"loc":{"start":{"line":395,"column":10},"end":{"line":395,"column":53}},"type":"binary-expr","locations":[{"start":{"line":395,"column":10},"end":{"line":395,"column":24}},{"start":{"line":395,"column":28},"end":{"line":395,"column":53}}],"line":395},"49":{"loc":{"start":{"line":397,"column":8},"end":{"line":402,"column":9}},"type":"if","locations":[{"start":{"line":397,"column":8},"end":{"line":402,"column":9}},{"start":{},"end":{}}],"line":397},"50":{"loc":{"start":{"line":397,"column":12},"end":{"line":397,"column":84}},"type":"binary-expr","locations":[{"start":{"line":397,"column":12},"end":{"line":397,"column":45}},{"start":{"line":397,"column":49},"end":{"line":397,"column":84}}],"line":397},"51":{"loc":{"start":{"line":398,"column":10},"end":{"line":398,"column":52}},"type":"if","locations":[{"start":{"line":398,"column":10},"end":{"line":398,"column":52}},{"start":{},"end":{}}],"line":398},"52":{"loc":{"start":{"line":399,"column":10},"end":{"line":401,"column":11}},"type":"if","locations":[{"start":{"line":399,"column":10},"end":{"line":401,"column":11}},{"start":{},"end":{}}],"line":399},"53":{"loc":{"start":{"line":430,"column":8},"end":{"line":432,"column":9}},"type":"if","locations":[{"start":{"line":430,"column":8},"end":{"line":432,"column":9}},{"start":{},"end":{}}],"line":430},"54":{"loc":{"start":{"line":446,"column":2},"end":{"line":448,"column":3}},"type":"if","locations":[{"start":{"line":446,"column":2},"end":{"line":448,"column":3}},{"start":{},"end":{}}],"line":446}},"s":{"0":0,"1":0,"2":0,"3":0,"4":0,"5":0,"6":0,"7":0,"8":0,"9":0,"10":0,"11":0,"12":0,"13":0,"14":0,"15":0,"16":0,"17":0,"18":0,"19":0,"20":0,"21":0,"22":0,"23":0,"24":0,"25":0,"26":0,"27":0,"28":0,"29":0,"30":0,"31":0,"32":0,"33":0,"34":0,"35":0,"36":0,"37":0,"38":0,"39":0,"40":0,"41":0,"42":0,"43":0,"44":0,"45":0,"46":0,"47":0,"48":0,"49":0,"50":0,"51":0,"52":0,"53":0,"54":0,"55":0,"56":0,"57":0,"58":0,"59":0,"60":0,"61":0,"62":0,"63":0,"64":0,"65":0,"66":0,"67":0,"68":0,"69":0,"70":0,"71":0,"72":0,"73":0,"74":0,"75":0,"76":0,"77":0,"78":0,"79":0,"80":0,"81":0,"82":0,"83":0,"84":0,"85":0,"86":0,"87":0,"88":0,"89":0,"90":0,"91":0,"92":0,"93":0,"94":0,"95":0,"96":0,"97":0,"98":0,"99":0,"100":0,"101":0,"102":0,"103":0,"104":0,"105":0,"106":0,"107":0,"108":0,"109":0,"110":0,"111":0,"112":0,"113":0,"114":0,"115":0,"116":0,"117":0,"118":0,"119":0,"120":0,"121":0,"122":0,"123":0,"124":0,"125":0,"126":0,"127":0,"128":0,"129":0,"130":0,"131":0,"132":0,"133":0,"134":0,"135":0,"136":0,"137":0,"138":0,"139":0,"140":0,"141":0,"142":0},"f":{"0":0,"1":0,"2":0,"3":0,"4":0,"5":0,"6":0,"7":0,"8":0,"9":0,"10":0,"11":0,"12":0,"13":0,"14":0,"15":0,"16":0,"17":0,"18":0,"19":0,"20":0,"21":0,"22":0,"23":0,"24":0,"25":0,"26":0,"27":0,"28":0,"29":0,"30":0},"b":{"0":[0],"1":[0,0],"2":[0,0],"3":[0,0],"4":[0,0],"5":[0,0],"6":[0,0],"7":[0,0,0],"8":[0,0],"9":[0,0],"10":[0,0],"11":[0,0],"12":[0,0],"13":[0,0],"14":[0,0],"15":[0,0],"16":[0,0],"17":[0,0],"18":[0,0],"19":[0,0],"20":[0,0],"21":[0,0],"22":[0,0],"23":[0,0],"24":[0,0],"25":[0,0],"26":[0,0,0],"27":[0,0],"28":[0,0,0],"29":[0,0],"30":[0,0],"31":[0,0],"32":[0,0],"33":[0,0],"34":[0,0],"35":[0,0],"36":[0,0],"37":[0,0],"38":[0,0],"39":[0,0],"40":[0,0],"41":[0,0],"42":[0,0],"43":[0,0],"44":[0,0],"45":[0,0],"46":[0,0],"47":[0,0],"48":[0,0],"49":[0,0],"50":[0,0],"51":[0,0],"52":[0,0],"53":[0,0],"54":[0,0]},"inputSourceMap":null}
,"/home/kareem/Desktop/dev-environment/minions/foundation/analyzers/SecurityScanner.js": {"path":"/home/kareem/Desktop/dev-environment/minions/foundation/analyzers/SecurityScanner.js","statementMap":{"0":{"start":{"line":26,"column":4},"end":{"line":26,"column":29}},"1":{"start":{"line":37,"column":4},"end":{"line":37,"column":61}},"2":{"start":{"line":38,"column":4},"end":{"line":38,"column":23}},"3":{"start":{"line":41,"column":4},"end":{"line":41,"column":40}},"4":{"start":{"line":42,"column":4},"end":{"line":42,"column":49}},"5":{"start":{"line":43,"column":4},"end":{"line":43,"column":46}},"6":{"start":{"line":44,"column":4},"end":{"line":44,"column":51}},"7":{"start":{"line":45,"column":4},"end":{"line":45,"column":39}},"8":{"start":{"line":46,"column":4},"end":{"line":46,"column":45}},"9":{"start":{"line":47,"column":4},"end":{"line":47,"column":47}},"10":{"start":{"line":48,"column":4},"end":{"line":48,"column":49}},"11":{"start":{"line":50,"column":4},"end":{"line":50,"column":92}},"12":{"start":{"line":51,"column":4},"end":{"line":51,"column":32}},"13":{"start":{"line":60,"column":27},"end":{"line":70,"column":5}},"14":{"start":{"line":72,"column":18},"end":{"line":72,"column":34}},"15":{"start":{"line":73,"column":4},"end":{"line":92,"column":7}},"16":{"start":{"line":75,"column":6},"end":{"line":77,"column":7}},"17":{"start":{"line":76,"column":8},"end":{"line":76,"column":15}},"18":{"start":{"line":79,"column":6},"end":{"line":91,"column":9}},"19":{"start":{"line":80,"column":8},"end":{"line":90,"column":9}},"20":{"start":{"line":81,"column":10},"end":{"line":89,"column":14}},"21":{"start":{"line":101,"column":4},"end":{"line":101,"column":21}},"22":{"start":{"line":101,"column":14},"end":{"line":101,"column":21}},"23":{"start":{"line":103,"column":4},"end":{"line":127,"column":7}},"24":{"start":{"line":105,"column":21},"end":{"line":105,"column":45}},"25":{"start":{"line":108,"column":8},"end":{"line":125,"column":9}},"26":{"start":{"line":109,"column":31},"end":{"line":109,"column":77}},"27":{"start":{"line":112,"column":31},"end":{"line":112,"column":73}},"28":{"start":{"line":114,"column":10},"end":{"line":124,"column":11}},"29":{"start":{"line":115,"column":12},"end":{"line":123,"column":16}},"30":{"start":{"line":136,"column":4},"end":{"line":136,"column":21}},"31":{"start":{"line":136,"column":14},"end":{"line":136,"column":21}},"32":{"start":{"line":138,"column":4},"end":{"line":168,"column":7}},"33":{"start":{"line":141,"column":8},"end":{"line":166,"column":9}},"34":{"start":{"line":144,"column":28},"end":{"line":144,"column":63}},"35":{"start":{"line":145,"column":31},"end":{"line":145,"column":77}},"36":{"start":{"line":148,"column":33},"end":{"line":148,"column":72}},"37":{"start":{"line":150,"column":10},"end":{"line":165,"column":11}},"38":{"start":{"line":156,"column":12},"end":{"line":164,"column":16}},"39":{"start":{"line":177,"column":4},"end":{"line":177,"column":21}},"40":{"start":{"line":177,"column":14},"end":{"line":177,"column":21}},"41":{"start":{"line":179,"column":4},"end":{"line":206,"column":7}},"42":{"start":{"line":182,"column":8},"end":{"line":204,"column":9}},"43":{"start":{"line":186,"column":25},"end":{"line":186,"column":36}},"44":{"start":{"line":187,"column":10},"end":{"line":203,"column":11}},"45":{"start":{"line":188,"column":36},"end":{"line":190,"column":13}},"46":{"start":{"line":192,"column":12},"end":{"line":202,"column":13}},"47":{"start":{"line":193,"column":14},"end":{"line":201,"column":18}},"48":{"start":{"line":215,"column":4},"end":{"line":215,"column":21}},"49":{"start":{"line":215,"column":14},"end":{"line":215,"column":21}},"50":{"start":{"line":217,"column":4},"end":{"line":241,"column":7}},"51":{"start":{"line":219,"column":29},"end":{"line":219,"column":75}},"52":{"start":{"line":222,"column":8},"end":{"line":239,"column":9}},"53":{"start":{"line":224,"column":10},"end":{"line":238,"column":13}},"54":{"start":{"line":225,"column":29},"end":{"line":225,"column":65}},"55":{"start":{"line":227,"column":12},"end":{"line":237,"column":13}},"56":{"start":{"line":228,"column":14},"end":{"line":236,"column":18}},"57":{"start":{"line":250,"column":4},"end":{"line":250,"column":21}},"58":{"start":{"line":250,"column":14},"end":{"line":250,"column":21}},"59":{"start":{"line":252,"column":4},"end":{"line":281,"column":7}},"60":{"start":{"line":255,"column":8},"end":{"line":279,"column":9}},"61":{"start":{"line":259,"column":10},"end":{"line":278,"column":13}},"62":{"start":{"line":260,"column":28},"end":{"line":260,"column":62}},"63":{"start":{"line":263,"column":12},"end":{"line":277,"column":13}},"64":{"start":{"line":264,"column":34},"end":{"line":264,"column":81}},"65":{"start":{"line":266,"column":14},"end":{"line":276,"column":15}},"66":{"start":{"line":267,"column":16},"end":{"line":275,"column":20}},"67":{"start":{"line":290,"column":4},"end":{"line":290,"column":21}},"68":{"start":{"line":290,"column":14},"end":{"line":290,"column":21}},"69":{"start":{"line":292,"column":4},"end":{"line":325,"column":7}},"70":{"start":{"line":295,"column":8},"end":{"line":323,"column":9}},"71":{"start":{"line":296,"column":29},"end":{"line":296,"column":51}},"72":{"start":{"line":298,"column":10},"end":{"line":322,"column":11}},"73":{"start":{"line":299,"column":12},"end":{"line":307,"column":16}},"74":{"start":{"line":308,"column":17},"end":{"line":322,"column":11}},"75":{"start":{"line":309,"column":31},"end":{"line":309,"column":88}},"76":{"start":{"line":309,"column":63},"end":{"line":309,"column":87}},"77":{"start":{"line":311,"column":12},"end":{"line":321,"column":13}},"78":{"start":{"line":312,"column":14},"end":{"line":320,"column":18}},"79":{"start":{"line":334,"column":4},"end":{"line":334,"column":21}},"80":{"start":{"line":334,"column":14},"end":{"line":334,"column":21}},"81":{"start":{"line":336,"column":4},"end":{"line":379,"column":7}},"82":{"start":{"line":338,"column":27},"end":{"line":338,"column":87}},"83":{"start":{"line":341,"column":8},"end":{"line":358,"column":9}},"84":{"start":{"line":342,"column":23},"end":{"line":342,"column":42}},"85":{"start":{"line":343,"column":10},"end":{"line":357,"column":11}},"86":{"start":{"line":344,"column":30},"end":{"line":344,"column":57}},"87":{"start":{"line":346,"column":12},"end":{"line":356,"column":13}},"88":{"start":{"line":347,"column":14},"end":{"line":355,"column":18}},"89":{"start":{"line":361,"column":8},"end":{"line":377,"column":9}},"90":{"start":{"line":362,"column":23},"end":{"line":362,"column":42}},"91":{"start":{"line":363,"column":10},"end":{"line":376,"column":11}},"92":{"start":{"line":364,"column":28},"end":{"line":364,"column":35}},"93":{"start":{"line":365,"column":12},"end":{"line":375,"column":13}},"94":{"start":{"line":366,"column":14},"end":{"line":374,"column":18}},"95":{"start":{"line":386,"column":22},"end":{"line":386,"column":26}},"96":{"start":{"line":389,"column":2},"end":{"line":391,"column":3}},"97":{"start":{"line":390,"column":4},"end":{"line":390,"column":44}},"98":{"start":{"line":392,"column":2},"end":{"line":392,"column":25}}},"fnMap":{"0":{"name":"(anonymous_0)","decl":{"start":{"line":25,"column":2},"end":{"line":25,"column":3}},"loc":{"start":{"line":25,"column":16},"end":{"line":27,"column":3}},"line":25},"1":{"name":"(anonymous_1)","decl":{"start":{"line":36,"column":2},"end":{"line":36,"column":3}},"loc":{"start":{"line":36,"column":41},"end":{"line":52,"column":3}},"line":36},"2":{"name":"(anonymous_2)","decl":{"start":{"line":59,"column":2},"end":{"line":59,"column":3}},"loc":{"start":{"line":59,"column":33},"end":{"line":93,"column":3}},"line":59},"3":{"name":"(anonymous_3)","decl":{"start":{"line":73,"column":18},"end":{"line":73,"column":19}},"loc":{"start":{"line":73,"column":35},"end":{"line":92,"column":5}},"line":73},"4":{"name":"(anonymous_4)","decl":{"start":{"line":79,"column":29},"end":{"line":79,"column":30}},"loc":{"start":{"line":79,"column":52},"end":{"line":91,"column":7}},"line":79},"5":{"name":"(anonymous_5)","decl":{"start":{"line":100,"column":2},"end":{"line":100,"column":3}},"loc":{"start":{"line":100,"column":42},"end":{"line":128,"column":3}},"line":100},"6":{"name":"(anonymous_6)","decl":{"start":{"line":104,"column":27},"end":{"line":104,"column":28}},"loc":{"start":{"line":104,"column":37},"end":{"line":126,"column":7}},"line":104},"7":{"name":"(anonymous_7)","decl":{"start":{"line":135,"column":2},"end":{"line":135,"column":3}},"loc":{"start":{"line":135,"column":39},"end":{"line":169,"column":3}},"line":135},"8":{"name":"(anonymous_8)","decl":{"start":{"line":139,"column":22},"end":{"line":139,"column":23}},"loc":{"start":{"line":139,"column":32},"end":{"line":167,"column":7}},"line":139},"9":{"name":"(anonymous_9)","decl":{"start":{"line":176,"column":2},"end":{"line":176,"column":3}},"loc":{"start":{"line":176,"column":44},"end":{"line":207,"column":3}},"line":176},"10":{"name":"(anonymous_10)","decl":{"start":{"line":180,"column":24},"end":{"line":180,"column":25}},"loc":{"start":{"line":180,"column":34},"end":{"line":205,"column":7}},"line":180},"11":{"name":"(anonymous_11)","decl":{"start":{"line":214,"column":2},"end":{"line":214,"column":3}},"loc":{"start":{"line":214,"column":32},"end":{"line":242,"column":3}},"line":214},"12":{"name":"(anonymous_12)","decl":{"start":{"line":218,"column":23},"end":{"line":218,"column":24}},"loc":{"start":{"line":218,"column":33},"end":{"line":240,"column":7}},"line":218},"13":{"name":"(anonymous_13)","decl":{"start":{"line":224,"column":40},"end":{"line":224,"column":41}},"loc":{"start":{"line":224,"column":50},"end":{"line":238,"column":11}},"line":224},"14":{"name":"(anonymous_14)","decl":{"start":{"line":249,"column":2},"end":{"line":249,"column":3}},"loc":{"start":{"line":249,"column":38},"end":{"line":282,"column":3}},"line":249},"15":{"name":"(anonymous_15)","decl":{"start":{"line":253,"column":22},"end":{"line":253,"column":23}},"loc":{"start":{"line":253,"column":32},"end":{"line":280,"column":7}},"line":253},"16":{"name":"(anonymous_16)","decl":{"start":{"line":259,"column":38},"end":{"line":259,"column":39}},"loc":{"start":{"line":259,"column":47},"end":{"line":278,"column":11}},"line":259},"17":{"name":"(anonymous_17)","decl":{"start":{"line":289,"column":2},"end":{"line":289,"column":3}},"loc":{"start":{"line":289,"column":40},"end":{"line":326,"column":3}},"line":289},"18":{"name":"(anonymous_18)","decl":{"start":{"line":293,"column":22},"end":{"line":293,"column":23}},"loc":{"start":{"line":293,"column":32},"end":{"line":324,"column":7}},"line":293},"19":{"name":"(anonymous_19)","decl":{"start":{"line":309,"column":58},"end":{"line":309,"column":59}},"loc":{"start":{"line":309,"column":63},"end":{"line":309,"column":87}},"line":309},"20":{"name":"(anonymous_20)","decl":{"start":{"line":333,"column":2},"end":{"line":333,"column":3}},"loc":{"start":{"line":333,"column":42},"end":{"line":380,"column":3}},"line":333},"21":{"name":"(anonymous_21)","decl":{"start":{"line":337,"column":22},"end":{"line":337,"column":23}},"loc":{"start":{"line":337,"column":32},"end":{"line":378,"column":7}},"line":337},"22":{"name":"getSecurityScanner","decl":{"start":{"line":388,"column":16},"end":{"line":388,"column":34}},"loc":{"start":{"line":388,"column":37},"end":{"line":393,"column":1}},"line":388}},"branchMap":{"0":{"loc":{"start":{"line":36,"column":27},"end":{"line":36,"column":39}},"type":"default-arg","locations":[{"start":{"line":36,"column":37},"end":{"line":36,"column":39}}],"line":36},"1":{"loc":{"start":{"line":75,"column":6},"end":{"line":77,"column":7}},"type":"if","locations":[{"start":{"line":75,"column":6},"end":{"line":77,"column":7}},{"start":{},"end":{}}],"line":75},"2":{"loc":{"start":{"line":75,"column":10},"end":{"line":75,"column":101}},"type":"binary-expr","locations":[{"start":{"line":75,"column":10},"end":{"line":75,"column":38}},{"start":{"line":75,"column":42},"end":{"line":75,"column":70}},{"start":{"line":75,"column":74},"end":{"line":75,"column":101}}],"line":75},"3":{"loc":{"start":{"line":80,"column":8},"end":{"line":90,"column":9}},"type":"if","locations":[{"start":{"line":80,"column":8},"end":{"line":90,"column":9}},{"start":{},"end":{}}],"line":80},"4":{"loc":{"start":{"line":101,"column":4},"end":{"line":101,"column":21}},"type":"if","locations":[{"start":{"line":101,"column":4},"end":{"line":101,"column":21}},{"start":{},"end":{}}],"line":101},"5":{"loc":{"start":{"line":105,"column":21},"end":{"line":105,"column":45}},"type":"binary-expr","locations":[{"start":{"line":105,"column":21},"end":{"line":105,"column":39}},{"start":{"line":105,"column":43},"end":{"line":105,"column":45}}],"line":105},"6":{"loc":{"start":{"line":108,"column":8},"end":{"line":125,"column":9}},"type":"if","locations":[{"start":{"line":108,"column":8},"end":{"line":125,"column":9}},{"start":{},"end":{}}],"line":108},"7":{"loc":{"start":{"line":108,"column":12},"end":{"line":108,"column":94}},"type":"binary-expr","locations":[{"start":{"line":108,"column":12},"end":{"line":108,"column":51}},{"start":{"line":108,"column":55},"end":{"line":108,"column":94}}],"line":108},"8":{"loc":{"start":{"line":114,"column":10},"end":{"line":124,"column":11}},"type":"if","locations":[{"start":{"line":114,"column":10},"end":{"line":124,"column":11}},{"start":{},"end":{}}],"line":114},"9":{"loc":{"start":{"line":119,"column":32},"end":{"line":119,"column":62}},"type":"binary-expr","locations":[{"start":{"line":119,"column":32},"end":{"line":119,"column":57}},{"start":{"line":119,"column":61},"end":{"line":119,"column":62}}],"line":119},"10":{"loc":{"start":{"line":136,"column":4},"end":{"line":136,"column":21}},"type":"if","locations":[{"start":{"line":136,"column":4},"end":{"line":136,"column":21}},{"start":{},"end":{}}],"line":136},"11":{"loc":{"start":{"line":141,"column":8},"end":{"line":166,"column":9}},"type":"if","locations":[{"start":{"line":141,"column":8},"end":{"line":166,"column":9}},{"start":{},"end":{}}],"line":141},"12":{"loc":{"start":{"line":141,"column":12},"end":{"line":142,"column":78}},"type":"binary-expr","locations":[{"start":{"line":141,"column":12},"end":{"line":141,"column":37}},{"start":{"line":142,"column":12},"end":{"line":142,"column":78}}],"line":141},"13":{"loc":{"start":{"line":144,"column":28},"end":{"line":144,"column":63}},"type":"binary-expr","locations":[{"start":{"line":144,"column":28},"end":{"line":144,"column":57}},{"start":{"line":144,"column":61},"end":{"line":144,"column":63}}],"line":144},"14":{"loc":{"start":{"line":150,"column":10},"end":{"line":165,"column":11}},"type":"if","locations":[{"start":{"line":150,"column":10},"end":{"line":165,"column":11}},{"start":{},"end":{}}],"line":150},"15":{"loc":{"start":{"line":150,"column":14},"end":{"line":155,"column":11}},"type":"binary-expr","locations":[{"start":{"line":150,"column":14},"end":{"line":150,"column":29}},{"start":{"line":151,"column":12},"end":{"line":151,"column":39}},{"start":{"line":152,"column":12},"end":{"line":152,"column":42}},{"start":{"line":153,"column":12},"end":{"line":153,"column":42}},{"start":{"line":154,"column":12},"end":{"line":154,"column":37}}],"line":150},"16":{"loc":{"start":{"line":160,"column":32},"end":{"line":160,"column":62}},"type":"binary-expr","locations":[{"start":{"line":160,"column":32},"end":{"line":160,"column":57}},{"start":{"line":160,"column":61},"end":{"line":160,"column":62}}],"line":160},"17":{"loc":{"start":{"line":177,"column":4},"end":{"line":177,"column":21}},"type":"if","locations":[{"start":{"line":177,"column":4},"end":{"line":177,"column":21}},{"start":{},"end":{}}],"line":177},"18":{"loc":{"start":{"line":182,"column":8},"end":{"line":204,"column":9}},"type":"if","locations":[{"start":{"line":182,"column":8},"end":{"line":204,"column":9}},{"start":{},"end":{}}],"line":182},"19":{"loc":{"start":{"line":182,"column":12},"end":{"line":183,"column":74}},"type":"binary-expr","locations":[{"start":{"line":182,"column":12},"end":{"line":182,"column":44}},{"start":{"line":183,"column":12},"end":{"line":183,"column":74}}],"line":182},"20":{"loc":{"start":{"line":187,"column":10},"end":{"line":203,"column":11}},"type":"if","locations":[{"start":{"line":187,"column":10},"end":{"line":203,"column":11}},{"start":{},"end":{}}],"line":187},"21":{"loc":{"start":{"line":192,"column":
[...]
mous_0)","decl":{"start":{"line":45,"column":2},"end":{"line":45,"column":3}},"loc":{"start":{"line":45,"column":22},"end":{"line":77,"column":3}},"line":45},"1":{"name":"(anonymous_1)","decl":{"start":{"line":82,"column":2},"end":{"line":82,"column":3}},"loc":{"start":{"line":82,"column":21},"end":{"line":97,"column":3}},"line":82},"2":{"name":"(anonymous_2)","decl":{"start":{"line":102,"column":2},"end":{"line":102,"column":3}},"loc":{"start":{"line":102,"column":28},"end":{"line":106,"column":3}},"line":102},"3":{"name":"(anonymous_3)","decl":{"start":{"line":112,"column":2},"end":{"line":112,"column":3}},"loc":{"start":{"line":112,"column":13},"end":{"line":114,"column":3}},"line":112},"4":{"name":"(anonymous_4)","decl":{"start":{"line":121,"column":2},"end":{"line":121,"column":3}},"loc":{"start":{"line":121,"column":19},"end":{"line":123,"column":3}},"line":121},"5":{"name":"(anonymous_5)","decl":{"start":{"line":130,"column":2},"end":{"line":130,"column":3}},"loc":{"start":{"line":130,"column":27},"end":{"line":140,"column":3}},"line":130},"6":{"name":"(anonymous_6)","decl":{"start":{"line":151,"column":2},"end":{"line":151,"column":3}},"loc":{"start":{"line":151,"column":42},"end":{"line":258,"column":3}},"line":151},"7":{"name":"(anonymous_7)","decl":{"start":{"line":263,"column":2},"end":{"line":263,"column":3}},"loc":{"start":{"line":263,"column":46},"end":{"line":272,"column":3}},"line":263},"8":{"name":"(anonymous_8)","decl":{"start":{"line":280,"column":2},"end":{"line":280,"column":3}},"loc":{"start":{"line":280,"column":26},"end":{"line":291,"column":3}},"line":280},"9":{"name":"(anonymous_9)","decl":{"start":{"line":286,"column":11},"end":{"line":286,"column":12}},"loc":{"start":{"line":286,"column":17},"end":{"line":290,"column":5}},"line":286},"10":{"name":"(anonymous_10)","decl":{"start":{"line":299,"column":2},"end":{"line":299,"column":3}},"loc":{"start":{"line":299,"column":25},"end":{"line":310,"column":3}},"line":299},"11":{"name":"(anonymous_11)","decl":{"start":{"line":305,"column":11},"end":{"line":305,"column":12}},"loc":{"start":{"line":305,"column":17},"end":{"line":309,"column":5}},"line":305},"12":{"name":"(anonymous_12)","decl":{"start":{"line":317,"column":2},"end":{"line":317,"column":3}},"loc":{"start":{"line":317,"column":24},"end":{"line":323,"column":3}},"line":317},"13":{"name":"(anonymous_13)","decl":{"start":{"line":319,"column":11},"end":{"line":319,"column":12}},"loc":{"start":{"line":319,"column":17},"end":{"line":322,"column":5}},"line":319},"14":{"name":"(anonymous_14)","decl":{"start":{"line":328,"column":2},"end":{"line":328,"column":3}},"loc":{"start":{"line":328,"column":56},"end":{"line":337,"column":3}},"line":328},"15":{"name":"(anonymous_15)","decl":{"start":{"line":342,"column":2},"end":{"line":342,"column":3}},"loc":{"start":{"line":342,"column":53},"end":{"line":351,"column":3}},"line":342},"16":{"name":"(anonymous_16)","decl":{"start":{"line":356,"column":2},"end":{"line":356,"column":3}},"loc":{"start":{"line":356,"column":63},"end":{"line":364,"column":3}},"line":356},"17":{"name":"(anonymous_17)","decl":{"start":{"line":371,"column":2},"end":{"line":371,"column":3}},"loc":{"start":{"line":371,"column":35},"end":{"line":384,"column":3}},"line":371},"18":{"name":"(anonymous_18)","decl":{"start":{"line":391,"column":2},"end":{"line":391,"column":3}},"loc":{"start":{"line":391,"column":61},"end":{"line":408,"column":3}},"line":391},"19":{"name":"(anonymous_19)","decl":{"start":{"line":414,"column":2},"end":{"line":414,"column":3}},"loc":{"start":{"line":414,"column":28},"end":{"line":437,"column":3}},"line":414},"20":{"name":"(anonymous_20)","decl":{"start":{"line":444,"column":2},"end":{"line":444,"column":3}},"loc":{"start":{"line":444,"column":23},"end":{"line":463,"column":3}},"line":444},"21":{"name":"(anonymous_21)","decl":{"start":{"line":468,"column":2},"end":{"line":468,"column":3}},"loc":{"start":{"line":468,"column":23},"end":{"line":490,"column":3}},"line":468},"22":{"name":"(anonymous_22)","decl":{"start":{"line":498,"column":2},"end":{"line":498,"column":3}},"loc":{"start":{"line":498,"column":12},"end":{"line":510,"column":3}},"line":498},"23":{"name":"(anonymous_23)","decl":{"start":{"line":517,"column":2},"end":{"line":517,"column":3}},"loc":{"start":{"line":517,"column":25},"end":{"line":519,"column":3}},"line":517},"24":{"name":"(anonymous_24)","decl":{"start":{"line":525,"column":2},"end":{"line":525,"column":3}},"loc":{"start":{"line":525,"column":24},"end":{"line":534,"column":3}},"line":525},"25":{"name":"createAgentStateMachine","decl":{"start":{"line":543,"column":16},"end":{"line":543,"column":39}},"loc":{"start":{"line":543,"column":60},"end":{"line":598,"column":1}},"line":543},"26":{"name":"getStateMachine","decl":{"start":{"line":609,"column":16},"end":{"line":609,"column":31}},"loc":{"start":{"line":609,"column":52},"end":{"line":615,"column":1}},"line":609},"27":{"name":"removeStateMachine","decl":{"start":{"line":621,"column":16},"end":{"line":621,"column":34}},"loc":{"start":{"line":621,"column":41},"end":{"line":623,"column":1}},"line":621},"28":{"name":"getAllStateMachines","decl":{"start":{"line":629,"column":16},"end":{"line":629,"column":35}},"loc":{"start":{"line":629,"column":38},"end":{"line":631,"column":1}},"line":629},"29":{"name":"clearStateMachines","decl":{"start":{"line":636,"column":16},"end":{"line":636,"column":34}},"loc":{"start":{"line":636,"column":37},"end":{"line":638,"column":1}},"line":636}},"branchMap":{"0":{"loc":{"start":{"line":47,"column":24},"end":{"line":47,"column":62}},"type":"binary-expr","locations":[{"start":{"line":47,"column":24},"end":{"line":47,"column":43}},{"start":{"line":47,"column":47},"end":{"line":47,"column":62}}],"line":47},"1":{"loc":{"start":{"line":49,"column":18},"end":{"line":49,"column":37}},"type":"binary-expr","locations":[{"start":{"line":49,"column":18},"end":{"line":49,"column":31}},{"start":{"line":49,"column":35},"end":{"line":49,"column":37}}],"line":49},"2":{"loc":{"start":{"line":50,"column":23},"end":{"line":50,"column":47}},"type":"binary-expr","locations":[{"start":{"line":50,"column":23},"end":{"line":50,"column":41}},{"start":{"line":50,"column":45},"end":{"line":50,"column":47}}],"line":50},"3":{"loc":{"start":{"line":54,"column":19},"end":{"line":54,"column":39}},"type":"binary-expr","locations":[{"start":{"line":54,"column":19},"end":{"line":54,"column":33}},{"start":{"line":54,"column":37},"end":{"line":54,"column":39}}],"line":54},"4":{"loc":{"start":{"line":58,"column":22},"end":{"line":58,"column":46}},"type":"binary-expr","locations":[{"start":{"line":58,"column":22},"end":{"line":58,"column":39}},{"start":{"line":58,"column":43},"end":{"line":58,"column":46}}],"line":58},"5":{"loc":{"start":{"line":83,"column":4},"end":{"line":83,"column":33}},"type":"if","locations":[{"start":{"line":83,"column":4},"end":{"line":83,"column":33}},{"start":{},"end":{}}],"line":83},"6":{"loc":{"start":{"line":87,"column":4},"end":{"line":93,"column":5}},"type":"if","locations":[{"start":{"line":87,"column":4},"end":{"line":93,"column":5}},{"start":{},"end":{}}],"line":87},"7":{"loc":{"start":{"line":103,"column":4},"end":{"line":105,"column":5}},"type":"if","locations":[{"start":{"line":103,"column":4},"end":{"line":105,"column":5}},{"start":{},"end":{}}],"line":103},"8":{"loc":{"start":{"line":133,"column":4},"end":{"line":133,"column":42}},"type":"if","locations":[{"start":{"line":133,"column":4},"end":{"line":133,"column":42}},{"start":{},"end":{}}],"line":133},"9":{"loc":{"start":{"line":135,"column":4},"end":{"line":137,"column":5}},"type":"if","locations":[{"start":{"line":135,"column":4},"end":{"line":137,"column":5}},{"start":{},"end":{}}],"line":135},"10":{"loc":{"start":{"line":151,"column":28},"end":{"line":151,"column":40}},"type":"default-arg","locations":[{"start":{"line":151,"column":38},"end":{"line":151,"column":40}}],"line":151},"11":{"loc":{"start":{"line":157,"column":4},"end":{"line":165,"column":5}},"type":"if","locations":[{"start":{"line":157,"column":4},"end":{"line":165,"column":5}},{"start":{},"end":{}}],"line":157},"12":{"loc":{"start":{"line":171,"column":4},"end":{"line":192,"column":5}},"type":"if","locations":[{"start":{"line":171,"column":4},"end":{"line":192,"column":5}},{"start":{},"end":{}}],"line":171},"13":{"loc":{"start":{"line":171,"column":8},"end":{"line":171,"column":46}},"type":"binary-expr","locations":[{"start":{"line":171,"column":8},"end":{"line":171,"column":28}},{"start":{"line":171,"column":32},"end":{"line":171,"column":46}}],"line":171},"14":{"loc":{"start":{"line":174,"column":8},"end":{"line":182,"column":9}},"type":"if","locations":[{"start":{"line":174,"column":8},"end":{"line":182,"column":9}},{"start":{},"end":{}}],"line":174},"15":{"loc":{"start":{"line":204,"column":4},"end":{"line":206,"column":5}},"type":"if","locations":[{"start":{"line":204,"column":4},"end":{"line":206,"column":5}},{"start":{},"end":{}}],"line":204},"16":{"loc":{"start":{"line":217,"column":4},"end":{"line":219,"column":5}},"type":"if","locations":[{"start":{"line":217,"column":4},"end":{"line":219,"column":5}},{"start":{},"end":{}}],"line":217},"17":{"loc":{"start":{"line":225,"column":4},"end":{"line":231,"column":5}},"type":"if","locations":[{"start":{"line":225,"column":4},"end":{"line":231,"column":5}},{"start":{},"end":{}}],"line":225},"18":{"loc":{"start":{"line":237,"column":4},"end":{"line":239,"column":5}},"type":"if","locations":[{"start":{"line":237,"column":4},"end":{"line":239,"column":5}},{"start":{},"end":{}}],"line":237},"19":{"loc":{"start":{"line":250,"column":60},"end":{"line":250,"column":104}},"type":"cond-expr","locations":[{"start":{"line":250,"column":77},"end":{"line":250,"column":99}},{"start":{"line":250,"column":102},"end":{"line":250,"column":104}}],"line":250},"20":{"loc":{"start":{"line":265,"column":4},"end":{"line":265,"column":34}},"type":"if","locations":[{"start":{"line":265,"column":4},"end":{"line":265,"column":34}},{"start":{},"end":{}}],"line":265},"21":{"loc":{"start":{"line":267,"column":4},"end":{"line":269,"column":5}},"type":"if","locations":[{"start":{"line":267,"column":4},"end":{"line":269,"column":5}},{"start":{},"end":{}}],"line":267},"22":{"loc":{"start":{"line":268,"column":13},"end":{"line":268,"column":54}},"type":"cond-expr","locations":[{"start":{"line":268,"column":45},"end":{"line":268,"column":47}},{"start":{"line":268,"column":50},"end":{"line":268,"column":54}}],"line":268},"23":{"loc":{"start":{"line":281,"column":4},"end":{"line":283,"column":5}},"type":"if","locations":[{"start":{"line":281,"column":4},"end":{"line":283,"column":5}},{"start":{},"end":{}}],"line":281},"24":{"loc":{"start":{"line":289,"column":6},"end":{"line":289,"column":48}},"type":"if","locations":[{"start":{"line":289,"column":6},"end":{"line":289,"column":48}},{"start":{},"end":{}}],"line":289},"25":{"loc":{"start":{"line":300,"column":4},"end":{"line":302,"column":5}},"type":"if","locations":[{"start":{"line":300,"column":4},"end":{"line":302,"column":5}},{"start":{},"end":{}}],"line":300},"26":{"loc":{"start":{"line":308,"column":6},"end":{"line":308,"column":48}},"type":"if","locations":[{"start":{"line":308,"column":6},"end":{"line":308,"column":48}},{"start":{},"end":{}}],"line":308},"27":{"loc":{"start":{"line":321,"column":6},"end":{"line":321,"column":65}},"type":"if","locations":[{"start":{"line":321,"column":6},"end":{"line":321,"column":65}},{"start":{},"end":{}}],"line":321},"28":{"loc":{"start":{"line":329,"column":21},"end":{"line":329,"column":58}},"type":"binary-expr","locations":[{"start":{"line":329,"column":21},"end":{"line":329,"column":52}},{"start":{"line":329,"column":56},"end":{"line":329,"column":58}}],"line":329},"29":{"loc":{"start":{"line":343,"column":21},"end":{"line":343,"column":57}},"type":"binary-expr","locations":[{"start":{"line":343,"column":21},"end":{"line":343,"column":51}},{"start":{"line":343,"column":55},"end":{"line":343,"column":57}}],"line":343},"30":{"loc":{"start":{"line":371,"column":21},"end":{"line":371,"column":33}},"type":"default-arg","locations":[{"start":{"line":371,"column":31},"end":{"line":371,"column":33}}],"line":371},"31":{"loc":{"start":{"line":372,"column":21},"end":{"line":372,"column":70}},"type":"cond-expr","locations":[{"start":{"line":372,"column":46},"end":{"line":372,"column":51}},{"start":{"line":372,"column":54},"end":{"line":372,"column":70}}],"line":372},"32":{"loc":{"start":{"line":391,"column":16},"end":{"line":391,"column":45}},"type":"default-arg","locations":[{"start":{"line":391,"column":30},"end":{"line":391,"column":45}}],"line":391},"33":{"loc":{"start":{"line":391,"column":47},"end":{"line":391,"column":59}},"type":"default-arg","locations":[{"start":{"line":391,"column":57},"end":{"line":391,"column":59}}],"line":391},"34":{"loc":{"start":{"line":392,"column":4},"end":{"line":395,"column":5}},"type":"if","locations":[{"start":{"line":392,"column":4},"end":{"line":395,"column":5}},{"start":{},"end":{}}],"line":392},"35":{"loc":{"start":{"line":414,"column":14},"end":{"line":414,"column":26}},"type":"default-arg","locations":[{"start":{"line":414,"column":24},"end":{"line":414,"column":26}}],"line":414},"36":{"loc":{"start":{"line":415,"column":25},"end":{"line":415,"column":64}},"type":"binary-expr","locations":[{"start":{"line":415,"column":25},"end":{"line":415,"column":45}},{"start":{"line":415,"column":49},"end":{"line":415,"column":64}}],"line":415},"37":{"loc":{"start":{"line":419,"column":19},"end":{"line":419,"column":40}},"type":"binary-expr","locations":[{"start":{"line":419,"column":19},"end":{"line":419,"column":34}},{"start":{"line":419,"column":38},"end":{"line":419,"column":40}}],"line":419},"38":{"loc":{"start":{"line":423,"column":4},"end":{"line":425,"column":5}},"type":"if","locations":[{"start":{"line":423,"column":4},"end":{"line":425,"column":5}},{"start":{},"end":{}}],"line":423},"39":{"loc":{"start":{"line":427,"column":4},"end":{"line":429,"column":5}},"type":"if","locations":[{"start":{"line":427,"column":4},"end":{"line":429,"column":5}},{"start":{},"end":{}}],"line":427},"40":{"loc":{"start":{"line":445,"column":4},"end":{"line":445,"column":34}},"type":"if","locations":[{"start":{"line":445,"column":4},"end":{"line":445,"column":34}},{"start":{},"end":{}}],"line":445},"41":{"loc":{"start":{"line":469,"column":4},"end":{"line":469,"column":34}},"type":"if","locations":[{"start":{"line":469,"column":4},"end":{"line":469,"column":34}},{"start":{},"end":{}}],"line":469},"42":{"loc":{"start":{"line":476,"column":4},"end":{"line":489,"column":5}},"type":"if","locations":[{"start":{"line":476,"column":4},"end":{"line":489,"column":5}},{"start":{},"end":{}}],"line":476},"43":{"loc":{"start":{"line":479,"column":21},"end":{"line":479,"column":44}},"type":"binary-expr","locations":[{"start":{"line":479,"column":21},"end":{"line":479,"column":38}},{"start":{"line":479,"column":42},"end":{"line":479,"column":44}}],"line":479},"44":{"loc":{"start":{"line":480,"column":24},"end":{"line":480,"column":49}},"type":"binary-expr","locations":[{"start":{"line":480,"column":24},"end":{"line":480,"column":44}},{"start":{"line":480,"column":48},"end":{"line":480,"column":49}}],"line":480},"45":{"loc":{"start":{"line":481,"column":28},"end":{"line":481,"column":66}},"type":"binary-expr","locations":[{"start":{"line":481,"column":28},"end":{"line":481,"column":52}},{"start":{"line":481,"column":56},"end":{"line":481,"column":66}}],"line":481},"46":{"loc":{"start":{"line":482,"column":29},"end":{"line":482,"column":59}},"type":"binary-expr","locations":[{"start":{"line":482,"column":29},"end":{"line":482,"column":54}},{"start":{"line":482,"column":58},"end":{"line":482,"column":59}}],"line":482},"47":{"loc":{"start":{"line":484,"column":6},"end":{"line":486,"column":7}},"type":"if","locations":[{"start":{"line":484,"column":6},"end":{"line":486,"column":7}},{"start":{},"end":{}}],"line":484},"48":{"loc":{"start":{"line":517,"column":13},"end":{"line":517,"column":23}},"type":"default-arg","locations":[{"start":{"line":517,"column":21},"end":{"line":517,"column":23}}],"line":517},"49":{"loc":{"start":{"line":527,"column":4},"end":{"line":527,"column":32}},"type":"if","locations":[{"start":{"line":527,"column":4},"end":{"line":527,"column":32}},{"start":{},"end":{}}],"line":527},"50":{"loc":{"start":{"line":529,"column":4},"end":{"line":531,"column":5}},"type":"if","locations":[{"start":{"line":529,"column":4},"end":{"line":531,"column":5}},{"start":{},"end":{}}],"line":529},"51":{"loc":{"start":{"line":543,"column":46},"end":{"line":543,"column":58}},"type":"default-arg","locations":[{"start":{"line":543,"column":56},"end":{"line":543,"column":58}}],"line":543},"52":{"loc":{"start":{"line":595,"column":13},"end":{"line":595,"column":34}},"type":"binary-expr","locations":[{"start":{"line":595,"column":13},"end":{"line":595,"column":28}},{"start":{"line":595,"column":32},"end":{"line":595,"column":34}}],"line":595},"53":{"loc":{"start":{"line":609,"column":38},"end":{"line":609,"column":50}},"type":"default-arg","locations":[{"start":{"line":609,"column":48},"end":{"line":609,"column":50}}],"line":609},"54":{"loc":{"start":{"line":610,"column":2},"end":{"line":613,"column":3}},"type":"if","locations":[{"start":{"line":610,"column":2},"end":{"line":613,"column":3}},{"start":{},"end":{}}],"line":610}},"s":{"0":1,"1":1,"2":1,"3":32,"4":32,"5":32,"6":32,"7":32,"8":32,"9":32,"10":32,"11":32,"12":32,"13":32,"14":32,"15":32,"16":32,"17":32,"18":32,"19":32,"20":32,"21":32,"22":21,"23":0,"24":21,"25":21,"26":0,"27":0,"28":0,"29":21,"30":21,"31":26,"32":0,"33":7,"34":2,"35":29,"36":29,"37":0,"38":29,"39":0,"40":29,"41":26,"42":26,"43":26,"44":1,"45":1,"46":25,"47":25,"48":2,"49":2,"50":2,"51":1,"52":1,"53":0,"54":0,"55":24,"56":24,"57":24,"58":24,"59":24,"60":24,"61":6,"62":24,"63":24,"64":24,"65":0,"66":24,"67":24,"68":0,"69":0,"70":0,"71":24,"72":24,"73":0,"74":24,"75":24,"76":24,"77":25,"78":25,"79":0,"80":25,"81":0,"82":25,"83":2,"84":2,"85":2,"86":2,"87":1,"88":1,"89":1,"90":1,"91":1,"92":1,"93":1,"94":1,"95":0,"96":0,"97":0,"98":0,"99":1,"100":1,"101":0,"102":0,"103":0,"104":24,"105":24,"106":1,"107":1,"108":0,"109":24,"110":24,"111":1,"112":1,"113":0,"114":24,"115":1,"116":1,"117":0,"118":3,"119":3,"120":3,"121":2,"122":1,"123":1,"124":1,"125":1,"126":2,"127":2,"128":2,"129":2,"130":2,"131":2,"132":2,"133":2,"134":2,"135":0,"136":2,"137":2,"138":0,"139":0,"140":0,"141":0,"142":0,"143":0,"144":0,"145":0,"146":0,"147":0,"148":0,"149":0,"150":0,"151":0,"152":0,"153":0,"154":0,"155":2,"156":1,"157":1,"158":1,"159":0,"160":1,"161":0,"162":1,"163":28,"164":1,"165":10,"166":9,"167":9,"168":10,"169":1,"170":0,"171":59},"f":{"0":32,"1":21,"2":26,"3":7,"4":2,"5":29,"6":26,"7":25,"8":2,"9":1,"10":1,"11":0,"12":1,"13":0,"14":24,"15":24,"16":24,"17":3,"18":2,"19":2,"20":0,"21":0,"22":2,"23":1,"24":1,"25":28,"26":10,"27":1,"28":0,"29":59},"b":{"0":[32,0],"1":[32,32],"2":[32,0],"3":[32,3],"4":[32,32],"5":[0,21],"6":[0,21],"7":[0,26],"8":[0,29],"9":[0,29],"10":[15],"11":[1,25],"12":[2,23],"13":[25,3],"14":[1,1],"15":[6,18],"16":[0,24],"17":[0,24],"18":[0,24],"19":[8,16],"20":[0,25],"21":[0,25],"22":[0,0],"23":[2,0],"24":[1,0],"25":[1,0],"26":[0,0],"27":[0,0],"28":[24,22],"29":[24,23],"30":[3],"31":[0,3],"32":[1],"33":[2],"34":[1,1],"35":[1],"36":[2,2],"37":[2,1],"38":[2,0],"39":[0,2],"40":[0,0],"41":[0,0],"42":[0,0],"43":[0,0],"44":[0,0],"45":[0,0],"46":[0,0],"47":[0,0],"48":[1],"49":[0,1],"50":[0,1],"51":[0],"52":[28,25],"53":[0],"54":[9,1]},"inputSourceMap":null,"_coverageSchema":"1a1c01bbd47fc00a2c39e90264f33305004495a9","hash":"35f4972b58b5d24408f264de4c37e906e91c774d"}
,"/home/kareem/Desktop/dev-environment/minions/foundation/state-machine/index.js": {"path":"/home/kareem/Desktop/dev-environment/minions/foundation/state-machine/index.js","statementMap":{},"fnMap":{},"branchMap":{},"s":{},"f":{},"b":{},"inputSourceMap":null}
}
