TN:
SF:alerting/AlertingSystem.js
FN:22,(anonymous_0)
FN:35,(anonymous_1)
FN:44,(anonymous_2)
FN:69,(anonymous_3)
FN:71,(anonymous_4)
FN:82,(anonymous_5)
FN:93,(anonymous_6)
FN:101,(anonymous_7)
FN:138,(anonymous_8)
FN:147,(anonymous_9)
FN:185,(anonymous_10)
FN:195,(anonymous_11)
FN:230,(anonymous_12)
FN:238,(anonymous_13)
FN:251,(anonymous_14)
FN:252,(anonymous_15)
FN:263,(anonymous_16)
FN:264,(anonymous_17)
FN:276,(anonymous_18)
FN:277,(anonymous_19)
FN:280,(anonymous_20)
FN:284,(anonymous_21)
FN:287,(anonymous_22)
FN:298,(anonymous_23)
FN:302,(anonymous_24)
FN:315,(anonymous_25)
FN:323,(anonymous_26)
FN:330,(anonymous_27)
FN:334,(anonymous_28)
FN:349,getAlertingSystem
FNF:30
FNH:26
FNDA:13,(anonymous_0)
FNDA:13,(anonymous_1)
FNDA:13,(anonymous_2)
FNDA:13,(anonymous_3)
FNDA:0,(anonymous_4)
FNDA:0,(anonymous_5)
FNDA:6,(anonymous_6)
FNDA:6,(anonymous_7)
FNDA:9,(anonymous_8)
FNDA:9,(anonymous_9)
FNDA:17,(anonymous_10)
FNDA:7,(anonymous_11)
FNDA:1,(anonymous_12)
FNDA:13,(anonymous_13)
FNDA:1,(anonymous_14)
FNDA:1,(anonymous_15)
FNDA:2,(anonymous_16)
FNDA:2,(anonymous_17)
FNDA:5,(anonymous_18)
FNDA:7,(anonymous_19)
FNDA:2,(anonymous_20)
FNDA:0,(anonymous_21)
FNDA:1,(anonymous_22)
FNDA:1,(anonymous_23)
FNDA:0,(anonymous_24)
FNDA:1,(anonymous_25)
FNDA:17,(anonymous_26)
FNDA:1,(anonymous_27)
FNDA:1,(anonymous_28)
FNDA:4,getAlertingSystem
DA:6,2
DA:11,2
DA:23,13
DA:24,13
DA:25,13
DA:26,13
DA:27,13
DA:28,13
DA:29,13
DA:36,13
DA:37,13
DA:38,13
DA:45,13
DA:71,13
DA:72,0
DA:82,13
DA:83,0
DA:93,13
DA:94,6
DA:102,6
DA:105,6
DA:106,6
DA:107,0
DA:114,6
DA:115,0
DA:125,6
DA:126,6
DA:127,0
DA:137,6
DA:138,6
DA:139,9
DA:148,9
DA:151,9
DA:152,4
DA:159,5
DA:160,0
DA:170,9
DA:171,9
DA:172,0
DA:186,17
DA:195,17
DA:196,7
DA:202,17
DA:203,4
DA:204,4
DA:207,13
DA:208,13
DA:210,13
DA:211,0
DA:215,13
DA:221,13
DA:223,13
DA:224,13
DA:231,1
DA:232,1
DA:239,13
DA:240,1
DA:241,1
DA:243,0
DA:252,1
DA:253,1
DA:254,1
DA:255,1
DA:256,1
DA:264,2
DA:265,2
DA:266,2
DA:267,2
DA:268,2
DA:269,2
DA:277,7
DA:279,5
DA:280,2
DA:283,5
DA:284,0
DA:287,5
DA:289,1
DA:290,1
DA:291,1
DA:299,1
DA:301,1
DA:302,0
DA:305,1
DA:306,0
DA:309,1
DA:316,1
DA:317,1
DA:324,17
DA:331,1
DA:332,1
DA:334,1
DA:335,1
DA:338,1
DA:339,1
DA:340,1
DA:342,1
DA:347,2
DA:350,4
DA:351,2
DA:353,4
LF:100
LH:88
BRDA:102,0,0,0
BRDA:102,0,1,6
BRDA:102,1,0,6
BRDA:102,1,1,6
BRDA:106,2,0,0
BRDA:106,2,1,6
BRDA:114,3,0,0
BRDA:114,3,1,6
BRDA:126,4,0,0
BRDA:126,4,1,6
BRDA:137,5,0,6
BRDA:137,5,1,0
BRDA:151,6,0,4
BRDA:151,6,1,5
BRDA:159,7,0,0
BRDA:159,7,1,5
BRDA:171,8,0,0
BRDA:171,8,1,9
BRDA:196,9,0,7
BRDA:196,9,1,4
BRDA:196,9,2,4
BRDA:196,9,3,4
BRDA:202,10,0,4
BRDA:202,10,1,13
BRDA:210,11,0,0
BRDA:210,11,1,13
BRDA:253,12,0,1
BRDA:253,12,1,0
BRDA:265,13,0,2
BRDA:265,13,1,0
BRDA:276,14,0,4
BRDA:279,15,0,1
BRDA:279,15,1,4
BRDA:283,16,0,0
BRDA:283,16,1,5
BRDA:291,17,0,1
BRDA:291,17,1,0
BRDA:298,18,0,1
BRDA:301,19,0,0
BRDA:301,19,1,1
BRDA:305,20,0,0
BRDA:305,20,1,1
BRDA:330,21,0,0
BRDA:335,22,0,1
BRDA:335,22,1,1
BRDA:339,23,0,1
BRDA:339,23,1,0
BRDA:350,24,0,2
BRDA:350,24,1,2
BRF:49
BRH:33
end_of_record
TN:
SF:alerting/index.js
FNF:0
FNH:0
LF:0
LH:0
BRF:0
BRH:0
end_of_record
TN:
SF:analyzers/BaseAnalyzer.js
FN:17,(anonymous_0)
FN:32,(anonymous_1)
FN:42,(anonymous_2)
FN:51,(anonymous_3)
FN:63,(anonymous_4)
FN:72,(anonymous_5)
FN:80,(anonymous_6)
FN:93,(anonymous_7)
FN:101,(anonymous_8)
FN:110,(anonymous_9)
FN:111,(anonymous_10)
FN:118,(anonymous_11)
FN:132,(anonymous_12)
FN:156,(anonymous_13)
FN:184,(anonymous_14)
FN:198,(anonymous_15)
FN:219,(anonymous_16)
FN:231,(anonymous_17)
FN:239,(anonymous_18)
FN:242,(anonymous_19)
FN:257,(anonymous_20)
FN:265,(anonymous_21)
FN:266,(anonymous_22)
FN:273,(anonymous_23)
FN:281,(anonymous_24)
FN:289,(anonymous_25)
FN:296,(anonymous_26)
FN:306,(anonymous_27)
FN:310,(anonymous_28)
FN:331,(anonymous_29)
FN:381,getBaseAnalyzer
FNF:31
FNH:0
FNDA:0,(anonymous_0)
FNDA:0,(anonymous_1)
FNDA:0,(anonymous_2)
FNDA:0,(anonymous_3)
FNDA:0,(anonymous_4)
FNDA:0,(anonymous_5)
FNDA:0,(anonymous_6)
FNDA:0,(anonymous_7)
FNDA:0,(anonymous_8)
FNDA:0,(anonymous_9)
FNDA:0,(anonymous_10)
FNDA:0,(anonymous_11)
FNDA:0,(anonymous_12)
FNDA:0,(anonymous_13)
FNDA:0,(anonymous_14)
FNDA:0,(anonymous_15)
FNDA:0,(anonymous_16)
FNDA:0,(anonymous_17)
FNDA:0,(anonymous_18)
FNDA:0,(anonymous_19)
FNDA:0,(anonymous_20)
FNDA:0,(anonymous_21)
FNDA:0,(anonymous_22)
FNDA:0,(anonymous_23)
FNDA:0,(anonymous_24)
FNDA:0,(anonymous_25)
FNDA:0,(anonymous_26)
FNDA:0,(anonymous_27)
FNDA:0,(anonymous_28)
FNDA:0,(anonymous_29)
FNDA:0,getBaseAnalyzer
DA:18,0
DA:19,0
DA:22,0
DA:23,0
DA:24,0
DA:25,0
DA:33,0
DA:43,0
DA:52,0
DA:53,0
DA:55,0
DA:64,0
DA:65,0
DA:73,0
DA:81,0
DA:87,0
DA:94,0
DA:102,0
DA:111,0
DA:119,0
DA:133,0
DA:135,0
DA:166,0
DA:186,0
DA:199,0
DA:201,0
DA:202,0
DA:209,0
DA:220,0
DA:222,0
DA:231,0
DA:240,0
DA:242,0
DA:243,0
DA:244,0
DA:246,0
DA:249,0
DA:258,0
DA:266,0
DA:274,0
DA:282,0
DA:290,0
DA:297,0
DA:307,0
DA:308,0
DA:310,0
DA:311,0
DA:312,0
DA:313,0
DA:322,0
DA:332,0
DA:333,0
DA:340,0
DA:354,0
DA:371,0
DA:382,0
LF:56
LH:0
BRDA:18,0,0,0
BRDA:18,0,1,0
BRDA:42,1,0,0
BRDA:52,2,0,0
BRDA:52,2,1,0
BRDA:64,3,0,0
BRDA:64,3,1,0
BRDA:64,4,0,0
BRDA:64,4,1,0
BRDA:132,5,0,0
BRDA:158,6,0,0
BRDA:162,7,0,0
BRDA:163,8,0,0
BRDA:164,9,0,0
BRDA:201,10,0,0
BRDA:201,10,1,0
BRDA:243,11,0,0
BRDA:243,11,1,0
BRDA:312,12,0,0
BRDA:312,12,1,0
BRDA:333,13,0,0
BRDA:333,13,1,0
BRF:22
BRH:0
end_of_record
TN:
SF:analyzers/PerformanceAnalyzer.js
FN:21,(anonymous_0)
FN:31,(anonymous_1)
FN:66,(anonymous_2)
FN:71,(anonymous_3)
FN:72,(anonymous_4)
FN:73,(anonymous_5)
FN:74,(anonymous_6)
FN:75,(anonymous_7)
FN:80,(anonymous_8)
FN:112,(anonymous_9)
FN:118,(anonymous_10)
FN:157,(anonymous_11)
FN:161,(anonymous_12)
FN:206,(anonymous_13)
FN:210,(anonymous_14)
FN:250,(anonymous_15)
FN:257,(anonymous_16)
FN:269,(anonymous_17)
FN:291,(anonymous_18)
FN:295,(anonymous_19)
FN:305,(anonymous_20)
FN:328,(anonymous_21)
FN:331,(anonymous_22)
FN:343,(anonymous_23)
FN:365,(anonymous_24)
FN:374,(anonymous_25)
FN:382,(anonymous_26)
FN:400,(anonymous_27)
FN:416,(anonymous_28)
FN:427,(anonymous_29)
FN:445,getPerformanceAnalyzer
FNF:31
FNH:0
FNDA:0,(anonymous_0)
FNDA:0,(anonymous_1)
FNDA:0,(anonymous_2)
FNDA:0,(anonymous_3)
FNDA:0,(anonymous_4)
FNDA:0,(anonymous_5)
FNDA:0,(anonymous_6)
FNDA:0,(anonymous_7)
FNDA:0,(anonymous_8)
FNDA:0,(anonymous_9)
FNDA:0,(anonymous_10)
FNDA:0,(anonymous_11)
FNDA:0,(anonymous_12)
FNDA:0,(anonymous_13)
FNDA:0,(anonymous_14)
FNDA:0,(anonymous_15)
FNDA:0,(anonymous_16)
FNDA:0,(anonymous_17)
FNDA:0,(anonymous_18)
FNDA:0,(anonymous_19)
FNDA:0,(anonymous_20)
FNDA:0,(anonymous_21)
FNDA:0,(anonymous_22)
FNDA:0,(anonymous_23)
FNDA:0,(anonymous_24)
FNDA:0,(anonymous_25)
FNDA:0,(anonymous_26)
FNDA:0,(anonymous_27)
FNDA:0,(anonymous_28)
FNDA:0,(anonymous_29)
FNDA:0,getPerformanceAnalyzer
DA:22,0
DA:32,0
DA:33,0
DA:35,0
DA:37,0
DA:38,0
DA:46,0
DA:49,0
DA:52,0
DA:53,0
DA:54,0
DA:55,0
DA:56,0
DA:58,0
DA:59,0
DA:67,0
DA:70,0
DA:71,0
DA:72,0
DA:73,0
DA:74,0
DA:75,0
DA:79,0
DA:81,0
DA:83,0
DA:84,0
DA:86,0
DA:88,0
DA:89,0
DA:90,0
DA:91,0
DA:113,0
DA:116,0
DA:118,0
DA:119,0
DA:121,0
DA:122,0
DA:123,0
DA:124,0
DA:129,0
DA:130,0
DA:131,0
DA:133,0
DA:138,0
DA:140,0
DA:141,0
DA:158,0
DA:160,0
DA:162,0
DA:163,0
DA:166,0
DA:168,0
DA:170,0
DA:172,0
DA:173,0
DA:186,0
DA:187,0
DA:207,0
DA:209,0
DA:211,0
DA:212,0
DA:215,0
DA:216,0
DA:229,0
DA:230,0
DA:231,0
DA:251,0
DA:254,0
DA:256,0
DA:258,0
DA:259,0
DA:261,0
DA:262,0
DA:268,0
DA:269,0
DA:270,0
DA:271,0
DA:272,0
DA:282,0
DA:292,0
DA:294,0
DA:296,0
DA:297,0
DA:300,0
DA:305,0
DA:306,0
DA:307,0
DA:329,0
DA:331,0
DA:332,0
DA:334,0
DA:335,0
DA:336,0
DA:337,0
DA:338,0
DA:343,0
DA:344,0
DA:345,0
DA:346,0
DA:347,0
DA:348,0
DA:350,0
DA:356,0
DA:357,0
DA:366,0
DA:374,0
DA:383,0
DA:385,0
DA:386,0
DA:387,0
DA:388,0
DA:390,0
DA:391,0
DA:395,0
DA:396,0
DA:397,0
DA:398,0
DA:399,0
DA:400,0
DA:405,0
DA:407,0
DA:417,0
DA:420,0
DA:427,0
DA:429,0
DA:430,0
DA:431,0
DA:436,0
DA:443,0
DA:446,0
DA:447,0
DA:449,0
LF:132
LH:0
BRDA:31,0,0,0
BRDA:37,1,0,0
BRDA:37,1,1,0
BRDA:67,2,0,0
BRDA:67,2,1,0
BRDA:83,3,0,0
BRDA:83,3,1,0
BRDA:86,4,0,0
BRDA:86,4,1,0
BRDA:86,5,0,0
BRDA:86,5,1,0
BRDA:89,6,0,0
BRDA:89,6,1,0
BRDA:89,7,0,0
BRDA:89,7,1,0
BRDA:89,7,2,0
BRDA:90,8,0,0
BRDA:90,8,1,0
BRDA:119,9,0,0
BRDA:119,9,1,0
BRDA:121,10,0,0
BRDA:121,10,1,0
BRDA:123,11,0,0
BRDA:123,11,1,0
BRDA:129,12,0,0
BRDA:129,12,1,0
BRDA:130,13,0,0
BRDA:130,13,1,0
BRDA:140,14,0,0
BRDA:140,14,1,0
BRDA:158,15,0,0
BRDA:158,15,1,0
BRDA:166,16,0,0
BRDA:166,16,1,0
BRDA:168,17,0,0
BRDA:168,17,1,0
BRDA:168,18,0,0
BRDA:168,18,1,0
BRDA:172,19,0,0
BRDA:172,19,1,0
BRDA:186,20,0,0
BRDA:186,20,1,0
BRDA:186,21,0,0
BRDA:186,21,1,0
BRDA:207,22,0,0
BRDA:207,22,1,0
BRDA:215,23,0,0
BRDA:215,23,1,0
BRDA:215,24,0,0
BRDA:215,24,1,0
BRDA:229,25,0,0
BRDA:229,25,1,0
BRDA:229,26,0,0
BRDA:229,26,1,0
BRDA:229,26,2,0
BRDA:230,27,0,0
BRDA:230,27,1,0
BRDA:230,28,0,0
BRDA:230,28,1,0
BRDA:230,28,2,0
BRDA:251,29,0,0
BRDA:251,29,1,0
BRDA:261,30,0,0
BRDA:261,30,1,0
BRDA:271,31,0,0
BRDA:271,31,1,0
BRDA:292,32,0,0
BRDA:292,32,1,0
BRDA:306,33,0,0
BRDA:306,33,1,0
BRDA:332,34,0,0
BRDA:332,34,1,0
BRDA:332,35,0,0
BRDA:332,35,1,0
BRDA:334,36,0,0
BRDA:334,36,1,0
BRDA:336,37,0,0
BRDA:336,37,1,0
BRDA:344,38,0,0
BRDA:344,38,1,0
BRDA:344,39,0,0
BRDA:344,39,1,0
BRDA:346,40,0,0
BRDA:346,40,1,0
BRDA:346,41,0,0
BRDA:346,41,1,0
BRDA:347,42,0,0
BRDA:347,42,1,0
BRDA:385,43,0,0
BRDA:385,43,1,0
BRDA:386,44,0,0
BRDA:386,44,1,0
BRDA:387,45,0,0
BRDA:387,45,1,0
BRDA:390,46,0,0
BRDA:390,46,1,0
BRDA:395,47,0,0
BRDA:395,47,1,0
BRDA:395,48,0,0
BRDA:395,48,1,0
BRDA:397,49,0,0
BRDA:397,49,1,0
BRDA:397,50,0,0
BRDA:397,50,1,0
BRDA:398,51,0,0
BRDA:398,51,1,0
BRDA:399,52,0,0
BRDA:399,52,1,0
BRDA:430,53,0,0
BRDA:430,53,1,0
BRDA:446,54,0,0
BRDA:446,54,1,0
BRF:112
BRH:0
end_of_record
TN:
SF:analyzers/SecurityScanner.js
FN:25,(anonymous_0)
FN:36,(anonymous_1)
FN:59,(anonymous_2)
FN:73,(anonymous_3)
FN:79,(anonymous_4)
FN:100,(anonymous_5)
FN:104,(anonymous_6)
FN:135,(anonymous_7)
FN:139,(anonymous_8)
FN:176,(anonymous_9)
FN:180,(anonymous_10)
FN:214,(anonymous_11)
FN:218,(anonymous_12)
FN:224,(anonymous_13)
FN:249,(anonymous_14)
FN:253,(anonymous_15)
FN:259,(anonymous_16)
FN:289,(anonymous_17)
FN:293,(anonymous_18)
FN:309,(anonymous_19)
FN:333,(anonymous_20)
FN:337,(anonymous_21)
FN:388,getSecurityScanner
FNF:23
FNH:0
FNDA:0,(anonymous_0)
FNDA:0,(anonymous_1)
FNDA:0,(anonymous_2)
FNDA:0,(anonymous_3)
FNDA:0,(anonymous_4)
FNDA:0,(anonymous_5)
FNDA:0,(anonymous_6)
FNDA:0,(anonymous_7)
FNDA:0,(anonymous_8)
FNDA:0,(anonymous_9)
FNDA:0,(anonymous_10)
FNDA:0,(anonymous_11)
FNDA:0,(anonymous_12)
FNDA:0,(anonymous_13)
FNDA:0,(anonymous_14)
FNDA:0,(anonymous_15)
FNDA:0,(anonymous_16)
FNDA:0,(anonymous_17)
FNDA:0,(anonymous_18)
FNDA:0,(anonymous_19)
FNDA:0,(anonymous_20)
FNDA:0,(anonymous_21)
FNDA:0,getSecurityScanner
DA:26,0
DA:37,0
DA:38,0
DA:41,0
DA:42,0
DA:43,0
DA:44,0
DA:45,0
DA:46,0
DA:47,0
DA:48,0
DA:50,0
DA:51,0
DA:60,0
DA:72,0
DA:73,0
DA:75,0
DA:76,0
DA:79,0
DA:80,0
DA:81,0
DA:101,0
DA:103,0
DA:105,0
DA:108,0
DA:109,0
DA:112,0
DA:114,0
DA:115,0
DA:136,0
DA:138,0
DA:141,0
DA:144,0
DA:145,0
DA:148,0
DA:150,0
DA:156,0
DA:177,0
DA:179,0
DA:182,0
DA:186,0
DA:187,0
DA:188,0
DA:192,0
DA:193,0
DA:215,0
DA:217,0
DA:219,0
DA:222,0
DA:224,0
DA:225,0
DA:227,0
DA:228,0
DA:250,0
DA:252,0
DA:255,0
DA:259,0
DA:260,0
DA:263,0
DA:264,0
DA:266,0
DA:267,0
DA:290,0
DA:292,0
DA:295,0
DA:296,0
DA:298,0
DA:299,0
DA:308,0
DA:309,0
DA:311,0
DA:312,0
DA:334,0
DA:336,0
DA:338,0
DA:341,0
DA:342,0
DA:343,0
DA:344,0
DA:346,0
DA:347,0
DA:361,0
DA:362,0
DA:363,0
DA:364,0
DA:365,0
DA:366,0
DA:386,0
DA:389,0
DA:390,0
DA:392,0
LF:91
LH:0
BRDA:36,0,0,0
BRDA:75,1,0,0
BRDA:75,1,1,0
BRDA:75,2,0,0
BRDA:75,2,1,0
BRDA:75,2,2,0
BRDA:80,3,0,0
BRDA:80,3,1,0
BRDA:101,4,0,0
BRDA:101,4,1,0
BRDA:105,5,0,0
BRDA:105,5,1,0
BRDA:108,6,0,0
BRDA:108,6,1,0
BRDA:108,7,0,0
BRDA:108,7,1,0
BRDA:114,8,0,0
BRDA:114,8,1,0
BRDA:119,9,0,0
BRDA:119,9,1,0
BRDA:136,10,0,0
BRDA:136,10,1,0
BRDA:141,11,0,0
BRDA:141,11,1,0
BRDA:141,12,0,0
BRDA:141,12,1,0
BRDA:144,13,0,0
BRDA:144,13,1,0
BRDA:150,14,0,0
BRDA:150,14,1,0
BRDA:150,15,0,0
BRDA:150,15,1,0
BRDA:150,15,2,0
BRDA:150,15,3,0
BRDA:150,15,4,0
BRDA:160,16,0,0
BRDA:160,16,1,0
BRDA:177,17,0,0
BRDA:177,17,1,0
BRDA:182,18,0,0
BRDA:182,18,1,0
BRDA:182,19,0,0
BRDA:182,19,1,0
BRDA:187,20,0,0
BRDA:187,20,1,0
BRDA:192,21,0,0
BRDA:192,21,1,0
BRDA:197,22,0,0
BRDA:197,22,1,0
BRDA:215,23,0,0
BRDA:215,23,1,0
BRDA:222,24,0,0
BRDA:222,24,1,0
BRDA:227,25,0,0
BRDA:227,25,1,0
BRDA:227,26,0,0
BRDA:227,26,1,0
BRDA:227,26,2,0
BRDA:232,27,0,0
BRDA:232,27,1,0
BRDA:250,28,0,0
BRDA:250,28,1,0
BRDA:255,29,0,0
BRDA:255,29,1,0
BRDA:255,30,0,0
BRDA:255,30,1,0
BRDA:255,30,2,0
BRDA:263,31,0,0
BRDA:263,31,1,0
BRDA:263,32,0,0
BRDA:263,32,1,0
BRDA:263,32,2,0
BRDA:266,33,0,0
BRDA:266,33,1,0
BRDA:271,34,0,0
BRDA:271,34,1,0
BRDA:290,35,0,0
BRDA:290,35,1,0
BRDA:295,36,0,0
BRDA:295,36,1,0
BRDA:298,37,0,0
BRDA:298,37,1,0
BRDA:303,38,0,0
BRDA:303,38,1,0
BRDA:308,39,0,0
BRDA:308,39,1,0
BRDA:311,40,0,0
BRDA:311,40,1,0
BRDA:311,41,0,0
BRDA:311,41,1,0
BRDA:316,42,0,0
BRDA:316,42,1,0
BRDA:334,43,0,0
BRDA:334,43,1,0
BRDA:341,44,0,0
BRDA:341,44,1,0
BRDA:341,45,0,0
BRDA:341,45,1,0
BRDA:343,46,0,0
BRDA:343,46,1,0
BRDA:343,47,0,0
BRDA:343,47,1,0
BRDA:346,48,0,0
BRDA:346,48,1,0
BRDA:351,49,0,0
BRDA:351,49,1,0
BRDA:361,50,0,0
BRDA:361,50,1,0
BRDA:363,51,0,0
BRDA:363,51,1,0
BRDA:365,52,0,0
BRDA:365,52,1,0
BRDA:365,53,0,0
BRDA:365,53,1,0
BRDA:370,54,0,0
BRDA:370,54,1,0
BRDA:389,55,0,0
BRDA:389,55,1,0
BRF:118
BRH:0
end_of_record
TN:
SF:analyzers/index.js
FNF:0
FNH:0
LF:0
LH:0
BRF:0
BRH:0
end_of_record
TN:
SF:common/logger.js
FN:14,createLogger
FN:24,(anonymous_1)
FNF:2
FNH:2
FNDA:53,createLogger
FNDA:2396,(anonymous_1)
DA:6,15
DA:7,15
DA:15,53
DA:17,53
DA:24,2396
DA:27,53
DA:29,53
DA:35,53
DA:39,0
DA:51,15
LF:10
LH:9
BRDA:19,0,0,53
BRDA:19,0,1,53
BRDA:19,1,0,53
BRDA:19,1,1,0
BRDA:22,2,0,53
BRDA:22,2,1,53
BRDA:27,3,0,53
BRDA:27,3,1,0
BRF:8
BRH:6
end_of_record
TN:
SF:event-bus/AgentEventBus.js
FN:11,(anonymous_0)
FN:24,(anonymous_1)
FN:51,(anonymous_2)
FN:52,(anonymous_3)
FN:78,(anonymous_4)
FN:81,(anonymous_5)
FN:91,(anonymous_6)
FN:98,(anonymous_7)
FN:102,(anonymous_8)
FN:106,(anonymous_9)
FN:110,(anonymous_10)
FN:119,(anonymous_11)
FN:129,(anonymous_12)
FN:136,(anonymous_13)
FN:144,getEventBus
FNF:15
FNH:15
FNDA:26,(anonymous_0)
FNDA:1270,(anonymous_1)
FNDA:148,(anonymous_2)
FNDA:2691,(anonymous_3)
FNDA:1,(anonymous_4)
FNDA:1,(anonymous_5)
FNDA:1,(anonymous_6)
FNDA:50,(anonymous_7)
FNDA:3,(anonymous_8)
FNDA:3,(anonymous_9)
FNDA:402,(anonymous_10)
FNDA:3,(anonymous_11)
FNDA:1370,(anonymous_12)
FNDA:1,(anonymous_13)
FNDA:196,getEventBus
DA:4,12
DA:12,26
DA:13,26
DA:14,26
DA:15,26
DA:25,1270
DA:33,1270
DA:34,1270
DA:35,14
DA:38,1270
DA:39,1270
DA:42,1270
DA:52,148
DA:53,2691
DA:54,2691
DA:56,1
DA:58,1
DA:67,148
DA:70,148
DA:71,32
DA:73,148
DA:75,148
DA:78,148
DA:79,1
DA:80,1
DA:81,1
DA:82,1
DA:83,1
DA:92,1
DA:99,50
DA:101,50
DA:102,3
DA:105,50
DA:106,3
DA:109,50
DA:110,402
DA:113,50
DA:120,3
DA:121,3
DA:123,0
DA:130,1370
DA:137,1
DA:142,12
DA:145,196
DA:146,11
DA:148,196
LF:46
LH:45
BRDA:34,0,0,14
BRDA:34,0,1,1256
BRDA:70,1,0,32
BRDA:70,1,1,116
BRDA:82,2,0,1
BRDA:82,2,1,0
BRDA:98,3,0,5
BRDA:101,4,0,1
BRDA:101,4,1,49
BRDA:105,5,0,1
BRDA:105,5,1,49
BRDA:109,6,0,43
BRDA:109,6,1,7
BRDA:119,7,0,0
BRDA:120,8,0,3
BRDA:120,8,1,0
BRDA:121,9,0,3
BRDA:121,9,1,0
BRDA:145,10,0,11
BRDA:145,10,1,185
BRF:20
BRH:16
end_of_record
TN:
SF:event-bus/EnhancedEventBus.js
FN:33,(anonymous_0)
FN:77,(anonymous_1)
FN:95,(anonymous_2)
FN:98,(anonymous_3)
FN:106,(anonymous_4)
FN:116,(anonymous_5)
FN:148,(anonymous_6)
FN:182,(anonymous_7)
FN:222,(anonymous_8)
FN:229,(anonymous_9)
FN:241,(anonymous_10)
FN:245,(anonymous_11)
FN:247,(anonymous_12)
FN:256,(anonymous_13)
FN:262,(anonymous_14)
FN:287,(anonymous_15)
FN:308,(anonymous_16)
FN:309,(anonymous_17)
FN:352,(anonymous_18)
FN:355,(anonymous_19)
FN:365,(anonymous_20)
FN:376,(anonymous_21)
FN:384,(anonymous_22)
FN:386,(anonymous_23)
FN:398,(anonymous_24)
FN:427,(anonymous_25)
FN:438,(anonymous_26)
FN:460,(anonymous_27)
FN:468,(anonymous_28)
FN:473,(anonymous_29)
FN:474,(anonymous_30)
FN:491,(anonymous_31)
FN:495,(anonymous_32)
FN:499,(anonymous_33)
FN:503,(anonymous_34)
FN:507,(anonymous_35)
FN:516,(anonymous_36)
FN:526,(anonymous_37)
FN:530,(anonymous_38)
FN:539,(anonymous_39)
FN:545,(anonymous_40)
FN:547,(anonymous_41)
FN:554,(anonymous_42)
FN:561,(anonymous_43)
FN:568,(anonymous_44)
FN:589,getEnhancedEventBus
FN:599,resetEnhancedEventBus
FNF:47
FNH:38
FNDA:25,(anonymous_0)
FNDA:24,(anonymous_1)
FNDA:25,(anonymous_2)
FNDA:100,(anonymous_3)
FNDA:26,(anonymous_4)
FNDA:102,(anonymous_5)
FNDA:24,(anonymous_6)
FNDA:27,(anonymous_7)
FNDA:1,(anonymous_8)
FNDA:1,(anonymous_9)
FNDA:4,(anonymous_10)
FNDA:4,(anonymous_11)
FNDA:1,(anonymous_12)
FNDA:2,(anonymous_13)
FNDA:1,(anonymous_14)
FNDA:3,(anonymous_15)
FNDA:17,(anonymous_16)
FNDA:13,(anonymous_17)
FNDA:1,(anonymous_18)
FNDA:1,(anonymous_19)
FNDA:2,(anonymous_20)
FNDA:3,(anonymous_21)
FNDA:1,(anonymous_22)
FNDA:1,(anonymous_23)
FNDA:3,(anonymous_24)
FNDA:0,(anonymous_25)
FNDA:0,(anonymous_26)
FNDA:0,(anonymous_27)
FNDA:0,(anonymous_28)
FNDA:0,(anonymous_29)
FNDA:0,(anonymous_30)
FNDA:4,(anonymous_31)
FNDA:3,(anonymous_32)
FNDA:0,(anonymous_33)
FNDA:0,(anonymous_34)
FNDA:2,(anonymous_35)
FNDA:2,(anonymous_36)
FNDA:3,(anonymous_37)
FNDA:45,(anonymous_38)
FNDA:2,(anonymous_39)
FNDA:1,(anonymous_40)
FNDA:0,(anonymous_41)
FNDA:34,(anonymous_42)
FNDA:1,(anonymous_43)
FNDA:25,(anonymous_44)
FNDA:2,getEnhancedEventBus
FNDA:49,resetEnhancedEventBus
DA:5,1
DA:10,1
DA:21,1
DA:34,25
DA:35,25
DA:36,25
DA:37,25
DA:40,25
DA:49,25
DA:50,25
DA:53,25
DA:54,25
DA:55,25
DA:58,25
DA:59,25
DA:62,25
DA:65,25
DA:78,24
DA:79,0
DA:80,0
DA:83,0
DA:87,24
DA:89,24
DA:96,25
DA:98,25
DA:99,100
DA:107,26
DA:108,25
DA:109,25
DA:117,102
DA:118,102
DA:120,102
DA:122,102
DA:129,510
DA:130,510
DA:131,24
DA:132,24
DA:136,24
DA:140,102
DA:149,24
DA:151,24
DA:154,24
DA:157,24
DA:158,24
DA:159,0
DA:162,24
DA:165,24
DA:166,0
DA:170,0
DA:183,27
DA:184,27
DA:186,27
DA:195,27
DA:196,0
DA:200,27
DA:201,27
DA:202,27
DA:205,0
DA:208,27
DA:209,27
DA:212,27
DA:213,2
DA:216,27
DA:223,1
DA:230,1
DA:242,4
DA:243,4
DA:245,4
DA:247,4
DA:248,1
DA:249,1
DA:250,1
DA:254,4
DA:257,2
DA:258,2
DA:259,2
DA:260,2
DA:263,1
DA:264,1
DA:265,1
DA:271,4
DA:277,4
DA:288,3
DA:289,3
DA:290,0
DA:291,0
DA:294,3
DA:295,1
DA:297,2
DA:309,17
DA:310,13
DA:312,13
DA:313,3
DA:314,3
DA:317,2
DA:318,2
DA:321,10
DA:324,2
DA:327,2
DA:328,1
DA:332,2
DA:341,17
DA:344,17
DA:345,15
DA:347,17
DA:349,17
DA:352,17
DA:353,1
DA:354,1
DA:355,1
DA:356,1
DA:357,1
DA:366,2
DA:377,3
DA:378,2
DA:381,3
DA:382,3
DA:384,3
DA:385,1
DA:386,1
DA:387,1
DA:388,1
DA:399,3
DA:401,3
DA:408,3
DA:410,3
DA:411,3
DA:412,3
DA:414,0
DA:419,3
DA:428,0
DA:439,0
DA:441,0
DA:442,0
DA:453,0
DA:461,0
DA:462,0
DA:469,0
DA:471,0
DA:472,0
DA:473,0
DA:474,0
DA:476,0
DA:477,0
DA:479,0
DA:480,0
DA:481,0
DA:492,4
DA:494,4
DA:495,3
DA:498,4
DA:499,0
DA:502,4
DA:503,0
DA:506,4
DA:507,2
DA:510,4
DA:517,2
DA:518,1
DA:520,1
DA:527,3
DA:528,3
DA:529,15
DA:530,45
DA:531,15
DA:533,3
DA:540,2
DA:545,1
DA:547,0
DA:555,34
DA:562,1
DA:569,25
DA:572,25
DA:573,0
DA:575,25
DA:577,25
DA:582,1
DA:590,2
DA:591,1
DA:593,2
DA:600,49
DA:601,1
DA:602,1
LF:183
LH:151
BRDA:33,0,0,0
BRDA:37,1,0,25
BRDA:37,1,1,25
BRDA:50,2,0,25
BRDA:50,2,1,25
BRDA:78,3,0,0
BRDA:78,3,1,24
BRDA:96,4,0,0
BRDA:96,4,1,25
BRDA:107,5,0,25
BRDA:107,5,1,1
BRDA:117,6,0,0
BRDA:117,6,1,102
BRDA:136,7,0,14
BRDA:136,7,1,10
BRDA:158,8,0,0
BRDA:158,8,1,24
BRDA:165,9,0,0
BRDA:165,9,1,24
BRDA:165,10,0,24
BRDA:165,10,1,0
BRDA:182,11,0,12
BRDA:183,12,0,27
BRDA:183,12,1,12
BRDA:184,13,0,27
BRDA:184,13,1,27
BRDA:195,14,0,0
BRDA:195,14,1,27
BRDA:195,15,0,27
BRDA:195,15,1,0
BRDA:201,16,0,27
BRDA:201,16,1,0
BRDA:212,17,0,2
BRDA:212,17,1,25
BRDA:241,18,0,2
BRDA:242,19,0,4
BRDA:242,19,1,2
BRDA:275,20,0,4
BRDA:275,20,1,4
BRDA:287,21,0,2
BRDA:289,22,0,0
BRDA:289,22,1,3
BRDA:294,23,0,1
BRDA:294,23,1,2
BRDA:312,24,0,3
BRDA:312,24,1,10
BRDA:317,25,0,2
BRDA:317,25,1,0
BRDA:327,26,0,1
BRDA:327,26,1,1
BRDA:344,27,0,15
BRDA:344,27,1,2
BRDA:356,28,0,1
BRDA:356,28,1,0
BRDA:377,29,0,2
BRDA:377,29,1,1
BRDA:387,30,0,1
BRDA:387,30,1,0
BRDA:399,31,0,3
BRDA:399,31,1,0
BRDA:439,32,0,0
BRDA:439,32,1,0
BRDA:461,33,0,0
BRDA:461,33,1,0
BRDA:469,34,0,0
BRDA:469,34,1,0
BRDA:474,35,0,0
BRDA:474,35,1,0
BRDA:476,36,0,0
BRDA:476,36,1,0
BRDA:480,37,0,0
BRDA:480,37,1,0
BRDA:491,38,0,2
BRDA:494,39,0,1
BRDA:494,39,1,3
BRDA:498,40,0,0
BRDA:498,40,1,4
BRDA:502,41,0,0
BRDA:502,41,1,4
BRDA:506,42,0,1
BRDA:506,42,1,3
BRDA:516,43,0,1
BRDA:517,44,0,1
BRDA:517,44,1,1
BRDA:518,45,0,1
BRDA:518,45,1,0
BRDA:529,46,0,15
BRDA:529,46,1,0
BRDA:589,47,0,0
BRDA:590,48,0,1
BRDA:590,48,1,1
BRDA:600,49,0,1
BRDA:600,49,1,48
BRF:93
BRH:61
end_of_record
TN:
SF:event-bus/eventTypes.js
FNF:0
FNH:0
DA:5,10
LF:1
LH:1
BRF:0
BRH:0
end_of_record
TN:
SF:event-bus/index.js
FNF:0
FNH:0
LF:0
LH:0
BRF:0
BRH:0
end_of_record
TN:
SF:health-monitor/HealthMonitor.js
FN:23,(anonymous_0)
FN:36,(anonymous_1)
FN:44,(anonymous_2)
FN:51,(anonymous_3)
FN:59,(anonymous_4)
FN:70,(anonymous_5)
FN:86,(anonymous_6)
FN:103,(anonymous_7)
FN:198,(anonymous_8)
FN:262,(anonymous_9)
FN:266,(anonymous_10)
FN:273,(anonymous_11)
FN:281,(anonymous_12)
FN:288,(anonymous_13)
FN:295,(anonymous_14)
FN:308,(anonymous_15)
FN:314,(anonymous_16)
FN:315,(anonymous_17)
FN:316,(anonymous_18)
FN:317,(anonymous_19)
FN:319,(anonymous_20)
FN:328,getHealthMonitor
FNF:22
FNH:21
FNDA:14,(anonymous_0)
FNDA:14,(anonymous_1)
FNDA:1,(anonymous_2)
FNDA:0,(anonymous_3)
FNDA:15,(anonymous_4)
FNDA:8,(anonymous_5)
FNDA:13,(anonymous_6)
FNDA:16,(anonymous_7)
FNDA:9,(anonymous_8)
FNDA:26,(anonymous_9)
FNDA:104,(anonymous_10)
FNDA:1,(anonymous_11)
FNDA:2,(anonymous_12)
FNDA:2,(anonymous_13)
FNDA:1,(anonymous_14)
FNDA:1,(anonymous_15)
FNDA:2,(anonymous_16)
FNDA:2,(anonymous_17)
FNDA:2,(anonymous_18)
FNDA:2,(anonymous_19)
FNDA:2,(anonymous_20)
FNDA:4,getHealthMonitor
DA:6,2
DA:11,2
DA:24,14
DA:25,14
DA:26,14
DA:27,14
DA:28,14
DA:29,14
DA:37,14
DA:38,14
DA:45,1
DA:48,1
DA:51,1
DA:52,0
DA:60,15
DA:61,1
DA:62,1
DA:63,1
DA:71,8
DA:72,8
DA:79,8
DA:81,8
DA:82,13
DA:86,8
DA:87,13
DA:91,8
DA:96,8
DA:97,8
DA:104,16
DA:113,16
DA:114,0
DA:115,0
DA:116,0
DA:120,16
DA:121,16
DA:126,16
DA:127,4
DA:128,12
DA:129,0
DA:133,16
DA:134,16
DA:139,16
DA:140,1
DA:144,16
DA:145,16
DA:150,16
DA:151,0
DA:155,16
DA:156,16
DA:157,16
DA:162,16
DA:163,4
DA:167,16
DA:168,1
DA:169,1
DA:170,1
DA:171,1
DA:172,1
DA:175,0
DA:176,0
DA:181,16
DA:184,16
DA:185,11
DA:186,5
DA:187,4
DA:189,1
DA:192,16
DA:199,9
DA:207,9
DA:208,9
DA:211,9
DA:215,9
DA:216,2
DA:220,9
DA:221,9
DA:226,9
DA:227,0
DA:231,9
DA:232,9
DA:238,9
DA:239,9
DA:245,9
DA:248,9
DA:249,7
DA:250,2
DA:251,2
DA:253,0
DA:256,9
DA:263,26
DA:264,26
DA:266,104
DA:267,26
DA:274,1
DA:275,1
DA:282,2
DA:289,2
DA:296,1
DA:297,1
DA:298,2
DA:299,0
DA:302,1
DA:309,1
DA:310,1
DA:312,1
DA:314,2
DA:315,2
DA:316,2
DA:317,2
DA:319,2
DA:326,2
DA:329,4
DA:330,2
DA:332,4
LF:113
LH:102
BRDA:36,0,0,0
BRDA:37,1,0,14
BRDA:37,1,1,0
BRDA:60,2,0,1
BRDA:60,2,1,14
BRDA:79,3,0,8
BRDA:79,3,1,0
BRDA:113,4,0,0
BRDA:113,4,1,16
BRDA:120,5,0,16
BRDA:120,5,1,12
BRDA:126,6,0,4
BRDA:126,6,1,12
BRDA:128,7,0,0
BRDA:128,7,1,12
BRDA:133,8,0,16
BRDA:133,8,1,8
BRDA:139,9,0,1
BRDA:139,9,1,15
BRDA:144,10,0,16
BRDA:144,10,1,5
BRDA:150,11,0,0
BRDA:150,11,1,16
BRDA:155,12,0,16
BRDA:155,12,1,12
BRDA:158,13,0,16
BRDA:158,13,1,4
BRDA:162,14,0,4
BRDA:162,14,1,12
BRDA:162,15,0,16
BRDA:162,15,1,4
BRDA:167,16,0,1
BRDA:167,16,1,15
BRDA:171,17,0,1
BRDA:171,17,1,0
BRDA:172,18,0,1
BRDA:172,18,1,0
BRDA:184,19,0,11
BRDA:184,19,1,5
BRDA:184,20,0,16
BRDA:184,20,1,12
BRDA:186,21,0,4
BRDA:186,21,1,1
BRDA:186,22,0,5
BRDA:186,22,1,4
BRDA:207,23,0,9
BRDA:207,23,1,0
BRDA:215,24,0,2
BRDA:215,24,1,7
BRDA:226,25,0,0
BRDA:226,25,1,9
BRDA:248,26,0,7
BRDA:248,26,1,2
BRDA:248,27,0,9
BRDA:248,27,1,7
BRDA:250,28,0,2
BRDA:250,28,1,0
BRDA:264,29,0,0
BRDA:264,29,1,26
BRDA:298,30,0,0
BRDA:298,30,1,2
BRDA:318,31,0,1
BRDA:318,31,1,0
BRDA:329,32,0,2
BRDA:329,32,1,2
BRF:65
BRH:51
end_of_record
TN:
SF:health-monitor/index.js
FNF:0
FNH:0
LF:0
LH:0
BRF:0
BRH:0
end_of_record
TN:
SF:memory-store/DecisionLogger.js
FN:57,(anonymous_0)
FN:68,(anonymous_1)
FN:83,(anonymous_2)
FN:100,(anonymous_3)
FN:147,(anonymous_4)
FN:182,(anonymous_5)
FN:203,(anonymous_6)
FN:219,(anonymous_7)
FN:227,(anonymous_8)
FN:231,(anonymous_9)
FN:235,(anonymous_10)
FN:239,(anonymous_11)
FN:243,(anonymous_12)
FN:247,(anonymous_13)
FN:262,(anonymous_14)
FN:275,(anonymous_15)
FN:276,(anonymous_16)
FN:292,(anonymous_17)
FN:306,(anonymous_18)
FN:327,(anonymous_19)
FN:371,(anonymous_20)
FN:373,(anonymous_21)
FN:386,(anonymous_22)
FN:400,(anonymous_23)
FN:408,(anonymous_24)
FN:450,(anonymous_25)
FN:462,getDecisionLogger
FN:472,resetDecisionLogger
FNF:28
FNH:21
FNDA:16,(anonymous_0)
FNDA:0,(anonymous_1)
FNDA:42,(anonymous_2)
FNDA:24,(anonymous_3)
FNDA:5,(anonymous_4)
FNDA:0,(anonymous_5)
FNDA:4,(anonymous_6)
FNDA:5,(anonymous_7)
FNDA:5,(anonymous_8)
FNDA:3,(anonymous_9)
FNDA:1,(anonymous_10)
FNDA:0,(anonymous_11)
FNDA:0,(anonymous_12)
FNDA:5,(anonymous_13)
FNDA:2,(anonymous_14)
FNDA:4,(anonymous_15)
FNDA:0,(anonymous_16)
FNDA:1,(anonymous_17)
FNDA:0,(anonymous_18)
FNDA:1,(anonymous_19)
FNDA:2,(anonymous_20)
FNDA:1,(anonymous_21)
FNDA:29,(anonymous_22)
FNDA:3,(anonymous_23)
FNDA:1,(anonymous_24)
FNDA:24,(anonymous_25)
FNDA:0,getDecisionLogger
FNDA:32,resetDecisionLogger
DA:5,1
DA:10,1
DA:43,1
DA:58,16
DA:59,16
DA:60,16
DA:61,16
DA:62,16
DA:69,0
DA:71,0
DA:72,0
DA:74,0
DA:76,0
DA:77,0
DA:84,42
DA:85,0
DA:101,24
DA:103,24
DA:117,24
DA:124,24
DA:127,24
DA:130,24
DA:136,24
DA:138,24
DA:148,5
DA:150,5
DA:152,5
DA:153,0
DA:154,0
DA:157,5
DA:158,5
DA:159,5
DA:160,5
DA:162,5
DA:165,5
DA:168,5
DA:169,0
DA:173,5
DA:175,5
DA:183,0
DA:204,4
DA:205,4
DA:220,5
DA:222,5
DA:223,5
DA:226,5
DA:227,5
DA:230,5
DA:231,3
DA:234,5
DA:235,1
DA:238,5
DA:239,0
DA:242,5
DA:243,0
DA:247,5
DA:250,5
DA:251,3
DA:254,5
DA:263,2
DA:265,2
DA:266,2
DA:268,2
DA:270,2
DA:273,2
DA:274,2
DA:275,4
DA:276,0
DA:278,2
DA:279,1
DA:280,1
DA:283,2
DA:293,1
DA:296,1
DA:299,1
DA:305,1
DA:306,1
DA:307,0
DA:308,0
DA:312,1
DA:328,1
DA:333,1
DA:342,1
DA:343,1
DA:345,1
DA:347,2
DA:350,2
DA:353,2
DA:354,1
DA:355,1
DA:359,1
DA:360,1
DA:363,1
DA:372,2
DA:373,2
DA:374,1
DA:375,1
DA:376,1
DA:387,29
DA:388,2
DA:389,2
DA:391,0
DA:401,3
DA:409,1
DA:411,1
DA:412,1
DA:414,1
DA:423,1
DA:424,1
DA:426,1
DA:427,1
DA:428,1
DA:429,1
DA:431,1
DA:432,1
DA:433,1
DA:434,1
DA:439,1
DA:440,1
DA:443,1
DA:451,24
DA:456,1
DA:463,0
DA:464,0
DA:466,0
DA:473,32
LF:126
LH:106
BRDA:69,0,0,0
BRDA:69,0,1,0
BRDA:84,1,0,0
BRDA:84,1,1,42
BRDA:106,2,0,24
BRDA:106,2,1,0
BRDA:109,3,0,24
BRDA:109,3,1,21
BRDA:112,4,0,24
BRDA:112,4,1,23
BRDA:113,5,0,24
BRDA:113,5,1,24
BRDA:147,6,0,4
BRDA:152,7,0,0
BRDA:152,7,1,5
BRDA:168,8,0,0
BRDA:168,8,1,5
BRDA:168,9,0,5
BRDA:168,9,1,4
BRDA:219,10,0,0
BRDA:226,11,0,2
BRDA:226,11,1,3
BRDA:230,12,0,1
BRDA:230,12,1,4
BRDA:234,13,0,1
BRDA:234,13,1,4
BRDA:238,14,0,0
BRDA:238,14,1,5
BRDA:242,15,0,0
BRDA:242,15,1,5
BRDA:250,16,0,3
BRDA:250,16,1,2
BRDA:268,17,0,0
BRDA:268,17,1,2
BRDA:305,18,0,1
BRDA:305,18,1,0
BRDA:308,19,0,0
BRDA:308,19,1,0
BRDA:327,20,0,1
BRDA:330,21,0,1
BRDA:330,21,1,1
BRDA:347,22,0,2
BRDA:347,22,1,1
BRDA:350,23,0,2
BRDA:350,23,1,2
BRDA:353,24,0,1
BRDA:353,24,1,1
BRDA:359,25,0,1
BRDA:359,25,1,0
BRDA:375,26,0,1
BRDA:375,26,1,0
BRDA:427,27,0,1
BRDA:427,27,1,1
BRDA:428,28,0,1
BRDA:428,28,1,1
BRDA:429,29,0,1
BRDA:429,29,1,1
BRDA:431,30,0,1
BRDA:431,30,1,0
BRDA:433,31,0,1
BRDA:433,31,1,0
BRDA:439,32,0,1
BRDA:439,32,1,0
BRDA:463,33,0,0
BRDA:463,33,1,0
BRF:65
BRH:45
end_of_record
TN:
SF:memory-store/MemoryStore.js
FN:26,(anonymous_0)
FN:44,(anonymous_1)
FN:128,(anonymous_2)
FN:145,(anonymous_3)
FN:185,(anonymous_4)
FN:224,(anonymous_5)
FN:244,(anonymous_6)
FN:254,(anonymous_7)
FN:260,(anonymous_8)
FN:261,(anonymous_9)
FN:266,(anonymous_10)
FN:274,(anonymous_11)
FN:309,(anonymous_12)
FN:334,(anonymous_13)
FN:346,(anonymous_14)
FN:355,(anonymous_15)
FN:367,(anonymous_16)
FN:380,(anonymous_17)
FN:426,(anonymous_18)
FN:470,(anonymous_19)
FN:488,(anonymous_20)
FN:504,(anonymous_21)
FN:530,(anonymous_22)
FN:556,(anonymous_23)
FN:582,(anonymous_24)
FN:618,(anonymous_25)
FN:636,getMemoryStore
FN:646,resetMemoryStore
FNF:28
FNH:25
FNDA:35,(anonymous_0)
FNDA:34,(anonymous_1)
FNDA:103,(anonymous_2)
FNDA:52,(anonymous_3)
FNDA:23,(anonymous_4)
FNDA:1,(anonymous_5)
FNDA:2,(anonymous_6)
FNDA:3,(anonymous_7)
FNDA:5,(anonymous_8)
FNDA:3,(anonymous_9)
FNDA:0,(anonymous_10)
FNDA:9,(anonymous_11)
FNDA:1,(anonymous_12)
FNDA:1,(anonymous_13)
FNDA:1,(anonymous_14)
FNDA:1,(anonymous_15)
FNDA:1,(anonymous_16)
FNDA:4,(anonymous_17)
FNDA:6,(anonymous_18)
FNDA:0,(anonymous_19)
FNDA:3,(anonymous_20)
FNDA:2,(anonymous_21)
FNDA:0,(anonymous_22)
FNDA:1,(anonymous_23)
FNDA:1,(anonymous_24)
FNDA:35,(anonymous_25)
FNDA:2,getMemoryStore
FNDA:156,resetMemoryStore
DA:5,4
DA:10,4
DA:27,35
DA:28,35
DA:29,35
DA:30,35
DA:31,35
DA:34,35
DA:35,35
DA:36,0
DA:45,34
DA:47,34
DA:48,34
DA:49,34
DA:50,34
DA:51,34
DA:55,0
DA:56,0
DA:59,0
DA:62,0
DA:79,0
DA:99,0
DA:116,0
DA:117,0
DA:119,0
DA:120,0
DA:121,0
DA:129,103
DA:130,0
DA:146,52
DA:148,52
DA:149,52
DA:150,52
DA:151,52
DA:153,52
DA:154,52
DA:155,52
DA:162,52
DA:165,0
DA:175,0
DA:176,0
DA:186,23
DA:188,23
DA:190,23
DA:191,23
DA:192,23
DA:193,23
DA:194,18
DA:195,1
DA:196,1
DA:198,17
DA:201,0
DA:206,0
DA:208,0
DA:211,0
DA:212,0
DA:213,0
DA:216,0
DA:225,1
DA:227,1
DA:228,1
DA:229,1
DA:230,1
DA:233,0
DA:234,0
DA:235,0
DA:245,2
DA:246,2
DA:255,3
DA:257,3
DA:258,3
DA:259,3
DA:260,5
DA:261,3
DA:264,0
DA:265,0
DA:266,0
DA:275,9
DA:277,9
DA:279,9
DA:280,9
DA:281,9
DA:282,9
DA:283,19
DA:284,19
DA:285,19
DA:289,9
DA:292,0
DA:297,0
DA:298,0
DA:299,0
DA:300,0
DA:302,0
DA:310,1
DA:312,1
DA:313,1
DA:314,1
DA:315,3
DA:316,2
DA:319,1
DA:322,0
DA:323,0
DA:324,0
DA:335,1
DA:347,1
DA:356,1
DA:368,1
DA:381,4
DA:383,4
DA:385,4
DA:386,4
DA:387,4
DA:397,4
DA:400,0
DA:405,0
DA:415,0
DA:427,6
DA:429,6
DA:430,6
DA:431,6
DA:432,9
DA:433,5
DA:434,5
DA:435,4
DA:441,6
DA:442,5
DA:444,6
DA:447,0
DA:448,0
DA:450,0
DA:451,0
DA:452,0
DA:455,0
DA:456,0
DA:457,0
DA:460,0
DA:462,0
DA:463,0
DA:464,0
DA:467,0
DA:468,0
DA:470,0
DA:489,3
DA:505,2
DA:507,2
DA:515,2
DA:516,2
DA:517,3
DA:520,0
DA:524,0
DA:530,0
DA:543,2
DA:546,2
DA:548,2
DA:557,1
DA:559,1
DA:561,1
DA:562,1
DA:563,3
DA:564,2
DA:567,1
DA:570,0
DA:571,0
DA:573,0
DA:574,0
DA:583,1
DA:585,1
DA:586,1
DA:593,0
DA:599,0
DA:602,0
DA:603,0
DA:606,0
DA:607,0
DA:609,0
DA:610,0
DA:612,0
DA:619,35
DA:620,0
DA:621,0
DA:622,0
DA:623,0
DA:629,4
DA:637,2
DA:638,1
DA:640,2
DA:647,156
DA:648,1
DA:649,1
LF:189
LH:113
BRDA:26,0,0,0
BRDA:27,1,0,35
BRDA:27,1,1,35
BRDA:31,2,0,35
BRDA:31,2,1,0
BRDA:35,3,0,0
BRDA:35,3,1,35
BRDA:35,4,0,35
BRDA:35,4,1,35
BRDA:45,5,0,0
BRDA:45,5,1,34
BRDA:48,6,0,34
BRDA:48,6,1,0
BRDA:129,7,0,0
BRDA:129,7,1,103
BRDA:145,8,0,49
BRDA:150,9,0,0
BRDA:150,9,1,52
BRDA:151,10,0,3
BRDA:151,10,1,49
BRDA:153,11,0,52
BRDA:153,11,1,0
BRDA:190,12,0,23
BRDA:190,12,1,0
BRDA:193,13,0,5
BRDA:193,13,1,18
BRDA:194,14,0,1
BRDA:194,14,1,17
BRDA:194,15,0,18
BRDA:194,15,1,2
BRDA:208,16,0,0
BRDA:208,16,1,0
BRDA:211,17,0,0
BRDA:211,17,1,0
BRDA:211,18,0,0
BRDA:211,18,1,0
BRDA:227,19,0,1
BRDA:227,19,1,0
BRDA:257,20,0,3
BRDA:257,20,1,0
BRDA:279,21,0,9
BRDA:279,21,1,0
BRDA:283,22,0,19
BRDA:283,22,1,0
BRDA:284,23,0,19
BRDA:284,23,1,0
BRDA:284,24,0,19
BRDA:284,24,1,0
BRDA:312,25,0,1
BRDA:312,25,1,0
BRDA:315,26,0,2
BRDA:315,26,1,1
BRDA:380,27,0,4
BRDA:385,28,0,4
BRDA:385,28,1,0
BRDA:392,29,0,4
BRDA:392,29,1,4
BRDA:409,30,0,0
BRDA:409,30,1,0
BRDA:410,31,0,0
BRDA:410,31,1,0
BRDA:426,32,0,0
BRDA:429,33,0,6
BRDA:429,33,1,0
BRDA:432,34,0,5
BRDA:432,34,1,4
BRDA:433,35,0,0
BRDA:433,35,1,5
BRDA:433,36,0,5
BRDA:433,36,1,4
BRDA:434,37,0,1
BRDA:434,37,1,4
BRDA:434,38,0,5
BRDA:434,38,1,4
BRDA:441,39,0,5
BRDA:441,39,1,1
BRDA:450,40,0,0
BRDA:450,40,1,0
BRDA:455,41,0,0
BRDA:455,41,1,0
BRDA:462,42,0,0
BRDA:462,42,1,0
BRDA:515,43,0,2
BRDA:515,43,1,0
BRDA:517,44,0,0
BRDA:517,44,1,3
BRDA:517,45,0,3
BRDA:517,45,1,2
BRDA:517,45,2,0
BRDA:561,46,0,1
BRDA:561,46,1,0
BRDA:563,47,0,2
BRDA:563,47,1,1
BRDA:563,48,0,3
BRDA:563,48,1,2
BRDA:573,49,0,0
BRDA:573,49,1,0
BRDA:585,50,0,1
BRDA:585,50,1,0
BRDA:619,51,0,0
BRDA:619,51,1,35
BRDA:636,52,0,0
BRDA:637,53,0,1
BRDA:637,53,1,1
BRDA:647,54,0,1
BRDA:647,54,1,155
BRF:106
BRH:61
end_of_record
TN:
SF:memory-store/index.js
FNF:0
FNH:0
LF:0
LH:0
BRF:0
BRH:0
end_of_record
TN:
SF:metrics-collector/MetricsCollector.js
FN:12,(anonymous_0)
FN:24,(anonymous_1)
FN:31,(anonymous_2)
FN:42,(anonymous_3)
FN:53,(anonymous_4)
FN:84,(anonymous_5)
FN:120,(anonymous_6)
FN:128,(anonymous_7)
FN:142,(anonymous_8)
FN:163,(anonymous_9)
FN:186,(anonymous_10)
FN:202,(anonymous_11)
FN:220,(anonymous_12)
FN:239,(anonymous_13)
FN:241,(anonymous_14)
FN:246,(anonymous_15)
FN:253,(anonymous_16)
FN:259,(anonymous_17)
FN:274,(anonymous_18)
FN:281,(anonymous_19)
FN:288,(anonymous_20)
FN:292,(anonymous_21)
FN:296,(anonymous_22)
FN:310,getMetricsCollector
FNF:24
FNH:21
FNDA:41,(anonymous_0)
FNDA:22,(anonymous_1)
FNDA:0,(anonymous_2)
FNDA:59,(anonymous_3)
FNDA:33,(anonymous_4)
FNDA:372,(anonymous_5)
FNDA:635,(anonymous_6)
FNDA:636,(anonymous_7)
FNDA:433,(anonymous_8)
FNDA:1299,(anonymous_9)
FNDA:33,(anonymous_10)
FNDA:34,(anonymous_11)
FNDA:117,(anonymous_12)
FNDA:22,(anonymous_13)
FNDA:316,(anonymous_14)
FNDA:307,(anonymous_15)
FNDA:9,(anonymous_16)
FNDA:0,(anonymous_17)
FNDA:10,(anonymous_18)
FNDA:18,(anonymous_19)
FNDA:3,(anonymous_20)
FNDA:2,(anonymous_21)
FNDA:0,(anonymous_22)
FNDA:42,getMetricsCollector
DA:5,6
DA:13,41
DA:14,41
DA:15,41
DA:16,41
DA:17,41
DA:18,41
DA:25,22
DA:28,22
DA:31,22
DA:32,0
DA:36,22
DA:43,59
DA:44,22
DA:45,22
DA:46,22
DA:54,33
DA:55,33
DA:62,33
DA:63,113
DA:67,33
DA:68,33
DA:69,2
DA:73,33
DA:78,33
DA:85,372
DA:86,49
DA:113,49
DA:121,635
DA:122,0
DA:125,635
DA:128,635
DA:129,636
DA:130,3
DA:132,633
DA:136,635
DA:143,433
DA:144,433
DA:147,433
DA:148,433
DA:149,358
DA:151,75
DA:153,433
DA:157,433
DA:163,1299
DA:164,433
DA:167,433
DA:168,433
DA:169,433
DA:173,433
DA:174,75
DA:175,75
DA:176,75
DA:177,75
DA:180,433
DA:187,33
DA:189,33
DA:203,34
DA:205,30
DA:206,30
DA:208,30
DA:209,114
DA:210,114
DA:211,114
DA:214,30
DA:221,117
DA:233,117
DA:241,22
DA:242,316
DA:243,316
DA:246,22
DA:247,307
DA:248,307
DA:249,293
DA:253,22
DA:254,9
DA:255,9
DA:259,22
DA:260,0
DA:261,0
DA:262,0
DA:263,0
DA:264,0
DA:265,0
DA:266,0
DA:275,10
DA:282,18
DA:289,3
DA:291,3
DA:292,2
DA:295,3
DA:296,0
DA:299,3
DA:300,0
DA:303,3
DA:308,6
DA:311,42
DA:312,5
DA:314,42
LF:99
LH:88
BRDA:43,0,0,22
BRDA:43,0,1,37
BRDA:68,1,0,2
BRDA:68,1,1,31
BRDA:85,2,0,49
BRDA:85,2,1,323
BRDA:121,3,0,0
BRDA:121,3,1,635
BRDA:129,4,0,3
BRDA:129,4,1,633
BRDA:129,5,0,636
BRDA:129,5,1,3
BRDA:142,6,0,358
BRDA:144,7,0,0
BRDA:144,7,1,433
BRDA:148,8,0,358
BRDA:148,8,1,75
BRDA:158,9,0,433
BRDA:158,9,1,36
BRDA:160,10,0,433
BRDA:160,10,1,36
BRDA:167,11,0,433
BRDA:167,11,1,36
BRDA:173,12,0,75
BRDA:173,12,1,358
BRDA:173,13,0,433
BRDA:173,13,1,75
BRDA:176,14,0,75
BRDA:176,14,1,9
BRDA:203,15,0,4
BRDA:203,15,1,30
BRDA:214,16,0,30
BRDA:214,16,1,0
BRDA:233,17,0,117
BRDA:233,17,1,64
BRDA:248,18,0,293
BRDA:248,18,1,14
BRDA:255,19,0,9
BRDA:255,19,1,0
BRDA:261,20,0,0
BRDA:261,20,1,0
BRDA:288,21,0,2
BRDA:291,22,0,1
BRDA:291,22,1,2
BRDA:295,23,0,0
BRDA:295,23,1,3
BRDA:299,24,0,0
BRDA:299,24,1,3
BRDA:311,25,0,5
BRDA:311,25,1,37
BRF:50
BRH:42
end_of_record
TN:
SF:metrics-collector/index.js
FNF:0
FNH:0
LF:0
LH:0
BRF:0
BRH:0
end_of_record
TN:
SF:parsers/ASTParser.js
FN:29,(anonymous_0)
FN:53,(anonymous_1)
FN:85,(anonymous_2)
FN:100,(anonymous_3)
FN:103,(anonymous_4)
FN:115,(anonymous_5)
FN:119,(anonymous_6)
FN:123,(anonymous_7)
FN:129,(anonymous_8)
FN:133,(anonymous_9)
FN:139,(anonymous_10)
FN:143,(anonymous_11)
FN:158,(anonymous_12)
FN:162,(anonymous_13)
FN:165,(anonymous_14)
FN:183,(anonymous_15)
FN:187,(anonymous_16)
FN:191,(anonymous_17)
FN:195,(anonymous_18)
FN:212,(anonymous_19)
FN:217,(anonymous_20)
FN:236,(anonymous_21)
FN:238,(anonymous_22)
FN:239,(anonymous_23)
FN:244,(anonymous_24)
FN:253,(anonymous_25)
FN:257,(anonymous_26)
FN:258,(anonymous_27)
FN:277,(anonymous_28)
FN:293,(anonymous_29)
FN:294,(anonymous_30)
FN:295,(anonymous_31)
FN:298,(anonymous_32)
FN:299,(anonymous_33)
FN:300,(anonymous_34)
FN:301,(anonymous_35)
FN:302,(anonymous_36)
FN:303,(anonymous_37)
FN:304,(anonymous_38)
FN:319,(anonymous_39)
FN:331,(anonymous_40)
FN:352,getASTParser
FNF:42
FNH:0
FNDA:0,(anonymous_0)
FNDA:0,(anonymous_1)
FNDA:0,(anonymous_2)
FNDA:0,(anonymous_3)
FNDA:0,(anonymous_4)
FNDA:0,(anonymous_5)
FNDA:0,(anonymous_6)
FNDA:0,(anonymous_7)
FNDA:0,(anonymous_8)
FNDA:0,(anonymous_9)
FNDA:0,(anonymous_10)
FNDA:0,(anonymous_11)
FNDA:0,(anonymous_12)
FNDA:0,(anonymous_13)
FNDA:0,(anonymous_14)
FNDA:0,(anonymous_15)
FNDA:0,(anonymous_16)
FNDA:0,(anonymous_17)
FNDA:0,(anonymous_18)
FNDA:0,(anonymous_19)
FNDA:0,(anonymous_20)
FNDA:0,(anonymous_21)
FNDA:0,(anonymous_22)
FNDA:0,(anonymous_23)
FNDA:0,(anonymous_24)
FNDA:0,(anonymous_25)
FNDA:0,(anonymous_26)
FNDA:0,(anonymous_27)
FNDA:0,(anonymous_28)
FNDA:0,(anonymous_29)
FNDA:0,(anonymous_30)
FNDA:0,(anonymous_31)
FNDA:0,(anonymous_32)
FNDA:0,(anonymous_33)
FNDA:0,(anonymous_34)
FNDA:0,(anonymous_35)
FNDA:0,(anonymous_36)
FNDA:0,(anonymous_37)
FNDA:0,(anonymous_38)
FNDA:0,(anonymous_39)
FNDA:0,(anonymous_40)
FNDA:0,getASTParser
DA:22,0
DA:30,0
DA:31,0
DA:54,0
DA:55,0
DA:57,0
DA:62,0
DA:71,0
DA:72,0
DA:86,0
DA:87,0
DA:88,0
DA:90,0
DA:91,0
DA:101,0
DA:102,0
DA:104,0
DA:107,0
DA:116,0
DA:118,0
DA:120,0
DA:123,0
DA:130,0
DA:133,0
DA:140,0
DA:143,0
DA:150,0
DA:159,0
DA:161,0
DA:163,0
DA:165,0
DA:175,0
DA:184,0
DA:186,0
DA:188,0
DA:191,0
DA:196,0
DA:204,0
DA:213,0
DA:214,0
DA:216,0
DA:218,0
DA:228,0
DA:237,0
DA:238,0
DA:239,0
DA:244,0
DA:254,0
DA:256,0
DA:258,0
DA:259,0
DA:269,0
DA:278,0
DA:281,0
DA:290,0
DA:291,0
DA:293,0
DA:294,0
DA:296,0
DA:298,0
DA:299,0
DA:300,0
DA:301,0
DA:302,0
DA:303,0
DA:305,0
DA:306,0
DA:311,0
DA:320,0
DA:332,0
DA:334,0
DA:350,0
DA:353,0
DA:354,0
DA:356,0
LF:75
LH:0
BRDA:53,0,0,0
BRDA:87,1,0,0
BRDA:87,1,1,0
BRDA:123,2,0,0
BRDA:123,2,1,0
BRDA:132,3,0,0
BRDA:132,3,1,0
BRDA:133,4,0,0
BRDA:133,4,1,0
BRDA:143,5,0,0
BRDA:143,5,1,0
BRDA:244,6,0,0
BRDA:244,6,1,0
BRDA:290,7,0,0
BRDA:290,7,1,0
BRDA:296,8,0,0
BRDA:296,8,1,0
BRDA:305,9,0,0
BRDA:305,9,1,0
BRDA:305,10,0,0
BRDA:305,10,1,0
BRDA:320,11,0,0
BRDA:320,11,1,0
BRDA:320,11,2,0
BRDA:320,11,3,0
BRDA:332,12,0,0
BRDA:332,12,1,0
BRDA:353,13,0,0
BRDA:353,13,1,0
BRF:29
BRH:0
end_of_record
TN:
SF:parsers/index.js
FNF:0
FNH:0
LF:0
LH:0
BRF:0
BRH:0
end_of_record
TN:
SF:rollback-manager/RollbackManager.js
FN:17,(anonymous_0)
FN:26,(anonymous_1)
FN:35,(anonymous_2)
FN:60,(anonymous_3)
FN:63,(anonymous_4)
FN:64,(anonymous_5)
FN:65,(anonymous_6)
FN:73,(anonymous_7)
FN:92,(anonymous_8)
FN:136,(anonymous_9)
FN:150,(anonymous_10)
FN:166,(anonymous_11)
FN:174,(anonymous_12)
FN:188,(anonymous_13)
FN:197,(anonymous_14)
FN:204,(anonymous_15)
FN:208,(anonymous_16)
FN:212,(anonymous_17)
FN:215,(anonymous_18)
FN:221,(anonymous_19)
FN:234,(anonymous_20)
FN:245,getRollbackManager
FNF:22
FNH:20
FNDA:4,(anonymous_0)
FNDA:23,(anonymous_1)
FNDA:19,(anonymous_2)
FNDA:19,(anonymous_3)
FNDA:19,(anonymous_4)
FNDA:19,(anonymous_5)
FNDA:19,(anonymous_6)
FNDA:0,(anonymous_7)
FNDA:2,(anonymous_8)
FNDA:1,(anonymous_9)
FNDA:1,(anonymous_10)
FNDA:29,(anonymous_11)
FNDA:8,(anonymous_12)
FNDA:19,(anonymous_13)
FNDA:3,(anonymous_14)
FNDA:3,(anonymous_15)
FNDA:4,(anonymous_16)
FNDA:18,(anonymous_17)
FNDA:7,(anonymous_18)
FNDA:1,(anonymous_19)
FNDA:0,(anonymous_20)
FNDA:26,getRollbackManager
DA:9,4
DA:10,4
DA:18,4
DA:19,4
DA:20,4
DA:28,23
DA:29,23
DA:36,19
DA:37,19
DA:39,19
DA:50,19
DA:51,19
DA:53,19
DA:54,19
DA:61,19
DA:62,19
DA:63,19
DA:64,19
DA:65,19
DA:69,19
DA:70,19
DA:71,19
DA:72,17
DA:73,0
DA:77,17
DA:84,2
DA:85,2
DA:93,2
DA:95,2
DA:96,2
DA:97,0
DA:100,2
DA:102,2
DA:104,2
DA:105,1
DA:109,2
DA:110,2
DA:111,2
DA:112,2
DA:114,2
DA:117,2
DA:124,2
DA:125,2
DA:128,0
DA:129,0
DA:137,1
DA:139,1
DA:140,1
DA:143,1
DA:144,0
DA:145,0
DA:149,1
DA:150,1
DA:152,1
DA:153,0
DA:154,0
DA:158,0
DA:159,0
DA:167,29
DA:168,29
DA:175,8
DA:176,8
DA:178,8
DA:179,8
DA:180,8
DA:182,8
DA:189,19
DA:190,19
DA:191,19
DA:198,3
DA:205,3
DA:207,3
DA:208,4
DA:211,3
DA:212,18
DA:215,7
DA:222,1
DA:223,1
DA:225,1
DA:226,5
DA:227,2
DA:231,1
DA:232,2
DA:233,2
DA:234,2
DA:237,1
DA:238,1
DA:243,4
DA:246,26
DA:247,3
DA:249,26
LF:91
LH:81
BRDA:17,0,0,3
BRDA:35,1,0,12
BRDA:70,2,0,19
BRDA:70,2,1,0
BRDA:72,3,0,0
BRDA:72,3,1,17
BRDA:92,4,0,0
BRDA:96,5,0,0
BRDA:96,5,1,2
BRDA:104,6,0,1
BRDA:104,6,1,1
BRDA:143,7,0,0
BRDA:143,7,1,1
BRDA:152,8,0,0
BRDA:152,8,1,1
BRDA:176,9,0,0
BRDA:176,9,1,8
BRDA:204,10,0,0
BRDA:207,11,0,1
BRDA:207,11,1,2
BRDA:211,12,0,2
BRDA:211,12,1,1
BRDA:221,13,0,0
BRDA:226,14,0,2
BRDA:226,14,1,3
BRDA:226,15,0,5
BRDA:226,15,1,2
BRDA:246,16,0,3
BRDA:246,16,1,23
BRF:29
BRH:20
end_of_record
TN:
SF:rollback-manager/index.js
FNF:0
FNH:0
LF:0
LH:0
BRF:0
BRH:0
end_of_record
TN:
SF:state-machine/StateMachine.js
FN:45,(anonymous_0)
FN:82,(anonymous_1)
FN:102,(anonymous_2)
FN:112,(anonymous_3)
FN:121,(anonymous_4)
FN:130,(anonymous_5)
FN:151,(anonymous_6)
FN:263,(anonymous_7)
FN:280,(anonymous_8)
FN:286,(anonymous_9)
FN:299,(anonymous_10)
FN:305,(anonymous_11)
FN:317,(anonymous_12)
FN:319,(anonymous_13)
FN:328,(anonymous_14)
FN:342,(anonymous_15)
FN:356,(anonymous_16)
FN:371,(anonymous_17)
FN:391,(anonymous_18)
FN:414,(anonymous_19)
FN:444,(anonymous_20)
FN:468,(anonymous_21)
FN:498,(anonymous_22)
FN:517,(anonymous_23)
FN:525,(anonymous_24)
FN:543,createAgentStateMachine
FN:609,getStateMachine
FN:621,removeStateMachine
FN:629,getAllStateMachines
FN:636,clearStateMachines
FNF:30
FNH:25
FNDA:32,(anonymous_0)
FNDA:21,(anonymous_1)
FNDA:26,(anonymous_2)
FNDA:7,(anonymous_3)
FNDA:2,(anonymous_4)
FNDA:29,(anonymous_5)
FNDA:26,(anonymous_6)
FNDA:25,(anonymous_7)
FNDA:2,(anonymous_8)
FNDA:1,(anonymous_9)
FNDA:1,(anonymous_10)
FNDA:0,(anonymous_11)
FNDA:1,(anonymous_12)
FNDA:0,(anonymous_13)
FNDA:24,(anonymous_14)
FNDA:24,(anonymous_15)
FNDA:24,(anonymous_16)
FNDA:3,(anonymous_17)
FNDA:2,(anonymous_18)
FNDA:2,(anonymous_19)
FNDA:0,(anonymous_20)
FNDA:0,(anonymous_21)
FNDA:2,(anonymous_22)
FNDA:1,(anonymous_23)
FNDA:1,(anonymous_24)
FNDA:28,createAgentStateMachine
FNDA:10,getStateMachine
FNDA:1,removeStateMachine
FNDA:0,getAllStateMachines
FNDA:59,clearStateMachines
DA:5,1
DA:10,1
DA:24,1
DA:46,32
DA:47,32
DA:48,32
DA:49,32
DA:50,32
DA:51,32
DA:54,32
DA:57,32
DA:58,32
DA:61,32
DA:62,32
DA:63,32
DA:66,32
DA:67,32
DA:70,32
DA:71,32
DA:72,32
DA:75,32
DA:76,32
DA:83,21
DA:85,21
DA:87,21
DA:88,0
DA:89,0
DA:92,0
DA:95,21
DA:96,21
DA:103,26
DA:104,0
DA:113,7
DA:122,2
DA:132,29
DA:133,29
DA:135,29
DA:136,0
DA:139,29
DA:152,26
DA:154,26
DA:157,26
DA:158,1
DA:159,1
DA:168,25
DA:171,25
DA:172,2
DA:173,2
DA:174,2
DA:175,1
DA:176,1
DA:184,0
DA:185,0
DA:195,24
DA:198,24
DA:199,24
DA:200,24
DA:201,24
DA:204,24
DA:205,6
DA:209,24
DA:216,24
DA:217,24
DA:218,0
DA:222,24
DA:225,24
DA:226,0
DA:227,0
DA:229,0
DA:234,24
DA:237,24
DA:238,0
DA:242,24
DA:250,24
DA:252,24
DA:264,25
DA:265,25
DA:267,25
DA:268,0
DA:271,25
DA:281,2
DA:282,2
DA:284,2
DA:286,2
DA:287,1
DA:288,1
DA:289,1
DA:300,1
DA:301,1
DA:303,1
DA:305,1
DA:306,0
DA:307,0
DA:308,0
DA:318,1
DA:319,1
DA:320,0
DA:321,0
DA:329,24
DA:330,24
DA:331,1
DA:332,1
DA:334,0
DA:343,24
DA:344,24
DA:345,1
DA:346,1
DA:348,0
DA:357,24
DA:358,1
DA:359,1
DA:361,0
DA:372,3
DA:373,3
DA:375,3
DA:392,2
DA:393,1
DA:394,1
DA:398,1
DA:404,1
DA:415,2
DA:417,2
DA:418,2
DA:419,2
DA:420,2
DA:421,2
DA:423,2
DA:424,2
DA:427,2
DA:428,0
DA:431,2
DA:436,2
DA:445,0
DA:447,0
DA:458,0
DA:469,0
DA:471,0
DA:476,0
DA:477,0
DA:478,0
DA:479,0
DA:480,0
DA:481,0
DA:482,0
DA:484,0
DA:485,0
DA:488,0
DA:499,2
DA:518,1
DA:526,1
DA:527,1
DA:529,1
DA:530,0
DA:533,1
DA:544,28
DA:601,1
DA:610,10
DA:611,9
DA:612,9
DA:614,10
DA:622,1
DA:630,0
DA:637,59
LF:163
LH:124
BRDA:47,0,0,32
BRDA:47,0,1,0
BRDA:49,1,0,32
BRDA:49,1,1,32
BRDA:50,2,0,32
BRDA:50,2,1,0
BRDA:54,3,0,32
BRDA:54,3,1,3
BRDA:58,4,0,32
BRDA:58,4,1,32
BRDA:83,5,0,0
BRDA:83,5,1,21
BRDA:87,6,0,0
BRDA:87,6,1,21
BRDA:103,7,0,0
BRDA:103,7,1,26
BRDA:133,8,0,0
BRDA:133,8,1,29
BRDA:135,9,0,0
BRDA:135,9,1,29
BRDA:151,10,0,15
BRDA:157,11,0,1
BRDA:157,11,1,25
BRDA:171,12,0,2
BRDA:171,12,1,23
BRDA:171,13,0,25
BRDA:171,13,1,3
BRDA:174,14,0,1
BRDA:174,14,1,1
BRDA:204,15,0,6
BRDA:204,15,1,18
BRDA:217,16,0,0
BRDA:217,16,1,24
BRDA:225,17,0,0
BRDA:225,17,1,24
BRDA:237,18,0,0
BRDA:237,18,1,24
BRDA:250,19,0,8
BRDA:250,19,1,16
BRDA:265,20,0,0
BRDA:265,20,1,25
BRDA:267,21,0,0
BRDA:267,21,1,25
BRDA:268,22,0,0
BRDA:268,22,1,0
BRDA:281,23,0,2
BRDA:281,23,1,0
BRDA:289,24,0,1
BRDA:289,24,1,0
BRDA:300,25,0,1
BRDA:300,25,1,0
BRDA:308,26,0,0
BRDA:308,26,1,0
BRDA:321,27,0,0
BRDA:321,27,1,0
BRDA:329,28,0,24
BRDA:329,28,1,22
BRDA:343,29,0,24
BRDA:343,29,1,23
BRDA:371,30,0,3
BRDA:372,31,0,0
BRDA:372,31,1,3
BRDA:391,32,0,1
BRDA:391,33,0,2
BRDA:392,34,0,1
BRDA:392,34,1,1
BRDA:414,35,0,1
BRDA:415,36,0,2
BRDA:415,36,1,2
BRDA:419,37,0,2
BRDA:419,37,1,1
BRDA:423,38,0,2
BRDA:423,38,1,0
BRDA:427,39,0,0
BRDA:427,39,1,2
BRDA:445,40,0,0
BRDA:445,40,1,0
BRDA:469,41,0,0
BRDA:469,41,1,0
BRDA:476,42,0,0
BRDA:476,42,1,0
BRDA:479,43,0,0
BRDA:479,43,1,0
BRDA:480,44,0,0
BRDA:480,44,1,0
BRDA:481,45,0,0
BRDA:481,45,1,0
BRDA:482,46,0,0
BRDA:482,46,1,0
BRDA:484,47,0,0
BRDA:484,47,1,0
BRDA:517,48,0,1
BRDA:527,49,0,0
BRDA:527,49,1,1
BRDA:529,50,0,0
BRDA:529,50,1,1
BRDA:543,51,0,0
BRDA:595,52,0,28
BRDA:595,52,1,25
BRDA:609,53,0,0
BRDA:610,54,0,9
BRDA:610,54,1,1
BRF:102
BRH:58
end_of_record
TN:
SF:state-machine/index.js
FNF:0
FNH:0
LF:0
LH:0
BRF:0
BRH:0
end_of_record
